2023-04-12 19:19:07,377 - job0 - Model name: densenet121
2023-04-12 19:19:31,938 - job0 - wrk 0 | in_comm | 43.68 ms
2023-04-12 19:19:31,938 - job0 - wrk 0 | out_comm | 0.00 ms
2023-04-12 19:19:31,945 - job0 - wrk 1 | in_comm | 178.83 ms
2023-04-12 19:19:31,945 - job0 - wrk 1 | out_comm | 0.00 ms
2023-04-12 19:19:31,946 - job0 - wrk 2 | in_comm | 135.00 ms
2023-04-12 19:19:31,946 - job0 - wrk 2 | out_comm | 0.00 ms
2023-04-12 19:19:31,946 - job0 - wrk 3 | in_comm | 128.52 ms
2023-04-12 19:19:31,946 - job0 - wrk 3 | out_comm | 0.00 ms
2023-04-12 19:19:31,946 - job0 - wrk 4 | in_comm | 148.47 ms
2023-04-12 19:19:31,947 - job0 - wrk 4 | out_comm | 0.00 ms
2023-04-12 19:19:31,947 - job0 - wrk 5 | in_comm | 201.25 ms
2023-04-12 19:19:31,947 - job0 - wrk 5 | out_comm | 0.00 ms
2023-04-12 19:19:31,947 - job0 - wrk 6 | in_comm | 229.79 ms
2023-04-12 19:19:31,947 - job0 - wrk 6 | out_comm | 0.00 ms
2023-04-12 19:19:31,948 - job0 - wrk 7 | in_comm | 49.87 ms
2023-04-12 19:19:31,948 - job0 - wrk 7 | out_comm | 0.00 ms
2023-04-12 19:19:31,948 - job0 - ps sending param
2023-04-12 19:19:35,119 - job0 - wrk 0 | in_comm | 265.97 ms
2023-04-12 19:19:35,120 - job0 - wrk 0 | out_comm | 582.99 ms
2023-04-12 19:19:35,126 - job0 - wrk 1 | in_comm | 249.99 ms
2023-04-12 19:19:35,126 - job0 - wrk 1 | out_comm | 583.88 ms
2023-04-12 19:19:35,127 - job0 - wrk 2 | in_comm | 257.22 ms
2023-04-12 19:19:35,127 - job0 - wrk 2 | out_comm | 584.82 ms
2023-04-12 19:19:35,128 - job0 - wrk 3 | in_comm | 273.02 ms
2023-04-12 19:19:35,128 - job0 - wrk 3 | out_comm | 584.37 ms
2023-04-12 19:19:35,129 - job0 - wrk 4 | in_comm | 267.78 ms
2023-04-12 19:19:35,129 - job0 - wrk 4 | out_comm | 585.44 ms
2023-04-12 19:19:35,129 - job0 - wrk 5 | in_comm | 280.94 ms
2023-04-12 19:19:35,130 - job0 - wrk 5 | out_comm | 583.41 ms
2023-04-12 19:19:35,130 - job0 - wrk 6 | in_comm | 283.30 ms
2023-04-12 19:19:35,131 - job0 - wrk 6 | out_comm | 583.01 ms
2023-04-12 19:19:35,131 - job0 - wrk 7 | in_comm | 249.97 ms
2023-04-12 19:19:35,131 - job0 - wrk 7 | out_comm | 584.61 ms
2023-04-12 19:19:35,132 - job0 - ps sending param
2023-04-12 19:19:38,128 - job0 - wrk 0 | in_comm | 268.20 ms
2023-04-12 19:19:38,128 - job0 - wrk 0 | out_comm | 498.97 ms
2023-04-12 19:19:38,128 - job0 - wrk 1 | in_comm | 230.58 ms
2023-04-12 19:19:38,129 - job0 - wrk 1 | out_comm | 500.29 ms
2023-04-12 19:19:38,129 - job0 - wrk 2 | in_comm | 212.68 ms
2023-04-12 19:19:38,129 - job0 - wrk 2 | out_comm | 501.10 ms
2023-04-12 19:19:38,129 - job0 - wrk 3 | in_comm | 288.91 ms
2023-04-12 19:19:38,129 - job0 - wrk 3 | out_comm | 498.17 ms
2023-04-12 19:19:38,130 - job0 - wrk 4 | in_comm | 229.63 ms
2023-04-12 19:19:38,130 - job0 - wrk 4 | out_comm | 499.19 ms
2023-04-12 19:19:38,130 - job0 - wrk 5 | in_comm | 255.87 ms
2023-04-12 19:19:38,130 - job0 - wrk 5 | out_comm | 499.86 ms
2023-04-12 19:19:38,130 - job0 - wrk 6 | in_comm | 311.24 ms
2023-04-12 19:19:38,131 - job0 - wrk 6 | out_comm | 482.59 ms
2023-04-12 19:19:38,131 - job0 - wrk 7 | in_comm | 251.68 ms
2023-04-12 19:19:38,131 - job0 - wrk 7 | out_comm | 497.94 ms
2023-04-12 19:19:38,131 - job0 - ps sending param
2023-04-12 19:19:41,194 - job0 - wrk 0 | in_comm | 249.65 ms
2023-04-12 19:19:41,194 - job0 - wrk 0 | out_comm | 580.39 ms
2023-04-12 19:19:41,194 - job0 - wrk 1 | in_comm | 210.99 ms
2023-04-12 19:19:41,194 - job0 - wrk 1 | out_comm | 579.82 ms
2023-04-12 19:19:41,194 - job0 - wrk 2 | in_comm | 210.72 ms
2023-04-12 19:19:41,194 - job0 - wrk 2 | out_comm | 579.60 ms
2023-04-12 19:19:41,194 - job0 - wrk 3 | in_comm | 280.82 ms
2023-04-12 19:19:41,194 - job0 - wrk 3 | out_comm | 562.81 ms
2023-04-12 19:19:41,195 - job0 - wrk 4 | in_comm | 209.78 ms
2023-04-12 19:19:41,195 - job0 - wrk 4 | out_comm | 580.75 ms
2023-04-12 19:19:41,195 - job0 - wrk 5 | in_comm | 257.50 ms
2023-04-12 19:19:41,195 - job0 - wrk 5 | out_comm | 580.01 ms
2023-04-12 19:19:41,195 - job0 - wrk 6 | in_comm | 236.94 ms
2023-04-12 19:19:41,195 - job0 - wrk 6 | out_comm | 580.11 ms
2023-04-12 19:19:41,195 - job0 - wrk 7 | in_comm | 259.38 ms
2023-04-12 19:19:41,195 - job0 - wrk 7 | out_comm | 578.66 ms
2023-04-12 19:19:41,195 - job0 - ps sending param
2023-04-12 19:19:44,190 - job0 - wrk 0 | in_comm | 228.21 ms
2023-04-12 19:19:44,190 - job0 - wrk 0 | out_comm | 518.60 ms
2023-04-12 19:19:44,190 - job0 - wrk 1 | in_comm | 306.65 ms
2023-04-12 19:19:44,190 - job0 - wrk 1 | out_comm | 517.77 ms
2023-04-12 19:19:44,191 - job0 - wrk 2 | in_comm | 224.33 ms
2023-04-12 19:19:44,191 - job0 - wrk 2 | out_comm | 518.13 ms
2023-04-12 19:19:44,191 - job0 - wrk 3 | in_comm | 295.27 ms
2023-04-12 19:19:44,191 - job0 - wrk 3 | out_comm | 516.28 ms
2023-04-12 19:19:44,191 - job0 - wrk 4 | in_comm | 271.97 ms
2023-04-12 19:19:44,191 - job0 - wrk 4 | out_comm | 519.15 ms
2023-04-12 19:19:44,191 - job0 - wrk 5 | in_comm | 282.17 ms
2023-04-12 19:19:44,191 - job0 - wrk 5 | out_comm | 518.83 ms
2023-04-12 19:19:44,191 - job0 - wrk 6 | in_comm | 270.14 ms
2023-04-12 19:19:44,191 - job0 - wrk 6 | out_comm | 517.59 ms
2023-04-12 19:19:44,192 - job0 - wrk 7 | in_comm | 326.16 ms
2023-04-12 19:19:44,192 - job0 - wrk 7 | out_comm | 518.49 ms
2023-04-12 19:19:44,192 - job0 - ps sending param
2023-04-12 19:19:47,178 - job0 - wrk 0 | in_comm | 247.27 ms
2023-04-12 19:19:47,182 - job0 - wrk 0 | out_comm | 490.21 ms
2023-04-12 19:19:47,182 - job0 - wrk 1 | in_comm | 254.10 ms
2023-04-12 19:19:47,183 - job0 - wrk 1 | out_comm | 489.78 ms
2023-04-12 19:19:47,183 - job0 - wrk 2 | in_comm | 203.86 ms
2023-04-12 19:19:47,183 - job0 - wrk 2 | out_comm | 489.47 ms
2023-04-12 19:19:47,183 - job0 - wrk 3 | in_comm | 255.72 ms
2023-04-12 19:19:47,184 - job0 - wrk 3 | out_comm | 490.00 ms
2023-04-12 19:19:47,184 - job0 - wrk 4 | in_comm | 268.54 ms
2023-04-12 19:19:47,184 - job0 - wrk 4 | out_comm | 491.21 ms
2023-04-12 19:19:47,185 - job0 - wrk 5 | in_comm | 306.18 ms
2023-04-12 19:19:47,185 - job0 - wrk 5 | out_comm | 474.97 ms
2023-04-12 19:19:47,185 - job0 - wrk 6 | in_comm | 276.07 ms
2023-04-12 19:19:47,186 - job0 - wrk 6 | out_comm | 490.80 ms
2023-04-12 19:19:47,186 - job0 - wrk 7 | in_comm | 238.77 ms
2023-04-12 19:19:47,186 - job0 - wrk 7 | out_comm | 490.32 ms
2023-04-12 19:19:47,186 - job0 - ps sending param
2023-04-12 19:19:50,170 - job0 - wrk 0 | in_comm | 354.64 ms
2023-04-12 19:19:50,171 - job0 - wrk 0 | out_comm | 514.07 ms
2023-04-12 19:19:50,171 - job0 - wrk 1 | in_comm | 278.49 ms
2023-04-12 19:19:50,171 - job0 - wrk 1 | out_comm | 516.05 ms
2023-04-12 19:19:50,172 - job0 - wrk 2 | in_comm | 277.17 ms
2023-04-12 19:19:50,172 - job0 - wrk 2 | out_comm | 512.64 ms
2023-04-12 19:19:50,172 - job0 - wrk 3 | in_comm | 296.59 ms
2023-04-12 19:19:50,172 - job0 - wrk 3 | out_comm | 513.25 ms
2023-04-12 19:19:50,172 - job0 - wrk 4 | in_comm | 295.14 ms
2023-04-12 19:19:50,173 - job0 - wrk 4 | out_comm | 512.91 ms
2023-04-12 19:19:50,174 - job0 - wrk 5 | in_comm | 289.52 ms
2023-04-12 19:19:50,174 - job0 - wrk 5 | out_comm | 514.04 ms
2023-04-12 19:19:50,174 - job0 - wrk 6 | in_comm | 379.04 ms
2023-04-12 19:19:50,174 - job0 - wrk 6 | out_comm | 499.86 ms
2023-04-12 19:19:50,175 - job0 - wrk 7 | in_comm | 341.05 ms
2023-04-12 19:19:50,175 - job0 - wrk 7 | out_comm | 514.02 ms
2023-04-12 19:19:50,175 - job0 - ps sending param
2023-04-12 19:19:53,180 - job0 - wrk 0 | in_comm | 197.16 ms
2023-04-12 19:19:53,187 - job0 - wrk 0 | out_comm | 559.82 ms
2023-04-12 19:19:53,187 - job0 - wrk 1 | in_comm | 208.69 ms
2023-04-12 19:19:53,188 - job0 - wrk 1 | out_comm | 558.52 ms
2023-04-12 19:19:53,188 - job0 - wrk 2 | in_comm | 188.52 ms
2023-04-12 19:19:53,189 - job0 - wrk 2 | out_comm | 539.65 ms
2023-04-12 19:19:53,189 - job0 - wrk 3 | in_comm | 146.98 ms
2023-04-12 19:19:53,190 - job0 - wrk 3 | out_comm | 535.98 ms
2023-04-12 19:19:53,190 - job0 - wrk 4 | in_comm | 197.32 ms
2023-04-12 19:19:53,190 - job0 - wrk 4 | out_comm | 557.87 ms
2023-04-12 19:19:53,191 - job0 - wrk 5 | in_comm | 218.44 ms
2023-04-12 19:19:53,191 - job0 - wrk 5 | out_comm | 556.57 ms
2023-04-12 19:19:53,192 - job0 - wrk 6 | in_comm | 212.09 ms
2023-04-12 19:19:53,192 - job0 - wrk 6 | out_comm | 558.54 ms
2023-04-12 19:19:53,192 - job0 - wrk 7 | in_comm | 247.91 ms
2023-04-12 19:19:53,193 - job0 - wrk 7 | out_comm | 558.22 ms
2023-04-12 19:19:53,193 - job0 - ps sending param
2023-04-12 19:19:56,119 - job0 - wrk 0 | in_comm | 266.25 ms
2023-04-12 19:19:56,120 - job0 - wrk 0 | out_comm | 505.26 ms
2023-04-12 19:19:56,120 - job0 - wrk 1 | in_comm | 214.55 ms
2023-04-12 19:19:56,120 - job0 - wrk 1 | out_comm | 505.69 ms
2023-04-12 19:19:56,120 - job0 - wrk 2 | in_comm | 202.38 ms
2023-04-12 19:19:56,120 - job0 - wrk 2 | out_comm | 502.55 ms
2023-04-12 19:19:56,120 - job0 - wrk 3 | in_comm | 238.08 ms
2023-04-12 19:19:56,120 - job0 - wrk 3 | out_comm | 503.67 ms
2023-04-12 19:19:56,121 - job0 - wrk 4 | in_comm | 219.15 ms
2023-04-12 19:19:56,121 - job0 - wrk 4 | out_comm | 504.61 ms
2023-04-12 19:19:56,121 - job0 - wrk 5 | in_comm | 272.54 ms
2023-04-12 19:19:56,121 - job0 - wrk 5 | out_comm | 483.07 ms
2023-04-12 19:19:56,121 - job0 - wrk 6 | in_comm | 282.41 ms
2023-04-12 19:19:56,121 - job0 - wrk 6 | out_comm | 504.70 ms
2023-04-12 19:19:56,121 - job0 - wrk 7 | in_comm | 308.93 ms
2023-04-12 19:19:56,143 - job0 - wrk 7 | out_comm | 503.25 ms
2023-04-12 19:19:56,143 - job0 - ps sending param
2023-04-12 19:19:59,014 - job0 - wrk 0 | in_comm | 254.03 ms
2023-04-12 19:19:59,015 - job0 - wrk 0 | out_comm | 480.93 ms
2023-04-12 19:19:59,015 - job0 - wrk 1 | in_comm | 201.47 ms
2023-04-12 19:19:59,015 - job0 - wrk 1 | out_comm | 481.10 ms
2023-04-12 19:19:59,015 - job0 - wrk 2 | in_comm | 207.06 ms
2023-04-12 19:19:59,016 - job0 - wrk 2 | out_comm | 480.07 ms
2023-04-12 19:19:59,016 - job0 - wrk 3 | in_comm | 212.54 ms
2023-04-12 19:19:59,016 - job0 - wrk 3 | out_comm | 478.02 ms
2023-04-12 19:19:59,017 - job0 - wrk 4 | in_comm | 218.26 ms
2023-04-12 19:19:59,017 - job0 - wrk 4 | out_comm | 480.80 ms
2023-04-12 19:19:59,017 - job0 - wrk 5 | in_comm | 208.01 ms
2023-04-12 19:19:59,017 - job0 - wrk 5 | out_comm | 479.11 ms
2023-04-12 19:19:59,018 - job0 - wrk 6 | in_comm | 223.33 ms
2023-04-12 19:19:59,018 - job0 - wrk 6 | out_comm | 478.63 ms
2023-04-12 19:19:59,018 - job0 - wrk 7 | in_comm | 183.94 ms
2023-04-12 19:19:59,019 - job0 - wrk 7 | out_comm | 480.25 ms
2023-04-12 19:19:59,019 - job0 - ps sending param
2023-04-12 19:20:02,123 - job0 - wrk 0 | in_comm | 271.96 ms
2023-04-12 19:20:02,126 - job0 - wrk 0 | out_comm | 597.37 ms
2023-04-12 19:20:02,126 - job0 - wrk 1 | in_comm | 273.02 ms
2023-04-12 19:20:02,126 - job0 - wrk 1 | out_comm | 597.93 ms
2023-04-12 19:20:02,127 - job0 - wrk 2 | in_comm | 223.79 ms
2023-04-12 19:20:02,127 - job0 - wrk 2 | out_comm | 595.98 ms
2023-04-12 19:20:02,127 - job0 - wrk 3 | in_comm | 268.06 ms
2023-04-12 19:20:02,128 - job0 - wrk 3 | out_comm | 595.99 ms
2023-04-12 19:20:02,128 - job0 - wrk 4 | in_comm | 345.64 ms
2023-04-12 19:20:02,128 - job0 - wrk 4 | out_comm | 577.94 ms
2023-04-12 19:20:02,128 - job0 - wrk 5 | in_comm | 280.38 ms
2023-04-12 19:20:02,129 - job0 - wrk 5 | out_comm | 596.65 ms
2023-04-12 19:20:02,129 - job0 - wrk 6 | in_comm | 301.46 ms
2023-04-12 19:20:02,129 - job0 - wrk 6 | out_comm | 596.25 ms
2023-04-12 19:20:02,130 - job0 - wrk 7 | in_comm | 286.48 ms
2023-04-12 19:20:02,130 - job0 - wrk 7 | out_comm | 597.33 ms
2023-04-12 19:20:02,130 - job0 - ps sending param
2023-04-12 19:20:05,171 - job0 - wrk 0 | in_comm | 213.70 ms
2023-04-12 19:20:05,171 - job0 - wrk 0 | out_comm | 660.72 ms
2023-04-12 19:20:05,172 - job0 - wrk 1 | in_comm | 202.26 ms
2023-04-12 19:20:05,172 - job0 - wrk 1 | out_comm | 659.29 ms
2023-04-12 19:20:05,172 - job0 - wrk 2 | in_comm | 196.34 ms
2023-04-12 19:20:05,172 - job0 - wrk 2 | out_comm | 657.89 ms
2023-04-12 19:20:05,172 - job0 - wrk 3 | in_comm | 270.68 ms
2023-04-12 19:20:05,173 - job0 - wrk 3 | out_comm | 649.40 ms
2023-04-12 19:20:05,173 - job0 - wrk 4 | in_comm | 211.84 ms
2023-04-12 19:20:05,173 - job0 - wrk 4 | out_comm | 657.77 ms
2023-04-12 19:20:05,174 - job0 - wrk 5 | in_comm | 214.46 ms
2023-04-12 19:20:05,174 - job0 - wrk 5 | out_comm | 648.13 ms
2023-04-12 19:20:05,174 - job0 - wrk 6 | in_comm | 210.25 ms
2023-04-12 19:20:05,175 - job0 - wrk 6 | out_comm | 647.70 ms
2023-04-12 19:20:05,175 - job0 - wrk 7 | in_comm | 217.13 ms
2023-04-12 19:20:05,175 - job0 - wrk 7 | out_comm | 658.94 ms
2023-04-12 19:20:05,176 - job0 - ps sending param
2023-04-12 19:20:08,200 - job0 - wrk 0 | in_comm | 267.63 ms
2023-04-12 19:20:08,201 - job0 - wrk 0 | out_comm | 554.33 ms
2023-04-12 19:20:08,201 - job0 - wrk 1 | in_comm | 254.90 ms
2023-04-12 19:20:08,201 - job0 - wrk 1 | out_comm | 552.11 ms
2023-04-12 19:20:08,201 - job0 - wrk 2 | in_comm | 243.20 ms
2023-04-12 19:20:08,202 - job0 - wrk 2 | out_comm | 548.11 ms
2023-04-12 19:20:08,202 - job0 - wrk 3 | in_comm | 286.69 ms
2023-04-12 19:20:08,202 - job0 - wrk 3 | out_comm | 552.39 ms
2023-04-12 19:20:08,202 - job0 - wrk 4 | in_comm | 322.46 ms
2023-04-12 19:20:08,202 - job0 - wrk 4 | out_comm | 552.50 ms
2023-04-12 19:20:08,203 - job0 - wrk 5 | in_comm | 262.54 ms
2023-04-12 19:20:08,203 - job0 - wrk 5 | out_comm | 541.76 ms
2023-04-12 19:20:08,203 - job0 - wrk 6 | in_comm | 270.98 ms
2023-04-12 19:20:08,203 - job0 - wrk 6 | out_comm | 551.28 ms
2023-04-12 19:20:08,203 - job0 - wrk 7 | in_comm | 287.72 ms
2023-04-12 19:20:08,204 - job0 - wrk 7 | out_comm | 540.95 ms
2023-04-12 19:20:08,204 - job0 - ps sending param
2023-04-12 19:20:11,319 - job0 - wrk 0 | in_comm | 324.64 ms
2023-04-12 19:20:11,319 - job0 - wrk 0 | out_comm | 640.46 ms
2023-04-12 19:20:11,326 - job0 - wrk 1 | in_comm | 259.23 ms
2023-04-12 19:20:11,326 - job0 - wrk 1 | out_comm | 637.13 ms
2023-04-12 19:20:11,326 - job0 - wrk 2 | in_comm | 324.36 ms
2023-04-12 19:20:11,327 - job0 - wrk 2 | out_comm | 637.89 ms
2023-04-12 19:20:11,327 - job0 - wrk 3 | in_comm | 262.91 ms
2023-04-12 19:20:11,327 - job0 - wrk 3 | out_comm | 638.82 ms
2023-04-12 19:20:11,328 - job0 - wrk 4 | in_comm | 260.07 ms
2023-04-12 19:20:11,328 - job0 - wrk 4 | out_comm | 624.05 ms
2023-04-12 19:20:11,328 - job0 - wrk 5 | in_comm | 256.14 ms
2023-04-12 19:20:11,329 - job0 - wrk 5 | out_comm | 637.82 ms
2023-04-12 19:20:11,329 - job0 - wrk 6 | in_comm | 292.26 ms
2023-04-12 19:20:11,329 - job0 - wrk 6 | out_comm | 638.15 ms
2023-04-12 19:20:11,329 - job0 - wrk 7 | in_comm | 277.83 ms
2023-04-12 19:20:11,330 - job0 - wrk 7 | out_comm | 637.25 ms
2023-04-12 19:20:11,330 - job0 - ps sending param
2023-04-12 19:20:14,439 - job0 - wrk 0 | in_comm | 294.62 ms
2023-04-12 19:20:14,442 - job0 - wrk 0 | out_comm | 615.20 ms
2023-04-12 19:20:14,442 - job0 - wrk 1 | in_comm | 249.64 ms
2023-04-12 19:20:14,443 - job0 - wrk 1 | out_comm | 600.06 ms
2023-04-12 19:20:14,443 - job0 - wrk 2 | in_comm | 283.53 ms
2023-04-12 19:20:14,444 - job0 - wrk 2 | out_comm | 603.62 ms
2023-04-12 19:20:14,444 - job0 - wrk 3 | in_comm | 277.26 ms
2023-04-12 19:20:14,444 - job0 - wrk 3 | out_comm | 615.77 ms
2023-04-12 19:20:14,445 - job0 - wrk 4 | in_comm | 282.29 ms
2023-04-12 19:20:14,445 - job0 - wrk 4 | out_comm | 614.83 ms
2023-04-12 19:20:14,446 - job0 - wrk 5 | in_comm | 291.16 ms
2023-04-12 19:20:14,446 - job0 - wrk 5 | out_comm | 615.23 ms
2023-04-12 19:20:14,446 - job0 - wrk 6 | in_comm | 334.28 ms
2023-04-12 19:20:14,447 - job0 - wrk 6 | out_comm | 599.42 ms
2023-04-12 19:20:14,447 - job0 - wrk 7 | in_comm | 282.41 ms
2023-04-12 19:20:14,448 - job0 - wrk 7 | out_comm | 614.85 ms
2023-04-12 19:20:14,448 - job0 - ps sending param
2023-04-12 19:20:17,486 - job0 - wrk 0 | in_comm | 287.19 ms
2023-04-12 19:20:17,497 - job0 - wrk 0 | out_comm | 609.96 ms
2023-04-12 19:20:17,497 - job0 - wrk 1 | in_comm | 188.67 ms
2023-04-12 19:20:17,498 - job0 - wrk 1 | out_comm | 611.47 ms
2023-04-12 19:20:17,498 - job0 - wrk 2 | in_comm | 190.77 ms
2023-04-12 19:20:17,498 - job0 - wrk 2 | out_comm | 613.24 ms
2023-04-12 19:20:17,499 - job0 - wrk 3 | in_comm | 269.10 ms
2023-04-12 19:20:17,499 - job0 - wrk 3 | out_comm | 610.00 ms
2023-04-12 19:20:17,500 - job0 - wrk 4 | in_comm | 249.59 ms
2023-04-12 19:20:17,500 - job0 - wrk 4 | out_comm | 610.64 ms
2023-04-12 19:20:17,501 - job0 - wrk 5 | in_comm | 255.93 ms
2023-04-12 19:20:17,501 - job0 - wrk 5 | out_comm | 611.14 ms
2023-04-12 19:20:17,501 - job0 - wrk 6 | in_comm | 253.82 ms
2023-04-12 19:20:17,502 - job0 - wrk 6 | out_comm | 610.51 ms
2023-04-12 19:20:17,502 - job0 - wrk 7 | in_comm | 228.29 ms
2023-04-12 19:20:17,503 - job0 - wrk 7 | out_comm | 611.13 ms
2023-04-12 19:20:17,503 - job0 - ps sending param
2023-04-12 19:20:20,438 - job0 - wrk 0 | in_comm | 283.06 ms
2023-04-12 19:20:20,438 - job0 - wrk 0 | out_comm | 450.08 ms
2023-04-12 19:20:20,438 - job0 - wrk 1 | in_comm | 205.59 ms
2023-04-12 19:20:20,438 - job0 - wrk 1 | out_comm | 466.89 ms
2023-04-12 19:20:20,439 - job0 - wrk 2 | in_comm | 216.55 ms
2023-04-12 19:20:20,439 - job0 - wrk 2 | out_comm | 465.54 ms
2023-04-12 19:20:20,439 - job0 - wrk 3 | in_comm | 191.98 ms
2023-04-12 19:20:20,439 - job0 - wrk 3 | out_comm | 464.95 ms
2023-04-12 19:20:20,439 - job0 - wrk 4 | in_comm | 244.44 ms
2023-04-12 19:20:20,439 - job0 - wrk 4 | out_comm | 464.75 ms
2023-04-12 19:20:20,439 - job0 - wrk 5 | in_comm | 205.67 ms
2023-04-12 19:20:20,439 - job0 - wrk 5 | out_comm | 454.18 ms
2023-04-12 19:20:20,439 - job0 - wrk 6 | in_comm | 257.16 ms
2023-04-12 19:20:20,439 - job0 - wrk 6 | out_comm | 465.32 ms
2023-04-12 19:20:20,440 - job0 - wrk 7 | in_comm | 219.85 ms
2023-04-12 19:20:20,440 - job0 - wrk 7 | out_comm | 465.67 ms
2023-04-12 19:20:20,440 - job0 - ps sending param
2023-04-12 19:20:23,458 - job0 - wrk 0 | in_comm | 208.17 ms
2023-04-12 19:20:23,459 - job0 - wrk 0 | out_comm | 598.21 ms
2023-04-12 19:20:23,468 - job0 - wrk 1 | in_comm | 216.93 ms
2023-04-12 19:20:23,469 - job0 - wrk 1 | out_comm | 586.66 ms
2023-04-12 19:20:23,469 - job0 - wrk 2 | in_comm | 184.48 ms
2023-04-12 19:20:23,470 - job0 - wrk 2 | out_comm | 594.62 ms
2023-04-12 19:20:23,471 - job0 - wrk 3 | in_comm | 216.87 ms
2023-04-12 19:20:23,471 - job0 - wrk 3 | out_comm | 597.53 ms
2023-04-12 19:20:23,472 - job0 - wrk 4 | in_comm | 230.06 ms
2023-04-12 19:20:23,472 - job0 - wrk 4 | out_comm | 593.44 ms
2023-04-12 19:20:23,473 - job0 - wrk 5 | in_comm | 229.47 ms
2023-04-12 19:20:23,473 - job0 - wrk 5 | out_comm | 590.83 ms
2023-04-12 19:20:23,474 - job0 - wrk 6 | in_comm | 209.76 ms
2023-04-12 19:20:23,474 - job0 - wrk 6 | out_comm | 599.54 ms
2023-04-12 19:20:23,475 - job0 - wrk 7 | in_comm | 338.03 ms
2023-04-12 19:20:23,475 - job0 - wrk 7 | out_comm | 584.15 ms
2023-04-12 19:20:23,476 - job0 - ps sending param
2023-04-12 19:20:26,348 - job0 - wrk 0 | in_comm | 280.35 ms
2023-04-12 19:20:26,352 - job0 - wrk 0 | out_comm | 460.57 ms
2023-04-12 19:20:26,352 - job0 - wrk 1 | in_comm | 232.37 ms
2023-04-12 19:20:26,352 - job0 - wrk 1 | out_comm | 451.49 ms
2023-04-12 19:20:26,353 - job0 - wrk 2 | in_comm | 183.70 ms
2023-04-12 19:20:26,353 - job0 - wrk 2 | out_comm | 453.65 ms
2023-04-12 19:20:26,353 - job0 - wrk 3 | in_comm | 246.86 ms
2023-04-12 19:20:26,354 - job0 - wrk 3 | out_comm | 452.60 ms
2023-04-12 19:20:26,354 - job0 - wrk 4 | in_comm | 280.11 ms
2023-04-12 19:20:26,354 - job0 - wrk 4 | out_comm | 448.40 ms
2023-04-12 19:20:26,354 - job0 - wrk 5 | in_comm | 268.14 ms
2023-04-12 19:20:26,355 - job0 - wrk 5 | out_comm | 446.93 ms
2023-04-12 19:20:26,355 - job0 - wrk 6 | in_comm | 223.43 ms
2023-04-12 19:20:26,355 - job0 - wrk 6 | out_comm | 459.69 ms
2023-04-12 19:20:26,356 - job0 - wrk 7 | in_comm | 218.79 ms
2023-04-12 19:20:26,356 - job0 - wrk 7 | out_comm | 460.27 ms
2023-04-12 19:20:26,356 - job0 - ps sending param
2023-04-12 19:20:29,431 - job0 - wrk 0 | in_comm | 276.95 ms
2023-04-12 19:20:29,438 - job0 - wrk 0 | out_comm | 559.92 ms
2023-04-12 19:20:29,438 - job0 - wrk 1 | in_comm | 216.30 ms
2023-04-12 19:20:29,439 - job0 - wrk 1 | out_comm | 560.58 ms
2023-04-12 19:20:29,439 - job0 - wrk 2 | in_comm | 225.18 ms
2023-04-12 19:20:29,440 - job0 - wrk 2 | out_comm | 553.60 ms
2023-04-12 19:20:29,440 - job0 - wrk 3 | in_comm | 365.02 ms
2023-04-12 19:20:29,440 - job0 - wrk 3 | out_comm | 550.22 ms
2023-04-12 19:20:29,441 - job0 - wrk 4 | in_comm | 309.69 ms
2023-04-12 19:20:29,441 - job0 - wrk 4 | out_comm | 549.01 ms
2023-04-12 19:20:29,442 - job0 - wrk 5 | in_comm | 285.23 ms
2023-04-12 19:20:29,442 - job0 - wrk 5 | out_comm | 547.23 ms
2023-04-12 19:20:29,443 - job0 - wrk 6 | in_comm | 339.58 ms
2023-04-12 19:20:29,443 - job0 - wrk 6 | out_comm | 559.76 ms
2023-04-12 19:20:29,443 - job0 - wrk 7 | in_comm | 294.67 ms
2023-04-12 19:20:29,444 - job0 - wrk 7 | out_comm | 560.19 ms
2023-04-12 19:20:29,444 - job0 - ps sending param
2023-04-12 19:20:32,350 - job0 - wrk 0 | in_comm | 280.69 ms
2023-04-12 19:20:32,351 - job0 - wrk 0 | out_comm | 465.17 ms
2023-04-12 19:20:32,357 - job0 - wrk 1 | in_comm | 260.81 ms
2023-04-12 19:20:32,358 - job0 - wrk 1 | out_comm | 464.99 ms
2023-04-12 19:20:32,358 - job0 - wrk 2 | in_comm | 257.61 ms
2023-04-12 19:20:32,359 - job0 - wrk 2 | out_comm | 456.01 ms
2023-04-12 19:20:32,359 - job0 - wrk 3 | in_comm | 280.63 ms
2023-04-12 19:20:32,359 - job0 - wrk 3 | out_comm | 460.25 ms
2023-04-12 19:20:32,360 - job0 - wrk 4 | in_comm | 254.70 ms
2023-04-12 19:20:32,360 - job0 - wrk 4 | out_comm | 464.40 ms
2023-04-12 19:20:32,360 - job0 - wrk 5 | in_comm | 257.62 ms
2023-04-12 19:20:32,361 - job0 - wrk 5 | out_comm | 463.17 ms
2023-04-12 19:20:32,361 - job0 - wrk 6 | in_comm | 263.86 ms
2023-04-12 19:20:32,361 - job0 - wrk 6 | out_comm | 459.53 ms
2023-04-12 19:20:32,362 - job0 - wrk 7 | in_comm | 338.65 ms
2023-04-12 19:20:32,362 - job0 - wrk 7 | out_comm | 452.31 ms
2023-04-12 19:20:32,362 - job0 - ps sending param
2023-04-12 19:20:35,397 - job0 - wrk 0 | in_comm | 319.31 ms
2023-04-12 19:20:35,404 - job0 - wrk 0 | out_comm | 525.59 ms
2023-04-12 19:20:35,405 - job0 - wrk 1 | in_comm | 197.01 ms
2023-04-12 19:20:35,405 - job0 - wrk 1 | out_comm | 528.40 ms
2023-04-12 19:20:35,406 - job0 - wrk 2 | in_comm | 260.15 ms
2023-04-12 19:20:35,406 - job0 - wrk 2 | out_comm | 524.84 ms
2023-04-12 19:20:35,406 - job0 - wrk 3 | in_comm | 279.78 ms
2023-04-12 19:20:35,407 - job0 - wrk 3 | out_comm | 521.19 ms
2023-04-12 19:20:35,407 - job0 - wrk 4 | in_comm | 312.42 ms
2023-04-12 19:20:35,407 - job0 - wrk 4 | out_comm | 531.69 ms
2023-04-12 19:20:35,408 - job0 - wrk 5 | in_comm | 314.87 ms
2023-04-12 19:20:35,408 - job0 - wrk 5 | out_comm | 531.34 ms
2023-04-12 19:20:35,408 - job0 - wrk 6 | in_comm | 274.04 ms
2023-04-12 19:20:35,409 - job0 - wrk 6 | out_comm | 523.95 ms
2023-04-12 19:20:35,409 - job0 - wrk 7 | in_comm | 267.93 ms
2023-04-12 19:20:35,409 - job0 - wrk 7 | out_comm | 527.05 ms
2023-04-12 19:20:35,410 - job0 - ps sending param
2023-04-12 19:20:38,216 - job0 - wrk 0 | in_comm | 265.62 ms
2023-04-12 19:20:38,219 - job0 - wrk 0 | out_comm | 421.14 ms
2023-04-12 19:20:38,220 - job0 - wrk 1 | in_comm | 160.36 ms
2023-04-12 19:20:38,220 - job0 - wrk 1 | out_comm | 420.15 ms
2023-04-12 19:20:38,220 - job0 - wrk 2 | in_comm | 232.03 ms
2023-04-12 19:20:38,221 - job0 - wrk 2 | out_comm | 414.94 ms
2023-04-12 19:20:38,221 - job0 - wrk 3 | in_comm | 231.38 ms
2023-04-12 19:20:38,221 - job0 - wrk 3 | out_comm | 407.33 ms
2023-04-12 19:20:38,222 - job0 - wrk 4 | in_comm | 182.48 ms
2023-04-12 19:20:38,222 - job0 - wrk 4 | out_comm | 419.72 ms
2023-04-12 19:20:38,222 - job0 - wrk 5 | in_comm | 244.41 ms
2023-04-12 19:20:38,223 - job0 - wrk 5 | out_comm | 418.90 ms
2023-04-12 19:20:38,223 - job0 - wrk 6 | in_comm | 243.37 ms
2023-04-12 19:20:38,223 - job0 - wrk 6 | out_comm | 409.02 ms
2023-04-12 19:20:38,223 - job0 - wrk 7 | in_comm | 238.60 ms
2023-04-12 19:20:38,224 - job0 - wrk 7 | out_comm | 410.69 ms
2023-04-12 19:20:38,224 - job0 - ps sending param
2023-04-12 19:20:41,257 - job0 - wrk 0 | in_comm | 274.95 ms
2023-04-12 19:20:41,260 - job0 - wrk 0 | out_comm | 570.38 ms
2023-04-12 19:20:41,261 - job0 - wrk 1 | in_comm | 221.68 ms
2023-04-12 19:20:41,261 - job0 - wrk 1 | out_comm | 563.95 ms
2023-04-12 19:20:41,261 - job0 - wrk 2 | in_comm | 224.03 ms
2023-04-12 19:20:41,262 - job0 - wrk 2 | out_comm | 561.54 ms
2023-04-12 19:20:41,262 - job0 - wrk 3 | in_comm | 226.15 ms
2023-04-12 19:20:41,262 - job0 - wrk 3 | out_comm | 571.81 ms
2023-04-12 19:20:41,263 - job0 - wrk 4 | in_comm | 224.76 ms
2023-04-12 19:20:41,263 - job0 - wrk 4 | out_comm | 568.94 ms
2023-04-12 19:20:41,263 - job0 - wrk 5 | in_comm | 254.65 ms
2023-04-12 19:20:41,264 - job0 - wrk 5 | out_comm | 558.76 ms
2023-04-12 19:20:41,264 - job0 - wrk 6 | in_comm | 49.67 ms
2023-04-12 19:20:41,264 - job0 - wrk 6 | out_comm | 165.10 ms
2023-04-12 19:20:41,265 - job0 - wrk 7 | in_comm | 261.72 ms
2023-04-12 19:20:41,265 - job0 - wrk 7 | out_comm | 567.08 ms
2023-04-12 19:20:41,265 - job0 - ps sending param
2023-04-12 19:20:44,293 - job0 - wrk 0 | in_comm | 335.96 ms
2023-04-12 19:20:44,300 - job0 - wrk 0 | out_comm | 550.92 ms
2023-04-12 19:20:44,300 - job0 - wrk 1 | in_comm | 292.58 ms
2023-04-12 19:20:44,301 - job0 - wrk 1 | out_comm | 552.65 ms
2023-04-12 19:20:44,301 - job0 - wrk 2 | in_comm | 293.83 ms
2023-04-12 19:20:44,302 - job0 - wrk 2 | out_comm | 550.29 ms
2023-04-12 19:20:44,302 - job0 - wrk 3 | in_comm | 315.30 ms
2023-04-12 19:20:44,303 - job0 - wrk 3 | out_comm | 543.39 ms
2023-04-12 19:20:44,303 - job0 - wrk 4 | in_comm | 282.76 ms
2023-04-12 19:20:44,303 - job0 - wrk 4 | out_comm | 550.28 ms
2023-04-12 19:20:44,304 - job0 - wrk 5 | in_comm | 290.25 ms
2023-04-12 19:20:44,304 - job0 - wrk 5 | out_comm | 541.18 ms
2023-04-12 19:20:44,304 - job0 - wrk 6 | in_comm | 307.15 ms
2023-04-12 19:20:44,305 - job0 - wrk 6 | out_comm | 535.74 ms
2023-04-12 19:20:44,305 - job0 - wrk 7 | in_comm | 331.10 ms
2023-04-12 19:20:44,306 - job0 - wrk 7 | out_comm | 538.84 ms
2023-04-12 19:20:44,306 - job0 - ps sending param
2023-04-12 19:20:47,415 - job0 - wrk 0 | in_comm | 315.13 ms
2023-04-12 19:20:47,428 - job0 - wrk 0 | out_comm | 523.84 ms
2023-04-12 19:20:47,428 - job0 - wrk 1 | in_comm | 253.50 ms
2023-04-12 19:20:47,428 - job0 - wrk 1 | out_comm | 525.79 ms
2023-04-12 19:20:47,429 - job0 - wrk 2 | in_comm | 245.96 ms
2023-04-12 19:20:47,429 - job0 - wrk 2 | out_comm | 517.98 ms
2023-04-12 19:20:47,430 - job0 - wrk 3 | in_comm | 259.31 ms
2023-04-12 19:20:47,430 - job0 - wrk 3 | out_comm | 515.84 ms
2023-04-12 19:20:47,430 - job0 - wrk 4 | in_comm | 294.60 ms
2023-04-12 19:20:47,431 - job0 - wrk 4 | out_comm | 519.33 ms
2023-04-12 19:20:47,431 - job0 - wrk 5 | in_comm | 267.13 ms
2023-04-12 19:20:47,431 - job0 - wrk 5 | out_comm | 526.53 ms
2023-04-12 19:20:47,432 - job0 - wrk 6 | in_comm | 303.88 ms
2023-04-12 19:20:47,432 - job0 - wrk 6 | out_comm | 524.28 ms
2023-04-12 19:20:47,432 - job0 - wrk 7 | in_comm | 281.82 ms
2023-04-12 19:20:47,433 - job0 - wrk 7 | out_comm | 512.72 ms
2023-04-12 19:20:47,433 - job0 - ps sending param
2023-04-12 19:20:50,437 - job0 - wrk 0 | in_comm | 308.72 ms
2023-04-12 19:20:50,443 - job0 - wrk 0 | out_comm | 553.88 ms
2023-04-12 19:20:50,444 - job0 - wrk 1 | in_comm | 254.84 ms
2023-04-12 19:20:50,444 - job0 - wrk 1 | out_comm | 562.47 ms
2023-04-12 19:20:50,444 - job0 - wrk 2 | in_comm | 245.84 ms
2023-04-12 19:20:50,445 - job0 - wrk 2 | out_comm | 553.68 ms
2023-04-12 19:20:50,445 - job0 - wrk 3 | in_comm | 268.77 ms
2023-04-12 19:20:50,445 - job0 - wrk 3 | out_comm | 563.67 ms
2023-04-12 19:20:50,446 - job0 - wrk 4 | in_comm | 255.03 ms
2023-04-12 19:20:50,446 - job0 - wrk 4 | out_comm | 558.87 ms
2023-04-12 19:20:50,446 - job0 - wrk 5 | in_comm | 274.63 ms
2023-04-12 19:20:50,447 - job0 - wrk 5 | out_comm | 557.03 ms
2023-04-12 19:20:50,447 - job0 - wrk 6 | in_comm | 250.32 ms
2023-04-12 19:20:50,447 - job0 - wrk 6 | out_comm | 556.05 ms
2023-04-12 19:20:50,448 - job0 - wrk 7 | in_comm | 250.40 ms
2023-04-12 19:20:50,448 - job0 - wrk 7 | out_comm | 563.15 ms
2023-04-12 19:20:50,448 - job0 - ps sending param
2023-04-12 19:20:53,419 - job0 - wrk 0 | in_comm | 222.28 ms
2023-04-12 19:20:53,419 - job0 - wrk 0 | out_comm | 551.04 ms
2023-04-12 19:20:53,419 - job0 - wrk 1 | in_comm | 148.40 ms
2023-04-12 19:20:53,419 - job0 - wrk 1 | out_comm | 557.41 ms
2023-04-12 19:20:53,420 - job0 - wrk 2 | in_comm | 162.63 ms
2023-04-12 19:20:53,420 - job0 - wrk 2 | out_comm | 557.76 ms
2023-04-12 19:20:53,420 - job0 - wrk 3 | in_comm | 270.28 ms
2023-04-12 19:20:53,420 - job0 - wrk 3 | out_comm | 544.40 ms
2023-04-12 19:20:53,420 - job0 - wrk 4 | in_comm | 280.82 ms
2023-04-12 19:20:53,420 - job0 - wrk 4 | out_comm | 547.49 ms
2023-04-12 19:20:53,420 - job0 - wrk 5 | in_comm | 213.55 ms
2023-04-12 19:20:53,420 - job0 - wrk 5 | out_comm | 545.07 ms
2023-04-12 19:20:53,420 - job0 - wrk 6 | in_comm | 191.02 ms
2023-04-12 19:20:53,421 - job0 - wrk 6 | out_comm | 557.51 ms
2023-04-12 19:20:53,421 - job0 - wrk 7 | in_comm | 194.61 ms
2023-04-12 19:20:53,421 - job0 - wrk 7 | out_comm | 548.37 ms
2023-04-12 19:20:53,421 - job0 - ps sending param
2023-04-12 19:20:56,341 - job0 - wrk 0 | in_comm | 229.42 ms
2023-04-12 19:20:56,347 - job0 - wrk 0 | out_comm | 523.88 ms
2023-04-12 19:20:56,348 - job0 - wrk 1 | in_comm | 203.01 ms
2023-04-12 19:20:56,348 - job0 - wrk 1 | out_comm | 529.39 ms
2023-04-12 19:20:56,349 - job0 - wrk 2 | in_comm | 160.16 ms
2023-04-12 19:20:56,349 - job0 - wrk 2 | out_comm | 531.12 ms
2023-04-12 19:20:56,350 - job0 - wrk 3 | in_comm | 225.87 ms
2023-04-12 19:20:56,350 - job0 - wrk 3 | out_comm | 531.71 ms
2023-04-12 19:20:56,351 - job0 - wrk 4 | in_comm | 227.34 ms
2023-04-12 19:20:56,351 - job0 - wrk 4 | out_comm | 533.72 ms
2023-04-12 19:20:56,351 - job0 - wrk 5 | in_comm | 248.40 ms
2023-04-12 19:20:56,352 - job0 - wrk 5 | out_comm | 525.25 ms
2023-04-12 19:20:56,352 - job0 - wrk 6 | in_comm | 237.02 ms
2023-04-12 19:20:56,352 - job0 - wrk 6 | out_comm | 527.70 ms
2023-04-12 19:20:56,353 - job0 - wrk 7 | in_comm | 234.97 ms
2023-04-12 19:20:56,354 - job0 - wrk 7 | out_comm | 528.06 ms
2023-04-12 19:20:56,354 - job0 - ps sending param
2023-04-12 19:20:59,352 - job0 - wrk 0 | in_comm | 335.82 ms
2023-04-12 19:20:59,362 - job0 - wrk 0 | out_comm | 509.25 ms
2023-04-12 19:20:59,363 - job0 - wrk 1 | in_comm | 265.18 ms
2023-04-12 19:20:59,363 - job0 - wrk 1 | out_comm | 509.26 ms
2023-04-12 19:20:59,364 - job0 - wrk 2 | in_comm | 242.11 ms
2023-04-12 19:20:59,365 - job0 - wrk 2 | out_comm | 509.14 ms
2023-04-12 19:20:59,365 - job0 - wrk 3 | in_comm | 298.88 ms
2023-04-12 19:20:59,366 - job0 - wrk 3 | out_comm | 517.24 ms
2023-04-12 19:20:59,367 - job0 - wrk 4 | in_comm | 298.95 ms
2023-04-12 19:20:59,367 - job0 - wrk 4 | out_comm | 505.32 ms
2023-04-12 19:20:59,368 - job0 - wrk 5 | in_comm | 300.47 ms
2023-04-12 19:20:59,368 - job0 - wrk 5 | out_comm | 513.45 ms
2023-04-12 19:20:59,369 - job0 - wrk 6 | in_comm | 313.10 ms
2023-04-12 19:20:59,370 - job0 - wrk 6 | out_comm | 502.41 ms
2023-04-12 19:20:59,370 - job0 - wrk 7 | in_comm | 301.95 ms
2023-04-12 19:20:59,371 - job0 - wrk 7 | out_comm | 506.54 ms
2023-04-12 19:20:59,372 - job0 - ps sending param
2023-04-12 19:21:02,332 - job0 - wrk 0 | in_comm | 247.13 ms
2023-04-12 19:21:02,333 - job0 - wrk 0 | out_comm | 486.52 ms
2023-04-12 19:21:02,341 - job0 - wrk 1 | in_comm | 232.40 ms
2023-04-12 19:21:02,342 - job0 - wrk 1 | out_comm | 478.95 ms
2023-04-12 19:21:02,342 - job0 - wrk 2 | in_comm | 211.89 ms
2023-04-12 19:21:02,343 - job0 - wrk 2 | out_comm | 483.45 ms
2023-04-12 19:21:02,344 - job0 - wrk 3 | in_comm | 233.05 ms
2023-04-12 19:21:02,344 - job0 - wrk 3 | out_comm | 481.46 ms
2023-04-12 19:21:02,345 - job0 - wrk 4 | in_comm | 216.14 ms
2023-04-12 19:21:02,345 - job0 - wrk 4 | out_comm | 476.58 ms
2023-04-12 19:21:02,346 - job0 - wrk 5 | in_comm | 263.43 ms
2023-04-12 19:21:02,346 - job0 - wrk 5 | out_comm | 477.67 ms
2023-04-12 19:21:02,347 - job0 - wrk 6 | in_comm | 272.15 ms
2023-04-12 19:21:02,347 - job0 - wrk 6 | out_comm | 473.73 ms
2023-04-12 19:21:02,348 - job0 - wrk 7 | in_comm | 269.97 ms
2023-04-12 19:21:02,348 - job0 - wrk 7 | out_comm | 481.49 ms
2023-04-12 19:21:02,349 - job0 - ps sending param
2023-04-12 19:21:05,350 - job0 - wrk 0 | in_comm | 281.30 ms
2023-04-12 19:21:05,353 - job0 - wrk 0 | out_comm | 540.56 ms
2023-04-12 19:21:05,354 - job0 - wrk 1 | in_comm | 275.88 ms
2023-04-12 19:21:05,354 - job0 - wrk 1 | out_comm | 532.04 ms
2023-04-12 19:21:05,354 - job0 - wrk 2 | in_comm | 240.26 ms
2023-04-12 19:21:05,355 - job0 - wrk 2 | out_comm | 533.06 ms
2023-04-12 19:21:05,355 - job0 - wrk 3 | in_comm | 299.77 ms
2023-04-12 19:21:05,355 - job0 - wrk 3 | out_comm | 540.93 ms
2023-04-12 19:21:05,356 - job0 - wrk 4 | in_comm | 258.28 ms
2023-04-12 19:21:05,356 - job0 - wrk 4 | out_comm | 537.59 ms
2023-04-12 19:21:05,356 - job0 - wrk 5 | in_comm | 323.65 ms
2023-04-12 19:21:05,357 - job0 - wrk 5 | out_comm | 530.90 ms
2023-04-12 19:21:05,357 - job0 - wrk 6 | in_comm | 291.68 ms
2023-04-12 19:21:05,357 - job0 - wrk 6 | out_comm | 527.22 ms
2023-04-12 19:21:05,358 - job0 - wrk 7 | in_comm | 311.82 ms
2023-04-12 19:21:05,358 - job0 - wrk 7 | out_comm | 530.82 ms
2023-04-12 19:21:05,358 - job0 - ps sending param
2023-04-12 19:21:08,329 - job0 - wrk 0 | in_comm | 348.73 ms
2023-04-12 19:21:08,330 - job0 - wrk 0 | out_comm | 441.20 ms
2023-04-12 19:21:08,330 - job0 - wrk 1 | in_comm | 345.95 ms
2023-04-12 19:21:08,330 - job0 - wrk 1 | out_comm | 437.53 ms
2023-04-12 19:21:08,330 - job0 - wrk 2 | in_comm | 241.20 ms
2023-04-12 19:21:08,330 - job0 - wrk 2 | out_comm | 443.67 ms
2023-04-12 19:21:08,330 - job0 - wrk 3 | in_comm | 288.09 ms
2023-04-12 19:21:08,330 - job0 - wrk 3 | out_comm | 440.78 ms
2023-04-12 19:21:08,330 - job0 - wrk 4 | in_comm | 312.47 ms
2023-04-12 19:21:08,330 - job0 - wrk 4 | out_comm | 439.59 ms
2023-04-12 19:21:08,331 - job0 - wrk 5 | in_comm | 311.71 ms
2023-04-12 19:21:08,331 - job0 - wrk 5 | out_comm | 442.99 ms
2023-04-12 19:21:08,331 - job0 - wrk 6 | in_comm | 312.04 ms
2023-04-12 19:21:08,331 - job0 - wrk 6 | out_comm | 437.54 ms
2023-04-12 19:21:08,331 - job0 - wrk 7 | in_comm | 344.01 ms
2023-04-12 19:21:08,331 - job0 - wrk 7 | out_comm | 434.95 ms
2023-04-12 19:21:08,331 - job0 - ps sending param
2023-04-12 19:21:11,366 - job0 - wrk 0 | in_comm | 202.98 ms
2023-04-12 19:21:11,369 - job0 - wrk 0 | out_comm | 581.46 ms
2023-04-12 19:21:11,370 - job0 - wrk 1 | in_comm | 278.70 ms
2023-04-12 19:21:11,370 - job0 - wrk 1 | out_comm | 582.13 ms
2023-04-12 19:21:11,370 - job0 - wrk 2 | in_comm | 271.68 ms
2023-04-12 19:21:11,371 - job0 - wrk 2 | out_comm | 575.50 ms
2023-04-12 19:21:11,371 - job0 - wrk 3 | in_comm | 320.11 ms
2023-04-12 19:21:11,371 - job0 - wrk 3 | out_comm | 574.73 ms
2023-04-12 19:21:11,372 - job0 - wrk 4 | in_comm | 297.13 ms
2023-04-12 19:21:11,372 - job0 - wrk 4 | out_comm | 571.96 ms
2023-04-12 19:21:11,372 - job0 - wrk 5 | in_comm | 305.04 ms
2023-04-12 19:21:11,373 - job0 - wrk 5 | out_comm | 573.16 ms
2023-04-12 19:21:11,373 - job0 - wrk 6 | in_comm | 277.52 ms
2023-04-12 19:21:11,373 - job0 - wrk 6 | out_comm | 577.81 ms
2023-04-12 19:21:11,374 - job0 - wrk 7 | in_comm | 297.41 ms
2023-04-12 19:21:11,374 - job0 - wrk 7 | out_comm | 578.44 ms
2023-04-12 19:21:11,374 - job0 - ps sending param
2023-04-12 19:21:14,448 - job0 - wrk 0 | in_comm | 216.66 ms
2023-04-12 19:21:14,448 - job0 - wrk 0 | out_comm | 615.40 ms
2023-04-12 19:21:14,448 - job0 - wrk 1 | in_comm | 216.81 ms
2023-04-12 19:21:14,449 - job0 - wrk 1 | out_comm | 608.53 ms
2023-04-12 19:21:14,449 - job0 - wrk 2 | in_comm | 234.30 ms
2023-04-12 19:21:14,449 - job0 - wrk 2 | out_comm | 610.81 ms
2023-04-12 19:21:14,449 - job0 - wrk 3 | in_comm | 259.23 ms
2023-04-12 19:21:14,449 - job0 - wrk 3 | out_comm | 611.40 ms
2023-04-12 19:21:14,449 - job0 - wrk 4 | in_comm | 293.08 ms
2023-04-12 19:21:14,449 - job0 - wrk 4 | out_comm | 604.86 ms
2023-04-12 19:21:14,449 - job0 - wrk 5 | in_comm | 231.21 ms
2023-04-12 19:21:14,449 - job0 - wrk 5 | out_comm | 600.43 ms
2023-04-12 19:21:14,450 - job0 - wrk 6 | in_comm | 264.51 ms
2023-04-12 19:21:14,450 - job0 - wrk 6 | out_comm | 608.04 ms
2023-04-12 19:21:14,450 - job0 - wrk 7 | in_comm | 297.29 ms
2023-04-12 19:21:14,450 - job0 - wrk 7 | out_comm | 603.52 ms
2023-04-12 19:21:14,450 - job0 - ps sending param
2023-04-12 19:21:17,484 - job0 - wrk 0 | in_comm | 245.23 ms
2023-04-12 19:21:17,484 - job0 - wrk 0 | out_comm | 613.98 ms
2023-04-12 19:21:17,485 - job0 - wrk 1 | in_comm | 206.08 ms
2023-04-12 19:21:17,485 - job0 - wrk 1 | out_comm | 608.31 ms
2023-04-12 19:21:17,485 - job0 - wrk 2 | in_comm | 219.85 ms
2023-04-12 19:21:17,485 - job0 - wrk 2 | out_comm | 604.71 ms
2023-04-12 19:21:17,486 - job0 - wrk 3 | in_comm | 232.75 ms
2023-04-12 19:21:17,486 - job0 - wrk 3 | out_comm | 601.54 ms
2023-04-12 19:21:17,486 - job0 - wrk 4 | in_comm | 244.20 ms
2023-04-12 19:21:17,486 - job0 - wrk 4 | out_comm | 609.73 ms
2023-04-12 19:21:17,486 - job0 - wrk 5 | in_comm | 244.25 ms
2023-04-12 19:21:17,487 - job0 - wrk 5 | out_comm | 606.86 ms
2023-04-12 19:21:17,487 - job0 - wrk 6 | in_comm | 276.74 ms
2023-04-12 19:21:17,487 - job0 - wrk 6 | out_comm | 600.88 ms
2023-04-12 19:21:17,488 - job0 - wrk 7 | in_comm | 257.66 ms
2023-04-12 19:21:17,488 - job0 - wrk 7 | out_comm | 612.90 ms
2023-04-12 19:21:17,488 - job0 - to_asgd
2023-04-12 19:21:17,488 - job0 - ps sending param
2023-04-12 19:21:20,422 - job0 - wrk 4 | in_comm | 304.76 ms
2023-04-12 19:21:20,422 - job0 - wrk 4 | out_comm | 493.21 ms
2023-04-12 19:21:20,422 - job0 - ps sending param
2023-04-12 19:21:20,438 - job0 - wrk 7 | in_comm | 300.62 ms
2023-04-12 19:21:20,439 - job0 - wrk 7 | out_comm | 493.92 ms
2023-04-12 19:21:20,439 - job0 - ps sending param
2023-04-12 19:21:20,453 - job0 - wrk 0 | in_comm | 296.93 ms
2023-04-12 19:21:20,453 - job0 - wrk 0 | out_comm | 496.34 ms
2023-04-12 19:21:20,454 - job0 - ps sending param
2023-04-12 19:21:20,465 - job0 - wrk 6 | in_comm | 271.30 ms
2023-04-12 19:21:20,467 - job0 - wrk 6 | out_comm | 502.04 ms
2023-04-12 19:21:20,467 - job0 - ps sending param
2023-04-12 19:21:20,506 - job0 - wrk 2 | in_comm | 246.15 ms
2023-04-12 19:21:20,506 - job0 - wrk 2 | out_comm | 499.09 ms
2023-04-12 19:21:20,506 - job0 - ps sending param
2023-04-12 19:21:20,515 - job0 - wrk 3 | in_comm | 316.61 ms
2023-04-12 19:21:20,521 - job0 - wrk 3 | out_comm | 497.49 ms
2023-04-12 19:21:20,522 - job0 - ps sending param
2023-04-12 19:21:20,536 - job0 - wrk 5 | in_comm | 306.60 ms
2023-04-12 19:21:20,539 - job0 - wrk 5 | out_comm | 498.16 ms
2023-04-12 19:21:20,539 - job0 - ps sending param
2023-04-12 19:21:20,550 - job0 - wrk 1 | in_comm | 235.80 ms
2023-04-12 19:21:20,555 - job0 - wrk 1 | out_comm | 498.39 ms
2023-04-12 19:21:20,556 - job0 - ps sending param
2023-04-12 19:21:23,456 - job0 - wrk 7 | in_comm | 240.65 ms
2023-04-12 19:21:23,456 - job0 - wrk 7 | out_comm | 699.37 ms
2023-04-12 19:21:23,457 - job0 - ps sending param
2023-04-12 19:21:23,470 - job0 - wrk 4 | in_comm | 231.42 ms
2023-04-12 19:21:23,470 - job0 - wrk 4 | out_comm | 714.60 ms
2023-04-12 19:21:23,471 - job0 - ps sending param
2023-04-12 19:21:23,484 - job0 - wrk 0 | in_comm | 227.05 ms
2023-04-12 19:21:23,484 - job0 - wrk 0 | out_comm | 687.55 ms
2023-04-12 19:21:23,484 - job0 - ps sending param
2023-04-12 19:21:23,505 - job0 - wrk 5 | in_comm | 219.95 ms
2023-04-12 19:21:23,508 - job0 - wrk 5 | out_comm | 603.18 ms
2023-04-12 19:21:23,509 - job0 - ps sending param
2023-04-12 19:21:23,523 - job0 - wrk 3 | in_comm | 195.27 ms
2023-04-12 19:21:23,524 - job0 - wrk 3 | out_comm | 621.79 ms
2023-04-12 19:21:23,524 - job0 - ps sending param
2023-04-12 19:21:23,537 - job0 - wrk 1 | in_comm | 184.64 ms
2023-04-12 19:21:23,543 - job0 - wrk 1 | out_comm | 590.66 ms
2023-04-12 19:21:23,544 - job0 - ps sending param
2023-04-12 19:21:23,574 - job0 - wrk 2 | in_comm | 141.08 ms
2023-04-12 19:21:23,575 - job0 - wrk 2 | out_comm | 639.72 ms
2023-04-12 19:21:23,575 - job0 - ps sending param
2023-04-12 19:21:23,590 - job0 - wrk 6 | in_comm | 260.01 ms
2023-04-12 19:21:23,591 - job0 - wrk 6 | out_comm | 673.27 ms
2023-04-12 19:21:23,591 - job0 - ps sending param
2023-04-12 19:21:26,477 - job0 - wrk 0 | in_comm | 251.46 ms
2023-04-12 19:21:26,478 - job0 - wrk 0 | out_comm | 658.91 ms
2023-04-12 19:21:26,478 - job0 - ps sending param
2023-04-12 19:21:26,501 - job0 - wrk 4 | in_comm | 251.90 ms
2023-04-12 19:21:26,501 - job0 - wrk 4 | out_comm | 664.12 ms
2023-04-12 19:21:26,502 - job0 - ps sending param
2023-04-12 19:21:26,512 - job0 - wrk 7 | in_comm | 248.37 ms
2023-04-12 19:21:26,512 - job0 - wrk 7 | out_comm | 676.77 ms
2023-04-12 19:21:26,512 - job0 - ps sending param
2023-04-12 19:21:26,526 - job0 - wrk 5 | in_comm | 242.52 ms
2023-04-12 19:21:26,536 - job0 - wrk 5 | out_comm | 636.35 ms
2023-04-12 19:21:26,537 - job0 - ps sending param
2023-04-12 19:21:26,546 - job0 - wrk 1 | in_comm | 239.31 ms
2023-04-12 19:21:26,554 - job0 - wrk 1 | out_comm | 591.58 ms
2023-04-12 19:21:26,555 - job0 - ps sending param
2023-04-12 19:21:26,565 - job0 - wrk 6 | in_comm | 204.12 ms
2023-04-12 19:21:26,568 - job0 - wrk 6 | out_comm | 550.25 ms
2023-04-12 19:21:26,568 - job0 - ps sending param
2023-04-12 19:21:26,585 - job0 - wrk 3 | in_comm | 280.76 ms
2023-04-12 19:21:26,585 - job0 - wrk 3 | out_comm | 614.72 ms
2023-04-12 19:21:26,586 - job0 - ps sending param
2023-04-12 19:21:26,597 - job0 - wrk 2 | in_comm | 181.78 ms
2023-04-12 19:21:26,601 - job0 - wrk 2 | out_comm | 566.11 ms
2023-04-12 19:21:26,602 - job0 - ps sending param
2023-04-12 19:21:29,614 - job0 - wrk 0 | in_comm | 284.12 ms
2023-04-12 19:21:29,614 - job0 - wrk 0 | out_comm | 695.15 ms
2023-04-12 19:21:29,614 - job0 - ps sending param
2023-04-12 19:21:29,628 - job0 - wrk 5 | in_comm | 265.63 ms
2023-04-12 19:21:29,628 - job0 - wrk 5 | out_comm | 642.15 ms
2023-04-12 19:21:29,628 - job0 - ps sending param
2023-04-12 19:21:29,646 - job0 - wrk 6 | in_comm | 264.78 ms
2023-04-12 19:21:29,646 - job0 - wrk 6 | out_comm | 613.86 ms
2023-04-12 19:21:29,647 - job0 - ps sending param
2023-04-12 19:21:29,656 - job0 - wrk 3 | in_comm | 260.14 ms
2023-04-12 19:21:29,663 - job0 - wrk 3 | out_comm | 593.56 ms
2023-04-12 19:21:29,663 - job0 - ps sending param
2023-04-12 19:21:29,674 - job0 - wrk 7 | in_comm | 258.25 ms
2023-04-12 19:21:29,677 - job0 - wrk 7 | out_comm | 674.63 ms
2023-04-12 19:21:29,678 - job0 - ps sending param
2023-04-12 19:21:29,687 - job0 - wrk 1 | in_comm | 240.26 ms
2023-04-12 19:21:29,687 - job0 - wrk 1 | out_comm | 632.15 ms
2023-04-12 19:21:29,687 - job0 - ps sending param
2023-04-12 19:21:29,698 - job0 - wrk 2 | in_comm | 222.43 ms
2023-04-12 19:21:29,703 - job0 - wrk 2 | out_comm | 580.52 ms
2023-04-12 19:21:29,704 - job0 - ps sending param
2023-04-12 19:21:29,727 - job0 - wrk 4 | in_comm | 323.44 ms
2023-04-12 19:21:29,753 - job0 - wrk 4 | out_comm | 674.96 ms
2023-04-12 19:21:29,753 - job0 - ps sending param
2023-04-12 19:21:32,665 - job0 - wrk 4 | in_comm | 246.08 ms
2023-04-12 19:21:32,665 - job0 - wrk 4 | out_comm | 578.52 ms
2023-04-12 19:21:32,665 - job0 - ps sending param
2023-04-12 19:21:32,682 - job0 - wrk 3 | in_comm | 243.12 ms
2023-04-12 19:21:32,682 - job0 - wrk 3 | out_comm | 663.21 ms
2023-04-12 19:21:32,682 - job0 - ps sending param
2023-04-12 19:21:32,703 - job0 - wrk 2 | in_comm | 239.92 ms
2023-04-12 19:21:32,703 - job0 - wrk 2 | out_comm | 621.07 ms
2023-04-12 19:21:32,703 - job0 - ps sending param
2023-04-12 19:21:32,718 - job0 - wrk 6 | in_comm | 240.64 ms
2023-04-12 19:21:32,718 - job0 - wrk 6 | out_comm | 677.81 ms
2023-04-12 19:21:32,718 - job0 - ps sending param
2023-04-12 19:21:32,731 - job0 - wrk 5 | in_comm | 233.06 ms
2023-04-12 19:21:32,731 - job0 - wrk 5 | out_comm | 692.84 ms
2023-04-12 19:21:32,731 - job0 - ps sending param
2023-04-12 19:21:32,745 - job0 - wrk 1 | in_comm | 226.23 ms
2023-04-12 19:21:32,745 - job0 - wrk 1 | out_comm | 638.00 ms
2023-04-12 19:21:32,745 - job0 - ps sending param
2023-04-12 19:21:32,756 - job0 - wrk 7 | in_comm | 225.68 ms
2023-04-12 19:21:32,756 - job0 - wrk 7 | out_comm | 653.33 ms
2023-04-12 19:21:32,757 - job0 - ps sending param
2023-04-12 19:21:32,786 - job0 - wrk 0 | in_comm | 275.35 ms
2023-04-12 19:21:32,786 - job0 - wrk 0 | out_comm | 705.84 ms
2023-04-12 19:21:32,786 - job0 - ps sending param
2023-04-12 19:21:35,157 - job0 - wrk 4 | in_comm | 51.31 ms
2023-04-12 19:21:35,157 - job0 - wrk 4 | out_comm | 50.40 ms
2023-04-12 19:21:35,157 - job0 - ps sending param
2023-04-12 19:21:35,722 - job0 - wrk 2 | in_comm | 283.89 ms
2023-04-12 19:21:35,722 - job0 - wrk 2 | out_comm | 574.62 ms
2023-04-12 19:21:35,722 - job0 - ps sending param
2023-04-12 19:21:35,737 - job0 - wrk 6 | in_comm | 275.44 ms
2023-04-12 19:21:35,738 - job0 - wrk 6 | out_comm | 561.47 ms
2023-04-12 19:21:35,738 - job0 - ps sending param
2023-04-12 19:21:35,756 - job0 - wrk 5 | in_comm | 273.97 ms
2023-04-12 19:21:35,756 - job0 - wrk 5 | out_comm | 550.51 ms
2023-04-12 19:21:35,756 - job0 - ps sending param
2023-04-12 19:21:35,769 - job0 - wrk 3 | in_comm | 247.94 ms
2023-04-12 19:21:35,772 - job0 - wrk 3 | out_comm | 593.49 ms
2023-04-12 19:21:35,772 - job0 - ps sending param
2023-04-12 19:21:35,807 - job0 - wrk 7 | in_comm | 248.34 ms
2023-04-12 19:21:35,810 - job0 - wrk 7 | out_comm | 528.13 ms
2023-04-12 19:21:35,810 - job0 - ps sending param
2023-04-12 19:21:35,822 - job0 - wrk 1 | in_comm | 245.91 ms
2023-04-12 19:21:35,824 - job0 - wrk 1 | out_comm | 536.82 ms
2023-04-12 19:21:35,825 - job0 - ps sending param
2023-04-12 19:21:35,845 - job0 - wrk 0 | in_comm | 326.19 ms
2023-04-12 19:21:35,847 - job0 - wrk 0 | out_comm | 499.08 ms
2023-04-12 19:21:35,847 - job0 - ps sending param
2023-04-12 19:21:37,575 - job0 - wrk 4 | in_comm | 54.23 ms
2023-04-12 19:21:37,576 - job0 - wrk 4 | out_comm | 69.57 ms
2023-04-12 19:21:37,576 - job0 - ps sending param
2023-04-12 19:21:38,597 - job0 - wrk 6 | in_comm | 261.07 ms
2023-04-12 19:21:38,597 - job0 - wrk 6 | out_comm | 500.66 ms
2023-04-12 19:21:38,597 - job0 - ps sending param
2023-04-12 19:21:38,619 - job0 - wrk 7 | in_comm | 254.27 ms
2023-04-12 19:21:38,619 - job0 - wrk 7 | out_comm | 436.62 ms
2023-04-12 19:21:38,619 - job0 - ps sending param
2023-04-12 19:21:38,636 - job0 - wrk 1 | in_comm | 251.52 ms
2023-04-12 19:21:38,636 - job0 - wrk 1 | out_comm | 419.23 ms
2023-04-12 19:21:38,636 - job0 - ps sending param
2023-04-12 19:21:38,645 - job0 - wrk 5 | in_comm | 243.64 ms
2023-04-12 19:21:38,651 - job0 - wrk 5 | out_comm | 484.16 ms
2023-04-12 19:21:38,652 - job0 - ps sending param
2023-04-12 19:21:38,662 - job0 - wrk 2 | in_comm | 256.13 ms
2023-04-12 19:21:38,665 - job0 - wrk 2 | out_comm | 515.09 ms
2023-04-12 19:21:38,665 - job0 - ps sending param
2023-04-12 19:21:38,675 - job0 - wrk 0 | in_comm | 284.61 ms
2023-04-12 19:21:38,675 - job0 - wrk 0 | out_comm | 399.97 ms
2023-04-12 19:21:38,681 - job0 - ps sending param
2023-04-12 19:21:38,690 - job0 - wrk 3 | in_comm | 303.37 ms
2023-04-12 19:21:38,690 - job0 - wrk 3 | out_comm | 471.47 ms
2023-04-12 19:21:38,690 - job0 - ps sending param
2023-04-12 19:21:39,921 - job0 - wrk 4 | in_comm | 44.92 ms
2023-04-12 19:21:39,921 - job0 - wrk 4 | out_comm | 78.13 ms
2023-04-12 19:21:39,921 - job0 - ps sending param
2023-04-12 19:21:41,525 - job0 - wrk 3 | in_comm | 216.92 ms
2023-04-12 19:21:41,525 - job0 - wrk 3 | out_comm | 456.49 ms
2023-04-12 19:21:41,525 - job0 - ps sending param
2023-04-12 19:21:41,595 - job0 - wrk 6 | in_comm | 200.35 ms
2023-04-12 19:21:41,596 - job0 - wrk 6 | out_comm | 544.26 ms
2023-04-12 19:21:41,596 - job0 - ps sending param
2023-04-12 19:21:41,610 - job0 - wrk 0 | in_comm | 200.60 ms
2023-04-12 19:21:41,610 - job0 - wrk 0 | out_comm | 470.16 ms
2023-04-12 19:21:41,610 - job0 - ps sending param
2023-04-12 19:21:41,622 - job0 - wrk 5 | in_comm | 175.67 ms
2023-04-12 19:21:41,622 - job0 - wrk 5 | out_comm | 498.08 ms
2023-04-12 19:21:41,622 - job0 - ps sending param
2023-04-12 19:21:41,646 - job0 - wrk 2 | in_comm | 206.57 ms
2023-04-12 19:21:41,647 - job0 - wrk 2 | out_comm | 481.01 ms
2023-04-12 19:21:41,647 - job0 - ps sending param
2023-04-12 19:21:41,661 - job0 - wrk 7 | in_comm | 310.54 ms
2023-04-12 19:21:41,662 - job0 - wrk 7 | out_comm | 524.05 ms
2023-04-12 19:21:41,662 - job0 - ps sending param
2023-04-12 19:21:41,697 - job0 - wrk 1 | in_comm | 267.79 ms
2023-04-12 19:21:41,697 - job0 - wrk 1 | out_comm | 509.89 ms
2023-04-12 19:21:41,697 - job0 - ps sending param
2023-04-12 19:21:42,201 - job0 - wrk 4 | in_comm | 151.51 ms
2023-04-12 19:21:42,201 - job0 - wrk 4 | out_comm | 62.27 ms
2023-04-12 19:21:42,202 - job0 - ps sending param
2023-04-12 19:21:44,598 - job0 - wrk 0 | in_comm | 293.83 ms
2023-04-12 19:21:44,599 - job0 - wrk 0 | out_comm | 595.27 ms
2023-04-12 19:21:44,599 - job0 - ps sending param
2023-04-12 19:21:44,622 - job0 - wrk 3 | in_comm | 294.48 ms
2023-04-12 19:21:44,623 - job0 - wrk 3 | out_comm | 668.20 ms
2023-04-12 19:21:44,623 - job0 - ps sending param
2023-04-12 19:21:44,641 - job0 - wrk 6 | in_comm | 292.86 ms
2023-04-12 19:21:44,641 - job0 - wrk 6 | out_comm | 595.42 ms
2023-04-12 19:21:44,642 - job0 - ps sending param
2023-04-12 19:21:44,655 - job0 - wrk 5 | in_comm | 269.91 ms
2023-04-12 19:21:44,658 - job0 - wrk 5 | out_comm | 571.71 ms
2023-04-12 19:21:44,658 - job0 - ps sending param
2023-04-12 19:21:44,668 - job0 - wrk 2 | in_comm | 267.73 ms
2023-04-12 19:21:44,669 - job0 - wrk 2 | out_comm | 548.73 ms
2023-04-12 19:21:44,669 - job0 - ps sending param
2023-04-12 19:21:44,735 - job0 - wrk 1 | in_comm | 264.71 ms
2023-04-12 19:21:44,735 - job0 - wrk 1 | out_comm | 508.04 ms
2023-04-12 19:21:44,735 - job0 - ps sending param
2023-04-12 19:21:44,758 - job0 - wrk 4 | in_comm | 226.52 ms
2023-04-12 19:21:44,758 - job0 - wrk 4 | out_comm | 56.20 ms
2023-04-12 19:21:44,759 - job0 - ps sending param
2023-04-12 19:21:44,778 - job0 - wrk 7 | in_comm | 332.73 ms
2023-04-12 19:21:44,781 - job0 - wrk 7 | out_comm | 534.46 ms
2023-04-12 19:21:44,781 - job0 - ps sending param
2023-04-12 19:21:47,494 - job0 - wrk 4 | in_comm | 45.14 ms
2023-04-12 19:21:47,494 - job0 - wrk 4 | out_comm | 613.34 ms
2023-04-12 19:21:47,494 - job0 - ps sending param
2023-04-12 19:21:47,828 - job0 - wrk 7 | in_comm | 317.71 ms
2023-04-12 19:21:47,828 - job0 - wrk 7 | out_comm | 586.33 ms
2023-04-12 19:21:47,828 - job0 - ps sending param
2023-04-12 19:21:47,841 - job0 - wrk 6 | in_comm | 316.34 ms
2023-04-12 19:21:47,841 - job0 - wrk 6 | out_comm | 722.17 ms
2023-04-12 19:21:47,841 - job0 - ps sending param
2023-04-12 19:21:47,858 - job0 - wrk 1 | in_comm | 300.17 ms
2023-04-12 19:21:47,858 - job0 - wrk 1 | out_comm | 633.53 ms
2023-04-12 19:21:47,858 - job0 - ps sending param
2023-04-12 19:21:47,877 - job0 - wrk 5 | in_comm | 285.09 ms
2023-04-12 19:21:47,881 - job0 - wrk 5 | out_comm | 706.32 ms
2023-04-12 19:21:47,882 - job0 - ps sending param
2023-04-12 19:21:47,895 - job0 - wrk 3 | in_comm | 263.99 ms
2023-04-12 19:21:47,896 - job0 - wrk 3 | out_comm | 740.87 ms
2023-04-12 19:21:47,900 - job0 - ps sending param
2023-04-12 19:21:48,253 - job0 - wrk 2 | in_comm | 650.71 ms
2023-04-12 19:21:48,253 - job0 - wrk 2 | out_comm | 706.02 ms
2023-04-12 19:21:48,253 - job0 - ps sending param
2023-04-12 19:21:48,266 - job0 - wrk 0 | in_comm | 767.48 ms
2023-04-12 19:21:48,266 - job0 - wrk 0 | out_comm | 762.11 ms
2023-04-12 19:21:48,267 - job0 - ps sending param
2023-04-12 19:21:50,102 - job0 - wrk 4 | in_comm | 44.98 ms
2023-04-12 19:21:50,102 - job0 - wrk 4 | out_comm | 319.89 ms
2023-04-12 19:21:50,102 - job0 - ps sending param
2023-04-12 19:21:50,648 - job0 - wrk 1 | in_comm | 261.03 ms
2023-04-12 19:21:50,648 - job0 - wrk 1 | out_comm | 410.77 ms
2023-04-12 19:21:50,649 - job0 - ps sending param
2023-04-12 19:21:50,661 - job0 - wrk 5 | in_comm | 243.04 ms
2023-04-12 19:21:50,662 - job0 - wrk 5 | out_comm | 397.26 ms
2023-04-12 19:21:50,662 - job0 - ps sending param
2023-04-12 19:21:50,675 - job0 - wrk 3 | in_comm | 224.43 ms
2023-04-12 19:21:50,675 - job0 - wrk 3 | out_comm | 368.21 ms
2023-04-12 19:21:50,675 - job0 - ps sending param
2023-04-12 19:21:50,689 - job0 - wrk 7 | in_comm | 147.23 ms
2023-04-12 19:21:50,690 - job0 - wrk 7 | out_comm | 431.72 ms
2023-04-12 19:21:50,690 - job0 - ps sending param
2023-04-12 19:21:50,980 - job0 - wrk 0 | in_comm | 401.66 ms
2023-04-12 19:21:50,980 - job0 - wrk 0 | out_comm | 227.37 ms
2023-04-12 19:21:50,981 - job0 - ps sending param
2023-04-12 19:21:51,014 - job0 - wrk 6 | in_comm | 602.93 ms
2023-04-12 19:21:51,014 - job0 - wrk 6 | out_comm | 424.68 ms
2023-04-12 19:21:51,014 - job0 - ps sending param
2023-04-12 19:21:51,034 - job0 - wrk 2 | in_comm | 374.08 ms
2023-04-12 19:21:51,037 - job0 - wrk 2 | out_comm | 239.73 ms
2023-04-12 19:21:51,037 - job0 - ps sending param
2023-04-12 19:21:52,344 - job0 - wrk 4 | in_comm | 51.86 ms
2023-04-12 19:21:52,345 - job0 - wrk 4 | out_comm | 76.15 ms
2023-04-12 19:21:52,345 - job0 - ps sending param
2023-04-12 19:21:53,322 - job0 - wrk 5 | in_comm | 163.54 ms
2023-04-12 19:21:53,322 - job0 - wrk 5 | out_comm | 333.82 ms
2023-04-12 19:21:53,322 - job0 - ps sending param
2023-04-12 19:21:53,342 - job0 - wrk 7 | in_comm | 149.37 ms
2023-04-12 19:21:53,343 - job0 - wrk 7 | out_comm | 300.48 ms
2023-04-12 19:21:53,343 - job0 - ps sending param
2023-04-12 19:21:53,356 - job0 - wrk 1 | in_comm | 144.83 ms
2023-04-12 19:21:53,357 - job0 - wrk 1 | out_comm | 339.12 ms
2023-04-12 19:21:53,358 - job0 - ps sending param
2023-04-12 19:21:53,376 - job0 - wrk 0 | in_comm | 96.56 ms
2023-04-12 19:21:53,376 - job0 - wrk 0 | out_comm | 58.34 ms
2023-04-12 19:21:53,376 - job0 - ps sending param
2023-04-12 19:21:53,385 - job0 - wrk 3 | in_comm | 201.23 ms
2023-04-12 19:21:53,385 - job0 - wrk 3 | out_comm | 322.25 ms
2023-04-12 19:21:53,385 - job0 - ps sending param
2023-04-12 19:21:53,749 - job0 - wrk 6 | in_comm | 378.09 ms
2023-04-12 19:21:53,749 - job0 - wrk 6 | out_comm | 243.78 ms
2023-04-12 19:21:53,749 - job0 - ps sending param
2023-04-12 19:21:53,765 - job0 - wrk 2 | in_comm | 334.80 ms
2023-04-12 19:21:53,765 - job0 - wrk 2 | out_comm | 222.66 ms
2023-04-12 19:21:53,765 - job0 - ps sending param
2023-04-12 19:21:54,654 - job0 - wrk 4 | in_comm | 45.20 ms
2023-04-12 19:21:54,654 - job0 - wrk 4 | out_comm | 75.07 ms
2023-04-12 19:21:54,654 - job0 - ps sending param
2023-04-12 19:21:55,707 - job0 - wrk 7 | in_comm | 42.10 ms
2023-04-12 19:21:55,707 - job0 - wrk 7 | out_comm | 395.00 ms
2023-04-12 19:21:55,707 - job0 - ps sending param
2023-04-12 19:21:55,915 - job0 - wrk 1 | in_comm | 160.53 ms
2023-04-12 19:21:55,915 - job0 - wrk 1 | out_comm | 380.39 ms
2023-04-12 19:21:55,916 - job0 - ps sending param
2023-04-12 19:21:55,934 - job0 - wrk 3 | in_comm | 197.17 ms
2023-04-12 19:21:55,934 - job0 - wrk 3 | out_comm | 355.13 ms
2023-04-12 19:21:55,934 - job0 - ps sending param
2023-04-12 19:21:55,949 - job0 - wrk 5 | in_comm | 195.96 ms
2023-04-12 19:21:55,949 - job0 - wrk 5 | out_comm | 413.10 ms
2023-04-12 19:21:55,949 - job0 - ps sending param
2023-04-12 19:21:55,973 - job0 - wrk 0 | in_comm | 112.81 ms
2023-04-12 19:21:55,974 - job0 - wrk 0 | out_comm | 377.09 ms
2023-04-12 19:21:55,974 - job0 - ps sending param
2023-04-12 19:21:56,390 - job0 - wrk 6 | in_comm | 429.07 ms
2023-04-12 19:21:56,390 - job0 - wrk 6 | out_comm | 229.17 ms
2023-04-12 19:21:56,391 - job0 - ps sending param
2023-04-12 19:21:56,407 - job0 - wrk 2 | in_comm | 340.27 ms
2023-04-12 19:21:56,407 - job0 - wrk 2 | out_comm | 214.11 ms
2023-04-12 19:21:56,407 - job0 - ps sending param
2023-04-12 19:21:56,975 - job0 - wrk 4 | in_comm | 46.30 ms
2023-04-12 19:21:56,976 - job0 - wrk 4 | out_comm | 103.92 ms
2023-04-12 19:21:56,976 - job0 - ps sending param
2023-04-12 19:21:58,239 - job0 - wrk 7 | in_comm | 51.18 ms
2023-04-12 19:21:58,239 - job0 - wrk 7 | out_comm | 196.18 ms
2023-04-12 19:21:58,239 - job0 - ps sending param
2023-04-12 19:21:58,637 - job0 - wrk 5 | in_comm | 135.62 ms
2023-04-12 19:21:58,637 - job0 - wrk 5 | out_comm | 432.44 ms
2023-04-12 19:21:58,637 - job0 - ps sending param
2023-04-12 19:21:58,651 - job0 - wrk 1 | in_comm | 113.57 ms
2023-04-12 19:21:58,651 - job0 - wrk 1 | out_comm | 462.19 ms
2023-04-12 19:21:58,652 - job0 - ps sending param
2023-04-12 19:21:58,668 - job0 - wrk 0 | in_comm | 72.79 ms
2023-04-12 19:21:58,669 - job0 - wrk 0 | out_comm | 406.96 ms
2023-04-12 19:21:58,669 - job0 - ps sending param
2023-04-12 19:21:58,680 - job0 - wrk 3 | in_comm | 172.49 ms
2023-04-12 19:21:58,683 - job0 - wrk 3 | out_comm | 445.29 ms
2023-04-12 19:21:58,683 - job0 - ps sending param
2023-04-12 19:21:59,100 - job0 - wrk 6 | in_comm | 303.86 ms
2023-04-12 19:21:59,101 - job0 - wrk 6 | out_comm | 277.57 ms
2023-04-12 19:21:59,101 - job0 - ps sending param
2023-04-12 19:21:59,115 - job0 - wrk 2 | in_comm | 236.48 ms
2023-04-12 19:21:59,115 - job0 - wrk 2 | out_comm | 262.07 ms
2023-04-12 19:21:59,115 - job0 - ps sending param
2023-04-12 19:21:59,319 - job0 - wrk 4 | in_comm | 182.58 ms
2023-04-12 19:21:59,320 - job0 - wrk 4 | out_comm | 81.49 ms
2023-04-12 19:21:59,320 - job0 - ps sending param
2023-04-12 19:22:00,591 - job0 - wrk 7 | in_comm | 36.78 ms
2023-04-12 19:22:00,591 - job0 - wrk 7 | out_comm | 72.44 ms
2023-04-12 19:22:00,591 - job0 - ps sending param
2023-04-12 19:22:01,389 - job0 - wrk 0 | in_comm | 133.27 ms
2023-04-12 19:22:01,390 - job0 - wrk 0 | out_comm | 424.39 ms
2023-04-12 19:22:01,391 - job0 - ps sending param
2023-04-12 19:22:01,414 - job0 - wrk 5 | in_comm | 130.06 ms
2023-04-12 19:22:01,415 - job0 - wrk 5 | out_comm | 452.39 ms
2023-04-12 19:22:01,415 - job0 - ps sending param
2023-04-12 19:22:01,426 - job0 - wrk 1 | in_comm | 58.79 ms
2023-04-12 19:22:01,429 - job0 - wrk 1 | out_comm | 439.33 ms
2023-04-12 19:22:01,429 - job0 - ps sending param
2023-04-12 19:22:01,445 - job0 - wrk 3 | in_comm | 99.93 ms
2023-04-12 19:22:01,445 - job0 - wrk 3 | out_comm | 408.63 ms
2023-04-12 19:22:01,446 - job0 - ps sending param
2023-04-12 19:22:01,908 - job0 - wrk 6 | in_comm | 435.17 ms
2023-04-12 19:22:01,908 - job0 - wrk 6 | out_comm | 207.80 ms
2023-04-12 19:22:01,908 - job0 - ps sending param
2023-04-12 19:22:01,929 - job0 - wrk 4 | in_comm | 410.14 ms
2023-04-12 19:22:01,929 - job0 - wrk 4 | out_comm | 66.78 ms
2023-04-12 19:22:01,929 - job0 - ps sending param
2023-04-12 19:22:01,938 - job0 - wrk 2 | in_comm | 360.31 ms
2023-04-12 19:22:01,949 - job0 - wrk 2 | out_comm | 195.94 ms
2023-04-12 19:22:01,950 - job0 - ps sending param
2023-04-12 19:22:02,924 - job0 - wrk 7 | in_comm | 77.99 ms
2023-04-12 19:22:02,924 - job0 - wrk 7 | out_comm | 76.97 ms
2023-04-12 19:22:02,924 - job0 - ps sending param
2023-04-12 19:22:04,142 - job0 - wrk 5 | in_comm | 135.99 ms
2023-04-12 19:22:04,142 - job0 - wrk 5 | out_comm | 479.84 ms
2023-04-12 19:22:04,142 - job0 - ps sending param
2023-04-12 19:22:04,177 - job0 - wrk 0 | in_comm | 63.34 ms
2023-04-12 19:22:04,177 - job0 - wrk 0 | out_comm | 503.48 ms
2023-04-12 19:22:04,177 - job0 - ps sending param
2023-04-12 19:22:04,199 - job0 - wrk 3 | in_comm | 93.44 ms
2023-04-12 19:22:04,207 - job0 - wrk 3 | out_comm | 451.78 ms
2023-04-12 19:22:04,208 - job0 - ps sending param
2023-04-12 19:22:04,221 - job0 - wrk 1 | in_comm | 54.75 ms
2023-04-12 19:22:04,221 - job0 - wrk 1 | out_comm | 466.61 ms
2023-04-12 19:22:04,221 - job0 - ps sending param
2023-04-12 19:22:04,591 - job0 - wrk 2 | in_comm | 101.83 ms
2023-04-12 19:22:04,591 - job0 - wrk 2 | out_comm | 276.10 ms
2023-04-12 19:22:04,592 - job0 - ps sending param
2023-04-12 19:22:04,616 - job0 - wrk 4 | in_comm | 230.66 ms
2023-04-12 19:22:04,617 - job0 - wrk 4 | out_comm | 294.62 ms
2023-04-12 19:22:04,617 - job0 - ps sending param
2023-04-12 19:22:04,631 - job0 - wrk 6 | in_comm | 231.59 ms
2023-04-12 19:22:04,634 - job0 - wrk 6 | out_comm | 315.35 ms
2023-04-12 19:22:04,635 - job0 - ps sending param
2023-04-12 19:22:05,175 - job0 - wrk 7 | in_comm | 50.47 ms
2023-04-12 19:22:05,176 - job0 - wrk 7 | out_comm | 70.41 ms
2023-04-12 19:22:05,176 - job0 - ps sending param
2023-04-12 19:22:06,463 - job0 - wrk 5 | in_comm | 59.86 ms
2023-04-12 19:22:06,464 - job0 - wrk 5 | out_comm | 73.80 ms
2023-04-12 19:22:06,464 - job0 - ps sending param
2023-04-12 19:22:06,854 - job0 - wrk 1 | in_comm | 95.32 ms
2023-04-12 19:22:06,854 - job0 - wrk 1 | out_comm | 358.19 ms
2023-04-12 19:22:06,854 - job0 - ps sending param
2023-04-12 19:22:06,866 - job0 - wrk 3 | in_comm | 62.67 ms
2023-04-12 19:22:06,866 - job0 - wrk 3 | out_comm | 373.61 ms
2023-04-12 19:22:06,866 - job0 - ps sending param
2023-04-12 19:22:06,882 - job0 - wrk 0 | in_comm | 105.86 ms
2023-04-12 19:22:06,882 - job0 - wrk 0 | out_comm | 403.78 ms
2023-04-12 19:22:06,883 - job0 - ps sending param
2023-04-12 19:22:07,253 - job0 - wrk 6 | in_comm | 298.09 ms
2023-04-12 19:22:07,253 - job0 - wrk 6 | out_comm | 196.77 ms
2023-04-12 19:22:07,253 - job0 - ps sending param
2023-04-12 19:22:07,267 - job0 - wrk 4 | in_comm | 273.17 ms
2023-04-12 19:22:07,267 - job0 - wrk 4 | out_comm | 215.02 ms
2023-04-12 19:22:07,268 - job0 - ps sending param
2023-04-12 19:22:07,282 - job0 - wrk 2 | in_comm | 189.09 ms
2023-04-12 19:22:07,282 - job0 - wrk 2 | out_comm | 238.80 ms
2023-04-12 19:22:07,285 - job0 - ps sending param
2023-04-12 19:22:07,627 - job0 - wrk 7 | in_comm | 175.43 ms
2023-04-12 19:22:07,627 - job0 - wrk 7 | out_comm | 83.03 ms
2023-04-12 19:22:07,627 - job0 - ps sending param
2023-04-12 19:22:08,756 - job0 - wrk 5 | in_comm | 53.95 ms
2023-04-12 19:22:08,756 - job0 - wrk 5 | out_comm | 79.78 ms
2023-04-12 19:22:08,756 - job0 - ps sending param
2023-04-12 19:22:09,502 - job0 - wrk 0 | in_comm | 94.86 ms
2023-04-12 19:22:09,503 - job0 - wrk 0 | out_comm | 365.48 ms
2023-04-12 19:22:09,503 - job0 - ps sending param
2023-04-12 19:22:09,530 - job0 - wrk 3 | in_comm | 90.48 ms
2023-04-12 19:22:09,530 - job0 - wrk 3 | out_comm | 378.21 ms
2023-04-12 19:22:09,530 - job0 - ps sending param
2023-04-12 19:22:09,717 - job0 - wrk 1 | in_comm | 180.39 ms
2023-04-12 19:22:09,717 - job0 - wrk 1 | out_comm | 391.18 ms
2023-04-12 19:22:09,725 - job0 - ps sending param
2023-04-12 19:22:09,821 - job0 - wrk 6 | in_comm | 116.54 ms
2023-04-12 19:22:09,822 - job0 - wrk 6 | out_comm | 369.53 ms
2023-04-12 19:22:09,822 - job0 - ps sending param
2023-04-12 19:22:09,844 - job0 - wrk 4 | in_comm | 77.53 ms
2023-04-12 19:22:09,848 - job0 - wrk 4 | out_comm | 355.67 ms
2023-04-12 19:22:09,848 - job0 - ps sending param
2023-04-12 19:22:10,137 - job0 - wrk 2 | in_comm | 282.69 ms
2023-04-12 19:22:10,137 - job0 - wrk 2 | out_comm | 338.84 ms
2023-04-12 19:22:10,137 - job0 - ps sending param
2023-04-12 19:22:10,161 - job0 - wrk 7 | in_comm | 294.16 ms
2023-04-12 19:22:10,161 - job0 - wrk 7 | out_comm | 90.82 ms
2023-04-12 19:22:10,162 - job0 - ps sending param
2023-04-12 19:22:11,112 - job0 - wrk 5 | in_comm | 50.17 ms
2023-04-12 19:22:11,113 - job0 - wrk 5 | out_comm | 75.88 ms
2023-04-12 19:22:11,113 - job0 - ps sending param
2023-04-12 19:22:12,069 - job0 - wrk 0 | in_comm | 105.58 ms
2023-04-12 19:22:12,069 - job0 - wrk 0 | out_comm | 173.67 ms
2023-04-12 19:22:12,069 - job0 - ps sending param
2023-04-12 19:22:12,133 - job0 - wrk 1 | in_comm | 57.76 ms
2023-04-12 19:22:12,133 - job0 - wrk 1 | out_comm | 89.46 ms
2023-04-12 19:22:12,133 - job0 - ps sending param
2023-04-12 19:22:12,149 - job0 - wrk 3 | in_comm | 119.94 ms
2023-04-12 19:22:12,149 - job0 - wrk 3 | out_comm | 149.25 ms
2023-04-12 19:22:12,150 - job0 - ps sending param
2023-04-12 19:22:12,558 - job0 - wrk 4 | in_comm | 273.05 ms
2023-04-12 19:22:12,558 - job0 - wrk 4 | out_comm | 281.67 ms
2023-04-12 19:22:12,558 - job0 - ps sending param
2023-04-12 19:22:12,574 - job0 - wrk 6 | in_comm | 250.69 ms
2023-04-12 19:22:12,574 - job0 - wrk 6 | out_comm | 307.35 ms
2023-04-12 19:22:12,574 - job0 - ps sending param
2023-04-12 19:22:12,585 - job0 - wrk 7 | in_comm | 68.92 ms
2023-04-12 19:22:12,585 - job0 - wrk 7 | out_comm | 229.38 ms
2023-04-12 19:22:12,585 - job0 - ps sending param
2023-04-12 19:22:12,925 - job0 - wrk 2 | in_comm | 347.43 ms
2023-04-12 19:22:12,925 - job0 - wrk 2 | out_comm | 251.10 ms
2023-04-12 19:22:12,925 - job0 - ps sending param
2023-04-12 19:22:13,417 - job0 - wrk 5 | in_comm | 50.66 ms
2023-04-12 19:22:13,418 - job0 - wrk 5 | out_comm | 80.86 ms
2023-04-12 19:22:13,418 - job0 - ps sending param
2023-04-12 19:22:14,784 - job0 - wrk 0 | in_comm | 128.88 ms
2023-04-12 19:22:14,784 - job0 - wrk 0 | out_comm | 479.43 ms
2023-04-12 19:22:14,784 - job0 - ps sending param
2023-04-12 19:22:14,800 - job0 - wrk 3 | in_comm | 56.37 ms
2023-04-12 19:22:14,801 - job0 - wrk 3 | out_comm | 399.20 ms
2023-04-12 19:22:14,801 - job0 - ps sending param
2023-04-12 19:22:15,225 - job0 - wrk 6 | in_comm | 162.70 ms
2023-04-12 19:22:15,225 - job0 - wrk 6 | out_comm | 345.22 ms
2023-04-12 19:22:15,225 - job0 - ps sending param
2023-04-12 19:22:15,239 - job0 - wrk 4 | in_comm | 145.76 ms
2023-04-12 19:22:15,240 - job0 - wrk 4 | out_comm | 358.96 ms
2023-04-12 19:22:15,240 - job0 - ps sending param
2023-04-12 19:22:15,257 - job0 - wrk 2 | in_comm | 62.99 ms
2023-04-12 19:22:15,257 - job0 - wrk 2 | out_comm | 77.82 ms
2023-04-12 19:22:15,257 - job0 - ps sending param
2023-04-12 19:22:15,278 - job0 - wrk 1 | in_comm | 435.55 ms
2023-04-12 19:22:15,289 - job0 - wrk 1 | out_comm | 415.31 ms
2023-04-12 19:22:15,289 - job0 - ps sending param
2023-04-12 19:22:15,309 - job0 - wrk 7 | in_comm | 166.27 ms
2023-04-12 19:22:15,310 - job0 - wrk 7 | out_comm | 342.73 ms
2023-04-12 19:22:15,310 - job0 - ps sending param
2023-04-12 19:22:15,703 - job0 - wrk 5 | in_comm | 95.85 ms
2023-04-12 19:22:15,703 - job0 - wrk 5 | out_comm | 66.84 ms
2023-04-12 19:22:15,703 - job0 - ps sending param
2023-04-12 19:22:17,563 - job0 - wrk 3 | in_comm | 118.26 ms
2023-04-12 19:22:17,563 - job0 - wrk 3 | out_comm | 413.74 ms
2023-04-12 19:22:17,563 - job0 - ps sending param
2023-04-12 19:22:17,581 - job0 - wrk 0 | in_comm | 95.15 ms
2023-04-12 19:22:17,581 - job0 - wrk 0 | out_comm | 428.38 ms
2023-04-12 19:22:17,582 - job0 - ps sending param
2023-04-12 19:22:17,596 - job0 - wrk 6 | in_comm | 130.45 ms
2023-04-12 19:22:17,596 - job0 - wrk 6 | out_comm | 74.89 ms
2023-04-12 19:22:17,596 - job0 - ps sending param
2023-04-12 19:22:18,008 - job0 - wrk 7 | in_comm | 206.64 ms
2023-04-12 19:22:18,008 - job0 - wrk 7 | out_comm | 388.08 ms
2023-04-12 19:22:18,008 - job0 - ps sending param
2023-04-12 19:22:18,024 - job0 - wrk 4 | in_comm | 179.30 ms
2023-04-12 19:22:18,024 - job0 - wrk 4 | out_comm | 452.71 ms
2023-04-12 19:22:18,024 - job0 - ps sending param
2023-04-12 19:22:18,049 - job0 - wrk 5 | in_comm | 147.97 ms
2023-04-12 19:22:18,050 - job0 - wrk 5 | out_comm | 75.45 ms
2023-04-12 19:22:18,050 - job0 - ps sending param
2023-04-12 19:22:18,081 - job0 - wrk 2 | in_comm | 150.68 ms
2023-04-12 19:22:18,082 - job0 - wrk 2 | out_comm | 437.79 ms
2023-04-12 19:22:18,082 - job0 - ps sending param
2023-04-12 19:22:18,092 - job0 - wrk 1 | in_comm | 62.68 ms
2023-04-12 19:22:18,094 - job0 - wrk 1 | out_comm | 404.47 ms
2023-04-12 19:22:18,095 - job0 - ps sending param
2023-04-12 19:22:20,165 - job0 - wrk 3 | in_comm | 41.32 ms
2023-04-12 19:22:20,165 - job0 - wrk 3 | out_comm | 390.40 ms
2023-04-12 19:22:20,165 - job0 - ps sending param
2023-04-12 19:22:20,334 - job0 - wrk 0 | in_comm | 102.81 ms
2023-04-12 19:22:20,334 - job0 - wrk 0 | out_comm | 374.80 ms
2023-04-12 19:22:20,334 - job0 - ps sending param
2023-04-12 19:22:20,349 - job0 - wrk 6 | in_comm | 153.34 ms
2023-04-12 19:22:20,349 - job0 - wrk 6 | out_comm | 362.93 ms
2023-04-12 19:22:20,350 - job0 - ps sending param
2023-04-12 19:22:20,809 - job0 - wrk 5 | in_comm | 176.74 ms
2023-04-12 19:22:20,809 - job0 - wrk 5 | out_comm | 486.38 ms
2023-04-12 19:22:20,809 - job0 - ps sending param
2023-04-12 19:22:20,831 - job0 - wrk 1 | in_comm | 142.65 ms
2023-04-12 19:22:20,832 - job0 - wrk 1 | out_comm | 444.96 ms
2023-04-12 19:22:20,832 - job0 - ps sending param
2023-04-12 19:22:20,848 - job0 - wrk 4 | in_comm | 112.61 ms
2023-04-12 19:22:20,848 - job0 - wrk 4 | out_comm | 511.08 ms
2023-04-12 19:22:20,848 - job0 - ps sending param
2023-04-12 19:22:20,872 - job0 - wrk 2 | in_comm | 88.09 ms
2023-04-12 19:22:20,872 - job0 - wrk 2 | out_comm | 456.98 ms
2023-04-12 19:22:20,872 - job0 - ps sending param
2023-04-12 19:22:20,885 - job0 - wrk 7 | in_comm | 78.28 ms
2023-04-12 19:22:20,885 - job0 - wrk 7 | out_comm | 524.99 ms
2023-04-12 19:22:20,886 - job0 - ps sending param
2023-04-12 19:22:22,578 - job0 - wrk 3 | in_comm | 51.93 ms
2023-04-12 19:22:22,578 - job0 - wrk 3 | out_comm | 161.28 ms
2023-04-12 19:22:22,579 - job0 - ps sending param
2023-04-12 19:22:22,868 - job0 - wrk 0 | in_comm | 62.08 ms
2023-04-12 19:22:22,868 - job0 - wrk 0 | out_comm | 284.73 ms
2023-04-12 19:22:22,869 - job0 - ps sending param
2023-04-12 19:22:22,879 - job0 - wrk 6 | in_comm | 85.58 ms
2023-04-12 19:22:22,879 - job0 - wrk 6 | out_comm | 271.56 ms
2023-04-12 19:22:22,880 - job0 - ps sending param
2023-04-12 19:22:23,165 - job0 - wrk 5 | in_comm | 91.60 ms
2023-04-12 19:22:23,166 - job0 - wrk 5 | out_comm | 55.26 ms
2023-04-12 19:22:23,166 - job0 - ps sending param
2023-04-12 19:22:23,490 - job0 - wrk 2 | in_comm | 133.29 ms
2023-04-12 19:22:23,491 - job0 - wrk 2 | out_comm | 343.50 ms
2023-04-12 19:22:23,491 - job0 - ps sending param
2023-04-12 19:22:23,512 - job0 - wrk 7 | in_comm | 122.87 ms
2023-04-12 19:22:23,512 - job0 - wrk 7 | out_comm | 330.26 ms
2023-04-12 19:22:23,512 - job0 - ps sending param
2023-04-12 19:22:23,524 - job0 - wrk 4 | in_comm | 90.99 ms
2023-04-12 19:22:23,524 - job0 - wrk 4 | out_comm | 366.87 ms
2023-04-12 19:22:23,525 - job0 - ps sending param
2023-04-12 19:22:23,556 - job0 - wrk 1 | in_comm | 163.51 ms
2023-04-12 19:22:23,557 - job0 - wrk 1 | out_comm | 381.57 ms
2023-04-12 19:22:23,557 - job0 - ps sending param
2023-04-12 19:22:25,021 - job0 - wrk 3 | in_comm | 47.15 ms
2023-04-12 19:22:25,022 - job0 - wrk 3 | out_comm | 79.29 ms
2023-04-12 19:22:25,022 - job0 - ps sending param
2023-04-12 19:22:25,431 - job0 - wrk 6 | in_comm | 78.22 ms
2023-04-12 19:22:25,431 - job0 - wrk 6 | out_comm | 282.52 ms
2023-04-12 19:22:25,431 - job0 - ps sending param
2023-04-12 19:22:25,524 - job0 - wrk 5 | in_comm | 114.06 ms
2023-04-12 19:22:25,524 - job0 - wrk 5 | out_comm | 81.70 ms
2023-04-12 19:22:25,524 - job0 - ps sending param
2023-04-12 19:22:25,539 - job0 - wrk 0 | in_comm | 53.74 ms
2023-04-12 19:22:25,540 - job0 - wrk 0 | out_comm | 291.40 ms
2023-04-12 19:22:25,540 - job0 - ps sending param
2023-04-12 19:22:26,160 - job0 - wrk 7 | in_comm | 157.95 ms
2023-04-12 19:22:26,160 - job0 - wrk 7 | out_comm | 408.06 ms
2023-04-12 19:22:26,161 - job0 - ps sending param
2023-04-12 19:22:26,176 - job0 - wrk 1 | in_comm | 88.43 ms
2023-04-12 19:22:26,177 - job0 - wrk 1 | out_comm | 363.18 ms
2023-04-12 19:22:26,177 - job0 - ps sending param
2023-04-12 19:22:26,193 - job0 - wrk 2 | in_comm | 67.54 ms
2023-04-12 19:22:26,193 - job0 - wrk 2 | out_comm | 426.88 ms
2023-04-12 19:22:26,193 - job0 - ps sending param
2023-04-12 19:22:26,208 - job0 - wrk 4 | in_comm | 125.89 ms
2023-04-12 19:22:26,209 - job0 - wrk 4 | out_comm | 394.65 ms
2023-04-12 19:22:26,209 - job0 - ps sending param
2023-04-12 19:22:27,398 - job0 - wrk 3 | in_comm | 51.13 ms
2023-04-12 19:22:27,398 - job0 - wrk 3 | out_comm | 80.80 ms
2023-04-12 19:22:27,398 - job0 - ps sending param
2023-04-12 19:22:27,740 - job0 - wrk 6 | in_comm | 56.00 ms
2023-04-12 19:22:27,740 - job0 - wrk 6 | out_comm | 86.36 ms
2023-04-12 19:22:27,740 - job0 - ps sending param
2023-04-12 19:22:27,997 - job0 - wrk 0 | in_comm | 71.66 ms
2023-04-12 19:22:27,997 - job0 - wrk 0 | out_comm | 231.54 ms
2023-04-12 19:22:27,997 - job0 - ps sending param
2023-04-12 19:22:28,019 - job0 - wrk 5 | in_comm | 87.66 ms
2023-04-12 19:22:28,020 - job0 - wrk 5 | out_comm | 245.47 ms
2023-04-12 19:22:28,020 - job0 - ps sending param
2023-04-12 19:22:28,405 - job0 - wrk 7 | in_comm | 43.23 ms
2023-04-12 19:22:28,405 - job0 - wrk 7 | out_comm | 62.58 ms
2023-04-12 19:22:28,405 - job0 - ps sending param
2023-04-12 19:22:28,681 - job0 - wrk 2 | in_comm | 60.21 ms
2023-04-12 19:22:28,681 - job0 - wrk 2 | out_comm | 290.20 ms
2023-04-12 19:22:28,681 - job0 - ps sending param
2023-04-12 19:22:28,775 - job0 - wrk 1 | in_comm | 187.83 ms
2023-04-12 19:22:28,775 - job0 - wrk 1 | out_comm | 303.15 ms
2023-04-12 19:22:28,775 - job0 - ps sending param
2023-04-12 19:22:28,790 - job0 - wrk 4 | in_comm | 116.06 ms
2023-04-12 19:22:28,790 - job0 - wrk 4 | out_comm | 276.01 ms
2023-04-12 19:22:28,790 - job0 - ps sending param
2023-04-12 19:22:29,816 - job0 - wrk 3 | in_comm | 49.02 ms
2023-04-12 19:22:29,816 - job0 - wrk 3 | out_comm | 78.61 ms
2023-04-12 19:22:29,817 - job0 - ps sending param
2023-04-12 19:22:30,348 - job0 - wrk 6 | in_comm | 51.41 ms
2023-04-12 19:22:30,349 - job0 - wrk 6 | out_comm | 79.69 ms
2023-04-12 19:22:30,349 - job0 - ps sending param
2023-04-12 19:22:30,527 - job0 - wrk 5 | in_comm | 145.29 ms
2023-04-12 19:22:30,527 - job0 - wrk 5 | out_comm | 247.57 ms
2023-04-12 19:22:30,527 - job0 - ps sending param
2023-04-12 19:22:30,547 - job0 - wrk 0 | in_comm | 105.18 ms
2023-04-12 19:22:30,547 - job0 - wrk 0 | out_comm | 270.02 ms
2023-04-12 19:22:30,548 - job0 - ps sending param
2023-04-12 19:22:30,833 - job0 - wrk 7 | in_comm | 227.73 ms
2023-04-12 19:22:30,833 - job0 - wrk 7 | out_comm | 102.74 ms
2023-04-12 19:22:30,834 - job0 - ps sending param
2023-04-12 19:22:31,042 - job0 - wrk 2 | in_comm | 81.15 ms
2023-04-12 19:22:31,042 - job0 - wrk 2 | out_comm | 94.72 ms
2023-04-12 19:22:31,042 - job0 - ps sending param
2023-04-12 19:22:31,302 - job0 - wrk 4 | in_comm | 55.18 ms
2023-04-12 19:22:31,302 - job0 - wrk 4 | out_comm | 259.47 ms
2023-04-12 19:22:31,303 - job0 - ps sending param
2023-04-12 19:22:31,316 - job0 - wrk 1 | in_comm | 110.69 ms
2023-04-12 19:22:31,316 - job0 - wrk 1 | out_comm | 270.65 ms
2023-04-12 19:22:31,317 - job0 - ps sending param
2023-04-12 19:22:32,170 - job0 - wrk 3 | in_comm | 45.30 ms
2023-04-12 19:22:32,170 - job0 - wrk 3 | out_comm | 99.75 ms
2023-04-12 19:22:32,170 - job0 - ps sending param
2023-04-12 19:22:33,024 - job0 - wrk 6 | in_comm | 90.49 ms
2023-04-12 19:22:33,024 - job0 - wrk 6 | out_comm | 169.43 ms
2023-04-12 19:22:33,024 - job0 - ps sending param
2023-04-12 19:22:33,204 - job0 - wrk 5 | in_comm | 182.04 ms
2023-04-12 19:22:33,204 - job0 - wrk 5 | out_comm | 301.01 ms
2023-04-12 19:22:33,204 - job0 - ps sending param
2023-04-12 19:22:33,220 - job0 - wrk 7 | in_comm | 154.66 ms
2023-04-12 19:22:33,220 - job0 - wrk 7 | out_comm | 76.39 ms
2023-04-12 19:22:33,220 - job0 - ps sending param
2023-04-12 19:22:33,230 - job0 - wrk 0 | in_comm | 239.92 ms
2023-04-12 19:22:33,230 - job0 - wrk 0 | out_comm | 283.39 ms
2023-04-12 19:22:33,230 - job0 - ps sending param
2023-04-12 19:22:33,566 - job0 - wrk 2 | in_comm | 301.03 ms
2023-04-12 19:22:33,566 - job0 - wrk 2 | out_comm | 67.13 ms
2023-04-12 19:22:33,567 - job0 - ps sending param
2023-04-12 19:22:33,759 - job0 - wrk 1 | in_comm | 112.99 ms
2023-04-12 19:22:33,760 - job0 - wrk 1 | out_comm | 205.30 ms
2023-04-12 19:22:33,760 - job0 - ps sending param
2023-04-12 19:22:33,771 - job0 - wrk 4 | in_comm | 111.48 ms
2023-04-12 19:22:33,771 - job0 - wrk 4 | out_comm | 218.44 ms
2023-04-12 19:22:33,772 - job0 - ps sending param
2023-04-12 19:22:34,511 - job0 - wrk 3 | in_comm | 48.53 ms
2023-04-12 19:22:34,511 - job0 - wrk 3 | out_comm | 67.69 ms
2023-04-12 19:22:34,512 - job0 - ps sending param
2023-04-12 19:22:35,567 - job0 - wrk 6 | in_comm | 53.19 ms
2023-04-12 19:22:35,567 - job0 - wrk 6 | out_comm | 156.28 ms
2023-04-12 19:22:35,567 - job0 - ps sending param
2023-04-12 19:22:35,853 - job0 - wrk 7 | in_comm | 143.37 ms
2023-04-12 19:22:35,854 - job0 - wrk 7 | out_comm | 341.94 ms
2023-04-12 19:22:35,854 - job0 - ps sending param
2023-04-12 19:22:35,877 - job0 - wrk 0 | in_comm | 118.40 ms
2023-04-12 19:22:35,877 - job0 - wrk 0 | out_comm | 333.90 ms
2023-04-12 19:22:35,877 - job0 - ps sending param
2023-04-12 19:22:35,887 - job0 - wrk 5 | in_comm | 146.94 ms
2023-04-12 19:22:35,896 - job0 - wrk 5 | out_comm | 358.50 ms
2023-04-12 19:22:35,896 - job0 - ps sending param
2023-04-12 19:22:36,264 - job0 - wrk 2 | in_comm | 192.12 ms
2023-04-12 19:22:36,264 - job0 - wrk 2 | out_comm | 186.47 ms
2023-04-12 19:22:36,264 - job0 - ps sending param
2023-04-12 19:22:36,275 - job0 - wrk 1 | in_comm | 81.71 ms
2023-04-12 19:22:36,277 - job0 - wrk 1 | out_comm | 259.33 ms
2023-04-12 19:22:36,277 - job0 - ps sending param
2023-04-12 19:22:36,301 - job0 - wrk 4 | in_comm | 83.38 ms
2023-04-12 19:22:36,304 - job0 - wrk 4 | out_comm | 251.93 ms
2023-04-12 19:22:36,304 - job0 - ps sending param
2023-04-12 19:22:36,758 - job0 - wrk 3 | in_comm | 61.18 ms
2023-04-12 19:22:36,758 - job0 - wrk 3 | out_comm | 85.38 ms
2023-04-12 19:22:36,758 - job0 - ps sending param
2023-04-12 19:22:38,036 - job0 - wrk 6 | in_comm | 42.83 ms
2023-04-12 19:22:38,037 - job0 - wrk 6 | out_comm | 79.97 ms
2023-04-12 19:22:38,037 - job0 - ps sending param
2023-04-12 19:22:38,482 - job0 - wrk 0 | in_comm | 103.03 ms
2023-04-12 19:22:38,482 - job0 - wrk 0 | out_comm | 379.20 ms
2023-04-12 19:22:38,482 - job0 - ps sending param
2023-04-12 19:22:38,495 - job0 - wrk 5 | in_comm | 62.96 ms
2023-04-12 19:22:38,496 - job0 - wrk 5 | out_comm | 363.41 ms
2023-04-12 19:22:38,496 - job0 - ps sending param
2023-04-12 19:22:38,865 - job0 - wrk 4 | in_comm | 191.01 ms
2023-04-12 19:22:38,866 - job0 - wrk 4 | out_comm | 261.43 ms
2023-04-12 19:22:38,866 - job0 - ps sending param
2023-04-12 19:22:38,880 - job0 - wrk 1 | in_comm | 170.97 ms
2023-04-12 19:22:38,880 - job0 - wrk 1 | out_comm | 289.10 ms
2023-04-12 19:22:38,880 - job0 - ps sending param
2023-04-12 19:22:38,893 - job0 - wrk 2 | in_comm | 166.80 ms
2023-04-12 19:22:38,894 - job0 - wrk 2 | out_comm | 298.87 ms
2023-04-12 19:22:38,894 - job0 - ps sending param
2023-04-12 19:22:38,909 - job0 - wrk 7 | in_comm | 340.78 ms
2023-04-12 19:22:38,910 - job0 - wrk 7 | out_comm | 401.70 ms
2023-04-12 19:22:38,910 - job0 - ps sending param
2023-04-12 19:22:39,337 - job0 - wrk 3 | in_comm | 360.38 ms
2023-04-12 19:22:39,337 - job0 - wrk 3 | out_comm | 110.27 ms
2023-04-12 19:22:39,338 - job0 - ps sending param
2023-04-12 19:22:40,601 - job0 - wrk 6 | in_comm | 50.48 ms
2023-04-12 19:22:40,601 - job0 - wrk 6 | out_comm | 81.47 ms
2023-04-12 19:22:40,603 - job0 - ps sending param
2023-04-12 19:22:41,083 - job0 - wrk 0 | in_comm | 79.11 ms
2023-04-12 19:22:41,083 - job0 - wrk 0 | out_comm | 369.35 ms
2023-04-12 19:22:41,084 - job0 - ps sending param
2023-04-12 19:22:41,097 - job0 - wrk 5 | in_comm | 101.02 ms
2023-04-12 19:22:41,098 - job0 - wrk 5 | out_comm | 357.02 ms
2023-04-12 19:22:41,098 - job0 - ps sending param
2023-04-12 19:22:41,652 - job0 - wrk 4 | in_comm | 198.38 ms
2023-04-12 19:22:41,652 - job0 - wrk 4 | out_comm | 460.23 ms
2023-04-12 19:22:41,652 - job0 - ps sending param
2023-04-12 19:22:41,670 - job0 - wrk 1 | in_comm | 170.33 ms
2023-04-12 19:22:41,671 - job0 - wrk 1 | out_comm | 449.74 ms
2023-04-12 19:22:41,671 - job0 - ps sending param
2023-04-12 19:22:41,687 - job0 - wrk 2 | in_comm | 153.03 ms
2023-04-12 19:22:41,688 - job0 - wrk 2 | out_comm | 436.87 ms
2023-04-12 19:22:41,688 - job0 - ps sending param
2023-04-12 19:22:41,706 - job0 - wrk 3 | in_comm | 156.17 ms
2023-04-12 19:22:41,706 - job0 - wrk 3 | out_comm | 82.01 ms
2023-04-12 19:22:41,707 - job0 - ps sending param
2023-04-12 19:22:41,760 - job0 - wrk 7 | in_comm | 246.80 ms
2023-04-12 19:22:41,761 - job0 - wrk 7 | out_comm | 421.26 ms
2023-04-12 19:22:41,761 - job0 - ps sending param
2023-04-12 19:22:43,012 - job0 - wrk 6 | in_comm | 53.88 ms
2023-04-12 19:22:43,012 - job0 - wrk 6 | out_comm | 80.85 ms
2023-04-12 19:22:43,012 - job0 - ps sending param
2023-04-12 19:22:43,516 - job0 - wrk 5 | in_comm | 43.25 ms
2023-04-12 19:22:43,516 - job0 - wrk 5 | out_comm | 225.56 ms
2023-04-12 19:22:43,516 - job0 - ps sending param
2023-04-12 19:22:43,680 - job0 - wrk 0 | in_comm | 57.91 ms
2023-04-12 19:22:43,680 - job0 - wrk 0 | out_comm | 238.33 ms
2023-04-12 19:22:43,681 - job0 - ps sending param
2023-04-12 19:22:44,425 - job0 - wrk 1 | in_comm | 181.54 ms
2023-04-12 19:22:44,425 - job0 - wrk 1 | out_comm | 455.28 ms
2023-04-12 19:22:44,425 - job0 - ps sending param
2023-04-12 19:22:44,444 - job0 - wrk 3 | in_comm | 171.56 ms
2023-04-12 19:22:44,444 - job0 - wrk 3 | out_comm | 420.24 ms
2023-04-12 19:22:44,444 - job0 - ps sending param
2023-04-12 19:22:44,458 - job0 - wrk 4 | in_comm | 149.17 ms
2023-04-12 19:22:44,464 - job0 - wrk 4 | out_comm | 475.05 ms
2023-04-12 19:22:44,464 - job0 - ps sending param
2023-04-12 19:22:44,481 - job0 - wrk 2 | in_comm | 137.84 ms
2023-04-12 19:22:44,481 - job0 - wrk 2 | out_comm | 440.96 ms
2023-04-12 19:22:44,481 - job0 - ps sending param
2023-04-12 19:22:44,490 - job0 - wrk 7 | in_comm | 199.58 ms
2023-04-12 19:22:44,490 - job0 - wrk 7 | out_comm | 370.88 ms
2023-04-12 19:22:44,490 - job0 - ps sending param
2023-04-12 19:22:45,346 - job0 - wrk 6 | in_comm | 54.19 ms
2023-04-12 19:22:45,346 - job0 - wrk 6 | out_comm | 57.06 ms
2023-04-12 19:22:45,346 - job0 - ps sending param
2023-04-12 19:22:45,809 - job0 - wrk 5 | in_comm | 49.96 ms
2023-04-12 19:22:45,810 - job0 - wrk 5 | out_comm | 76.43 ms
2023-04-12 19:22:45,810 - job0 - ps sending param
2023-04-12 19:22:46,138 - job0 - wrk 0 | in_comm | 44.97 ms
2023-04-12 19:22:46,138 - job0 - wrk 0 | out_comm | 143.57 ms
2023-04-12 19:22:46,138 - job0 - ps sending param
2023-04-12 19:22:47,214 - job0 - wrk 2 | in_comm | 174.82 ms
2023-04-12 19:22:47,214 - job0 - wrk 2 | out_comm | 417.00 ms
2023-04-12 19:22:47,215 - job0 - ps sending param
2023-04-12 19:22:47,227 - job0 - wrk 4 | in_comm | 131.71 ms
2023-04-12 19:22:47,227 - job0 - wrk 4 | out_comm | 429.91 ms
2023-04-12 19:22:47,227 - job0 - ps sending param
2023-04-12 19:22:47,252 - job0 - wrk 3 | in_comm | 124.16 ms
2023-04-12 19:22:47,252 - job0 - wrk 3 | out_comm | 449.21 ms
2023-04-12 19:22:47,252 - job0 - ps sending param
2023-04-12 19:22:47,263 - job0 - wrk 7 | in_comm | 73.13 ms
2023-04-12 19:22:47,268 - job0 - wrk 7 | out_comm | 404.75 ms
2023-04-12 19:22:47,269 - job0 - ps sending param
2023-04-12 19:22:47,280 - job0 - wrk 1 | in_comm | 205.35 ms
2023-04-12 19:22:47,280 - job0 - wrk 1 | out_comm | 467.10 ms
2023-04-12 19:22:47,280 - job0 - ps sending param
2023-04-12 19:22:47,760 - job0 - wrk 6 | in_comm | 164.24 ms
2023-04-12 19:22:47,760 - job0 - wrk 6 | out_comm | 80.24 ms
2023-04-12 19:22:47,760 - job0 - ps sending param
2023-04-12 19:22:48,065 - job0 - wrk 5 | in_comm | 51.16 ms
2023-04-12 19:22:48,065 - job0 - wrk 5 | out_comm | 78.71 ms
2023-04-12 19:22:48,065 - job0 - ps sending param
2023-04-12 19:22:48,448 - job0 - wrk 0 | in_comm | 57.06 ms
2023-04-12 19:22:48,449 - job0 - wrk 0 | out_comm | 99.44 ms
2023-04-12 19:22:48,449 - job0 - ps sending param
2023-04-12 19:22:50,187 - job0 - wrk 6 | in_comm | 226.29 ms
2023-04-12 19:22:50,187 - job0 - wrk 6 | out_comm | 79.04 ms
2023-04-12 19:22:50,187 - job0 - ps sending param
2023-04-12 19:22:50,201 - job0 - wrk 2 | in_comm | 210.59 ms
2023-04-12 19:22:50,201 - job0 - wrk 2 | out_comm | 537.44 ms
2023-04-12 19:22:50,201 - job0 - ps sending param
2023-04-12 19:22:50,217 - job0 - wrk 7 | in_comm | 207.98 ms
2023-04-12 19:22:50,218 - job0 - wrk 7 | out_comm | 491.14 ms
2023-04-12 19:22:50,219 - job0 - ps sending param
2023-04-12 19:22:50,240 - job0 - wrk 3 | in_comm | 186.89 ms
2023-04-12 19:22:50,243 - job0 - wrk 3 | out_comm | 508.61 ms
2023-04-12 19:22:50,243 - job0 - ps sending param
2023-04-12 19:22:50,257 - job0 - wrk 1 | in_comm | 186.37 ms
2023-04-12 19:22:50,260 - job0 - wrk 1 | out_comm | 476.66 ms
2023-04-12 19:22:50,261 - job0 - ps sending param
2023-04-12 19:22:50,269 - job0 - wrk 4 | in_comm | 282.24 ms
2023-04-12 19:22:50,270 - job0 - wrk 4 | out_comm | 528.18 ms
2023-04-12 19:22:50,270 - job0 - ps sending param
2023-04-12 19:22:50,795 - job0 - wrk 5 | in_comm | 478.34 ms
2023-04-12 19:22:50,796 - job0 - wrk 5 | out_comm | 102.10 ms
2023-04-12 19:22:50,796 - job0 - ps sending param
2023-04-12 19:22:50,819 - job0 - wrk 0 | in_comm | 137.49 ms
2023-04-12 19:22:50,819 - job0 - wrk 0 | out_comm | 72.61 ms
2023-04-12 19:22:50,820 - job0 - ps sending param
2023-04-12 19:22:53,100 - job0 - wrk 2 | in_comm | 182.62 ms
2023-04-12 19:22:53,101 - job0 - wrk 2 | out_comm | 581.19 ms
2023-04-12 19:22:53,101 - job0 - ps sending param
2023-04-12 19:22:53,116 - job0 - wrk 6 | in_comm | 165.21 ms
2023-04-12 19:22:53,116 - job0 - wrk 6 | out_comm | 594.89 ms
2023-04-12 19:22:53,116 - job0 - ps sending param
2023-04-12 19:22:53,133 - job0 - wrk 7 | in_comm | 146.45 ms
2023-04-12 19:22:53,133 - job0 - wrk 7 | out_comm | 564.25 ms
2023-04-12 19:22:53,134 - job0 - ps sending param
2023-04-12 19:22:53,164 - job0 - wrk 4 | in_comm | 142.14 ms
2023-04-12 19:22:53,164 - job0 - wrk 4 | out_comm | 516.36 ms
2023-04-12 19:22:53,167 - job0 - ps sending param
2023-04-12 19:22:53,187 - job0 - wrk 1 | in_comm | 143.50 ms
2023-04-12 19:22:53,187 - job0 - wrk 1 | out_comm | 527.69 ms
2023-04-12 19:22:53,188 - job0 - ps sending param
2023-04-12 19:22:53,236 - job0 - wrk 3 | in_comm | 130.80 ms
2023-04-12 19:22:53,236 - job0 - wrk 3 | out_comm | 540.73 ms
2023-04-12 19:22:53,236 - job0 - ps sending param
2023-04-12 19:22:53,701 - job0 - wrk 5 | in_comm | 568.41 ms
2023-04-12 19:22:53,701 - job0 - wrk 5 | out_comm | 238.03 ms
2023-04-12 19:22:53,701 - job0 - ps sending param
2023-04-12 19:22:53,719 - job0 - wrk 0 | in_comm | 549.12 ms
2023-04-12 19:22:53,719 - job0 - wrk 0 | out_comm | 213.99 ms
2023-04-12 19:22:53,719 - job0 - ps sending param
2023-04-12 19:22:55,996 - job0 - wrk 7 | in_comm | 182.44 ms
2023-04-12 19:22:55,997 - job0 - wrk 7 | out_comm | 559.38 ms
2023-04-12 19:22:55,997 - job0 - ps sending param
2023-04-12 19:22:56,018 - job0 - wrk 3 | in_comm | 142.42 ms
2023-04-12 19:22:56,018 - job0 - wrk 3 | out_comm | 459.73 ms
2023-04-12 19:22:56,019 - job0 - ps sending param
2023-04-12 19:22:56,029 - job0 - wrk 1 | in_comm | 133.89 ms
2023-04-12 19:22:56,042 - job0 - wrk 1 | out_comm | 507.77 ms
2023-04-12 19:22:56,043 - job0 - ps sending param
2023-04-12 19:22:56,068 - job0 - wrk 4 | in_comm | 112.09 ms
2023-04-12 19:22:56,069 - job0 - wrk 4 | out_comm | 526.21 ms
2023-04-12 19:22:56,070 - job0 - ps sending param
2023-04-12 19:22:56,089 - job0 - wrk 2 | in_comm | 107.96 ms
2023-04-12 19:22:56,089 - job0 - wrk 2 | out_comm | 588.34 ms
2023-04-12 19:22:56,089 - job0 - ps sending param
2023-04-12 19:22:56,105 - job0 - wrk 6 | in_comm | 218.81 ms
2023-04-12 19:22:56,105 - job0 - wrk 6 | out_comm | 575.96 ms
2023-04-12 19:22:56,106 - job0 - ps sending param
2023-04-12 19:22:56,588 - job0 - wrk 0 | in_comm | 457.02 ms
2023-04-12 19:22:56,588 - job0 - wrk 0 | out_comm | 283.29 ms
2023-04-12 19:22:56,588 - job0 - ps sending param
2023-04-12 19:22:56,605 - job0 - wrk 5 | in_comm | 435.87 ms
2023-04-12 19:22:56,605 - job0 - wrk 5 | out_comm | 300.50 ms
2023-04-12 19:22:56,605 - job0 - ps sending param
2023-04-12 19:22:58,968 - job0 - wrk 4 | in_comm | 236.95 ms
2023-04-12 19:22:58,969 - job0 - wrk 4 | out_comm | 509.39 ms
2023-04-12 19:22:58,969 - job0 - ps sending param
2023-04-12 19:22:58,984 - job0 - wrk 6 | in_comm | 217.10 ms
2023-04-12 19:22:58,984 - job0 - wrk 6 | out_comm | 471.78 ms
2023-04-12 19:22:58,984 - job0 - ps sending param
2023-04-12 19:22:59,014 - job0 - wrk 3 | in_comm | 221.16 ms
2023-04-12 19:22:59,018 - job0 - wrk 3 | out_comm | 554.18 ms
2023-04-12 19:22:59,018 - job0 - ps sending param
2023-04-12 19:22:59,035 - job0 - wrk 2 | in_comm | 218.65 ms
2023-04-12 19:22:59,035 - job0 - wrk 2 | out_comm | 487.40 ms
2023-04-12 19:22:59,035 - job0 - ps sending param
2023-04-12 19:22:59,049 - job0 - wrk 7 | in_comm | 202.93 ms
2023-04-12 19:22:59,049 - job0 - wrk 7 | out_comm | 574.21 ms
2023-04-12 19:22:59,050 - job0 - ps sending param
2023-04-12 19:22:59,077 - job0 - wrk 5 | in_comm | 117.85 ms
2023-04-12 19:22:59,077 - job0 - wrk 5 | out_comm | 154.80 ms
2023-04-12 19:22:59,077 - job0 - ps sending param
2023-04-12 19:22:59,091 - job0 - wrk 1 | in_comm | 261.59 ms
2023-04-12 19:22:59,091 - job0 - wrk 1 | out_comm | 530.90 ms
2023-04-12 19:22:59,091 - job0 - ps sending param
2023-04-12 19:22:59,113 - job0 - wrk 0 | in_comm | 85.43 ms
2023-04-12 19:22:59,114 - job0 - wrk 0 | out_comm | 170.82 ms
2023-04-12 19:22:59,114 - job0 - ps sending param
2023-04-12 19:23:01,991 - job0 - wrk 3 | in_comm | 263.97 ms
2023-04-12 19:23:01,992 - job0 - wrk 3 | out_comm | 614.21 ms
2023-04-12 19:23:01,992 - job0 - ps sending param
2023-04-12 19:23:02,006 - job0 - wrk 0 | in_comm | 263.27 ms
2023-04-12 19:23:02,007 - job0 - wrk 0 | out_comm | 514.59 ms
2023-04-12 19:23:02,007 - job0 - ps sending param
2023-04-12 19:23:02,030 - job0 - wrk 6 | in_comm | 250.05 ms
2023-04-12 19:23:02,031 - job0 - wrk 6 | out_comm | 637.39 ms
2023-04-12 19:23:02,031 - job0 - ps sending param
2023-04-12 19:23:02,042 - job0 - wrk 4 | in_comm | 211.56 ms
2023-04-12 19:23:02,045 - job0 - wrk 4 | out_comm | 649.72 ms
2023-04-12 19:23:02,046 - job0 - ps sending param
2023-04-12 19:23:02,058 - job0 - wrk 1 | in_comm | 202.04 ms
2023-04-12 19:23:02,063 - job0 - wrk 1 | out_comm | 537.91 ms
2023-04-12 19:23:02,064 - job0 - ps sending param
2023-04-12 19:23:02,107 - job0 - wrk 2 | in_comm | 184.62 ms
2023-04-12 19:23:02,107 - job0 - wrk 2 | out_comm | 586.86 ms
2023-04-12 19:23:02,107 - job0 - ps sending param
2023-04-12 19:23:02,117 - job0 - wrk 5 | in_comm | 185.37 ms
2023-04-12 19:23:02,120 - job0 - wrk 5 | out_comm | 549.93 ms
2023-04-12 19:23:02,120 - job0 - ps sending param
2023-04-12 19:23:02,129 - job0 - wrk 7 | in_comm | 300.72 ms
2023-04-12 19:23:02,133 - job0 - wrk 7 | out_comm | 574.85 ms
2023-04-12 19:23:02,134 - job0 - ps sending param
