2023-04-13 13:00:09,609 - job0 - Model name: densenet121
2023-04-13 13:00:34,595 - job0 - wrk 0 | in_comm | 437.38 ms
2023-04-13 13:00:34,596 - job0 - wrk 0 | out_comm | 0.00 ms
2023-04-13 13:00:34,603 - job0 - wrk 1 | in_comm | 92.38 ms
2023-04-13 13:00:34,603 - job0 - wrk 1 | out_comm | 0.00 ms
2023-04-13 13:00:34,604 - job0 - wrk 2 | in_comm | 131.30 ms
2023-04-13 13:00:34,604 - job0 - wrk 2 | out_comm | 0.00 ms
2023-04-13 13:00:34,605 - job0 - wrk 3 | in_comm | 109.73 ms
2023-04-13 13:00:34,605 - job0 - wrk 3 | out_comm | 0.00 ms
2023-04-13 13:00:34,606 - job0 - wrk 4 | in_comm | 387.10 ms
2023-04-13 13:00:34,606 - job0 - wrk 4 | out_comm | 0.00 ms
2023-04-13 13:00:34,606 - job0 - wrk 5 | in_comm | 325.23 ms
2023-04-13 13:00:34,607 - job0 - wrk 5 | out_comm | 0.00 ms
2023-04-13 13:00:34,607 - job0 - wrk 6 | in_comm | 356.08 ms
2023-04-13 13:00:34,608 - job0 - wrk 6 | out_comm | 0.00 ms
2023-04-13 13:00:34,608 - job0 - wrk 7 | in_comm | 364.08 ms
2023-04-13 13:00:34,608 - job0 - wrk 7 | out_comm | 0.00 ms
2023-04-13 13:00:34,609 - job0 - ps sending param
2023-04-13 13:00:37,715 - job0 - wrk 0 | in_comm | 313.04 ms
2023-04-13 13:00:37,716 - job0 - wrk 0 | out_comm | 497.69 ms
2023-04-13 13:00:37,725 - job0 - wrk 1 | in_comm | 301.93 ms
2023-04-13 13:00:37,726 - job0 - wrk 1 | out_comm | 496.21 ms
2023-04-13 13:00:37,726 - job0 - wrk 2 | in_comm | 280.44 ms
2023-04-13 13:00:37,727 - job0 - wrk 2 | out_comm | 496.75 ms
2023-04-13 13:00:37,727 - job0 - wrk 3 | in_comm | 337.68 ms
2023-04-13 13:00:37,728 - job0 - wrk 3 | out_comm | 494.16 ms
2023-04-13 13:00:37,728 - job0 - wrk 4 | in_comm | 339.07 ms
2023-04-13 13:00:37,729 - job0 - wrk 4 | out_comm | 495.50 ms
2023-04-13 13:00:37,729 - job0 - wrk 5 | in_comm | 313.01 ms
2023-04-13 13:00:37,730 - job0 - wrk 5 | out_comm | 497.46 ms
2023-04-13 13:00:37,730 - job0 - wrk 6 | in_comm | 238.85 ms
2023-04-13 13:00:37,731 - job0 - wrk 6 | out_comm | 497.21 ms
2023-04-13 13:00:37,731 - job0 - wrk 7 | in_comm | 287.75 ms
2023-04-13 13:00:37,732 - job0 - wrk 7 | out_comm | 497.48 ms
2023-04-13 13:00:37,732 - job0 - ps sending param
2023-04-13 13:00:40,802 - job0 - wrk 0 | in_comm | 352.77 ms
2023-04-13 13:00:40,802 - job0 - wrk 0 | out_comm | 493.78 ms
2023-04-13 13:00:40,812 - job0 - wrk 1 | in_comm | 337.03 ms
2023-04-13 13:00:40,813 - job0 - wrk 1 | out_comm | 494.27 ms
2023-04-13 13:00:40,813 - job0 - wrk 2 | in_comm | 336.98 ms
2023-04-13 13:00:40,814 - job0 - wrk 2 | out_comm | 496.51 ms
2023-04-13 13:00:40,814 - job0 - wrk 3 | in_comm | 365.63 ms
2023-04-13 13:00:40,815 - job0 - wrk 3 | out_comm | 492.33 ms
2023-04-13 13:00:40,815 - job0 - wrk 4 | in_comm | 387.41 ms
2023-04-13 13:00:40,816 - job0 - wrk 4 | out_comm | 495.26 ms
2023-04-13 13:00:40,816 - job0 - wrk 5 | in_comm | 358.92 ms
2023-04-13 13:00:40,817 - job0 - wrk 5 | out_comm | 496.07 ms
2023-04-13 13:00:40,817 - job0 - wrk 6 | in_comm | 305.38 ms
2023-04-13 13:00:40,818 - job0 - wrk 6 | out_comm | 494.18 ms
2023-04-13 13:00:40,818 - job0 - wrk 7 | in_comm | 407.18 ms
2023-04-13 13:00:40,819 - job0 - wrk 7 | out_comm | 491.58 ms
2023-04-13 13:00:40,819 - job0 - ps sending param
2023-04-13 13:00:43,817 - job0 - wrk 0 | in_comm | 358.11 ms
2023-04-13 13:00:43,817 - job0 - wrk 0 | out_comm | 464.95 ms
2023-04-13 13:00:43,827 - job0 - wrk 1 | in_comm | 314.21 ms
2023-04-13 13:00:43,828 - job0 - wrk 1 | out_comm | 464.84 ms
2023-04-13 13:00:43,829 - job0 - wrk 2 | in_comm | 318.00 ms
2023-04-13 13:00:43,829 - job0 - wrk 2 | out_comm | 467.20 ms
2023-04-13 13:00:43,830 - job0 - wrk 3 | in_comm | 340.26 ms
2023-04-13 13:00:43,831 - job0 - wrk 3 | out_comm | 466.09 ms
2023-04-13 13:00:43,831 - job0 - wrk 4 | in_comm | 389.56 ms
2023-04-13 13:00:43,832 - job0 - wrk 4 | out_comm | 464.09 ms
2023-04-13 13:00:43,833 - job0 - wrk 5 | in_comm | 328.52 ms
2023-04-13 13:00:43,833 - job0 - wrk 5 | out_comm | 464.63 ms
2023-04-13 13:00:43,834 - job0 - wrk 6 | in_comm | 277.74 ms
2023-04-13 13:00:43,835 - job0 - wrk 6 | out_comm | 463.63 ms
2023-04-13 13:00:43,835 - job0 - wrk 7 | in_comm | 335.52 ms
2023-04-13 13:00:43,836 - job0 - wrk 7 | out_comm | 464.20 ms
2023-04-13 13:00:43,837 - job0 - ps sending param
2023-04-13 13:00:46,798 - job0 - wrk 0 | in_comm | 309.63 ms
2023-04-13 13:00:46,798 - job0 - wrk 0 | out_comm | 507.09 ms
2023-04-13 13:00:46,799 - job0 - wrk 1 | in_comm | 280.77 ms
2023-04-13 13:00:46,799 - job0 - wrk 1 | out_comm | 508.50 ms
2023-04-13 13:00:46,800 - job0 - wrk 2 | in_comm | 284.63 ms
2023-04-13 13:00:46,800 - job0 - wrk 2 | out_comm | 511.62 ms
2023-04-13 13:00:46,801 - job0 - wrk 3 | in_comm | 317.76 ms
2023-04-13 13:00:46,801 - job0 - wrk 3 | out_comm | 508.50 ms
2023-04-13 13:00:46,802 - job0 - wrk 4 | in_comm | 355.88 ms
2023-04-13 13:00:46,802 - job0 - wrk 4 | out_comm | 508.78 ms
2023-04-13 13:00:46,802 - job0 - wrk 5 | in_comm | 284.75 ms
2023-04-13 13:00:46,803 - job0 - wrk 5 | out_comm | 508.94 ms
2023-04-13 13:00:46,803 - job0 - wrk 6 | in_comm | 246.27 ms
2023-04-13 13:00:46,804 - job0 - wrk 6 | out_comm | 509.57 ms
2023-04-13 13:00:46,804 - job0 - wrk 7 | in_comm | 330.15 ms
2023-04-13 13:00:46,804 - job0 - wrk 7 | out_comm | 491.25 ms
2023-04-13 13:00:46,805 - job0 - ps sending param
2023-04-13 13:00:49,994 - job0 - wrk 0 | in_comm | 365.51 ms
2023-04-13 13:00:49,995 - job0 - wrk 0 | out_comm | 590.20 ms
2023-04-13 13:00:49,995 - job0 - wrk 1 | in_comm | 301.25 ms
2023-04-13 13:00:49,995 - job0 - wrk 1 | out_comm | 590.44 ms
2023-04-13 13:00:49,995 - job0 - wrk 2 | in_comm | 339.20 ms
2023-04-13 13:00:49,995 - job0 - wrk 2 | out_comm | 589.15 ms
2023-04-13 13:00:49,995 - job0 - wrk 3 | in_comm | 352.40 ms
2023-04-13 13:00:49,995 - job0 - wrk 3 | out_comm | 572.85 ms
2023-04-13 13:00:49,995 - job0 - wrk 4 | in_comm | 410.78 ms
2023-04-13 13:00:49,995 - job0 - wrk 4 | out_comm | 591.87 ms
2023-04-13 13:00:49,996 - job0 - wrk 5 | in_comm | 357.46 ms
2023-04-13 13:00:49,996 - job0 - wrk 5 | out_comm | 571.11 ms
2023-04-13 13:00:49,996 - job0 - wrk 6 | in_comm | 316.44 ms
2023-04-13 13:00:49,996 - job0 - wrk 6 | out_comm | 590.02 ms
2023-04-13 13:00:49,996 - job0 - wrk 7 | in_comm | 353.18 ms
2023-04-13 13:00:49,996 - job0 - wrk 7 | out_comm | 589.53 ms
2023-04-13 13:00:49,996 - job0 - ps sending param
2023-04-13 13:00:52,967 - job0 - wrk 0 | in_comm | 340.58 ms
2023-04-13 13:00:52,968 - job0 - wrk 0 | out_comm | 462.59 ms
2023-04-13 13:00:52,977 - job0 - wrk 1 | in_comm | 306.46 ms
2023-04-13 13:00:52,978 - job0 - wrk 1 | out_comm | 480.43 ms
2023-04-13 13:00:52,978 - job0 - wrk 2 | in_comm | 310.70 ms
2023-04-13 13:00:52,979 - job0 - wrk 2 | out_comm | 478.82 ms
2023-04-13 13:00:52,979 - job0 - wrk 3 | in_comm | 325.76 ms
2023-04-13 13:00:52,980 - job0 - wrk 3 | out_comm | 480.22 ms
2023-04-13 13:00:52,980 - job0 - wrk 4 | in_comm | 396.30 ms
2023-04-13 13:00:52,980 - job0 - wrk 4 | out_comm | 479.71 ms
2023-04-13 13:00:52,981 - job0 - wrk 5 | in_comm | 315.06 ms
2023-04-13 13:00:52,981 - job0 - wrk 5 | out_comm | 479.37 ms
2023-04-13 13:00:52,982 - job0 - wrk 6 | in_comm | 282.72 ms
2023-04-13 13:00:52,983 - job0 - wrk 6 | out_comm | 478.44 ms
2023-04-13 13:00:52,983 - job0 - wrk 7 | in_comm | 331.80 ms
2023-04-13 13:00:52,984 - job0 - wrk 7 | out_comm | 479.45 ms
2023-04-13 13:00:52,984 - job0 - ps sending param
2023-04-13 13:00:55,995 - job0 - wrk 0 | in_comm | 242.76 ms
2023-04-13 13:00:56,001 - job0 - wrk 0 | out_comm | 551.83 ms
2023-04-13 13:00:56,002 - job0 - wrk 1 | in_comm | 238.83 ms
2023-04-13 13:00:56,002 - job0 - wrk 1 | out_comm | 551.46 ms
2023-04-13 13:00:56,003 - job0 - wrk 2 | in_comm | 194.64 ms
2023-04-13 13:00:56,003 - job0 - wrk 2 | out_comm | 550.67 ms
2023-04-13 13:00:56,004 - job0 - wrk 3 | in_comm | 257.25 ms
2023-04-13 13:00:56,004 - job0 - wrk 3 | out_comm | 551.24 ms
2023-04-13 13:00:56,004 - job0 - wrk 4 | in_comm | 327.32 ms
2023-04-13 13:00:56,005 - job0 - wrk 4 | out_comm | 551.72 ms
2023-04-13 13:00:56,005 - job0 - wrk 5 | in_comm | 239.97 ms
2023-04-13 13:00:56,006 - job0 - wrk 5 | out_comm | 548.83 ms
2023-04-13 13:00:56,006 - job0 - wrk 6 | in_comm | 162.30 ms
2023-04-13 13:00:56,006 - job0 - wrk 6 | out_comm | 553.17 ms
2023-04-13 13:00:56,007 - job0 - wrk 7 | in_comm | 257.17 ms
2023-04-13 13:00:56,007 - job0 - wrk 7 | out_comm | 549.52 ms
2023-04-13 13:00:56,008 - job0 - ps sending param
2023-04-13 13:00:58,931 - job0 - wrk 0 | in_comm | 263.63 ms
2023-04-13 13:00:58,934 - job0 - wrk 0 | out_comm | 469.82 ms
2023-04-13 13:00:58,935 - job0 - wrk 1 | in_comm | 298.44 ms
2023-04-13 13:00:58,935 - job0 - wrk 1 | out_comm | 471.42 ms
2023-04-13 13:00:58,936 - job0 - wrk 2 | in_comm | 272.70 ms
2023-04-13 13:00:58,936 - job0 - wrk 2 | out_comm | 464.93 ms
2023-04-13 13:00:58,937 - job0 - wrk 3 | in_comm | 314.42 ms
2023-04-13 13:00:58,937 - job0 - wrk 3 | out_comm | 461.25 ms
2023-04-13 13:00:58,938 - job0 - wrk 4 | in_comm | 416.21 ms
2023-04-13 13:00:58,938 - job0 - wrk 4 | out_comm | 471.31 ms
2023-04-13 13:00:58,938 - job0 - wrk 5 | in_comm | 313.68 ms
2023-04-13 13:00:58,939 - job0 - wrk 5 | out_comm | 460.29 ms
2023-04-13 13:00:58,939 - job0 - wrk 6 | in_comm | 262.92 ms
2023-04-13 13:00:58,940 - job0 - wrk 6 | out_comm | 465.65 ms
2023-04-13 13:00:58,940 - job0 - wrk 7 | in_comm | 306.22 ms
2023-04-13 13:00:58,940 - job0 - wrk 7 | out_comm | 457.79 ms
2023-04-13 13:00:58,941 - job0 - ps sending param
2023-04-13 13:01:01,995 - job0 - wrk 0 | in_comm | 402.52 ms
2023-04-13 13:01:01,995 - job0 - wrk 0 | out_comm | 518.95 ms
2023-04-13 13:01:01,995 - job0 - wrk 1 | in_comm | 354.01 ms
2023-04-13 13:01:01,995 - job0 - wrk 1 | out_comm | 520.10 ms
2023-04-13 13:01:01,995 - job0 - wrk 2 | in_comm | 339.69 ms
2023-04-13 13:01:01,996 - job0 - wrk 2 | out_comm | 519.36 ms
2023-04-13 13:01:01,996 - job0 - wrk 3 | in_comm | 404.06 ms
2023-04-13 13:01:01,996 - job0 - wrk 3 | out_comm | 507.14 ms
2023-04-13 13:01:01,996 - job0 - wrk 4 | in_comm | 480.92 ms
2023-04-13 13:01:01,996 - job0 - wrk 4 | out_comm | 519.10 ms
2023-04-13 13:01:01,996 - job0 - wrk 5 | in_comm | 380.35 ms
2023-04-13 13:01:01,996 - job0 - wrk 5 | out_comm | 519.77 ms
2023-04-13 13:01:01,996 - job0 - wrk 6 | in_comm | 335.95 ms
2023-04-13 13:01:01,996 - job0 - wrk 6 | out_comm | 518.45 ms
2023-04-13 13:01:01,997 - job0 - wrk 7 | in_comm | 367.22 ms
2023-04-13 13:01:01,997 - job0 - wrk 7 | out_comm | 517.89 ms
2023-04-13 13:01:01,997 - job0 - ps sending param
2023-04-13 13:01:05,216 - job0 - wrk 0 | in_comm | 444.15 ms
2023-04-13 13:01:05,217 - job0 - wrk 0 | out_comm | 616.99 ms
2023-04-13 13:01:05,217 - job0 - wrk 1 | in_comm | 372.01 ms
2023-04-13 13:01:05,217 - job0 - wrk 1 | out_comm | 617.94 ms
2023-04-13 13:01:05,217 - job0 - wrk 2 | in_comm | 387.91 ms
2023-04-13 13:01:05,217 - job0 - wrk 2 | out_comm | 606.30 ms
2023-04-13 13:01:05,217 - job0 - wrk 3 | in_comm | 394.19 ms
2023-04-13 13:01:05,217 - job0 - wrk 3 | out_comm | 617.04 ms
2023-04-13 13:01:05,218 - job0 - wrk 4 | in_comm | 396.71 ms
2023-04-13 13:01:05,218 - job0 - wrk 4 | out_comm | 619.47 ms
2023-04-13 13:01:05,218 - job0 - wrk 5 | in_comm | 402.09 ms
2023-04-13 13:01:05,218 - job0 - wrk 5 | out_comm | 611.81 ms
2023-04-13 13:01:05,218 - job0 - wrk 6 | in_comm | 328.40 ms
2023-04-13 13:01:05,218 - job0 - wrk 6 | out_comm | 619.65 ms
2023-04-13 13:01:05,218 - job0 - wrk 7 | in_comm | 373.61 ms
2023-04-13 13:01:05,218 - job0 - wrk 7 | out_comm | 604.40 ms
2023-04-13 13:01:05,218 - job0 - ps sending param
2023-04-13 13:01:08,172 - job0 - wrk 0 | in_comm | 382.56 ms
2023-04-13 13:01:08,173 - job0 - wrk 0 | out_comm | 423.62 ms
2023-04-13 13:01:08,182 - job0 - wrk 1 | in_comm | 321.46 ms
2023-04-13 13:01:08,182 - job0 - wrk 1 | out_comm | 421.96 ms
2023-04-13 13:01:08,183 - job0 - wrk 2 | in_comm | 352.04 ms
2023-04-13 13:01:08,183 - job0 - wrk 2 | out_comm | 411.41 ms
2023-04-13 13:01:08,184 - job0 - wrk 3 | in_comm | 326.66 ms
2023-04-13 13:01:08,184 - job0 - wrk 3 | out_comm | 423.47 ms
2023-04-13 13:01:08,185 - job0 - wrk 4 | in_comm | 402.52 ms
2023-04-13 13:01:08,185 - job0 - wrk 4 | out_comm | 422.07 ms
2023-04-13 13:01:08,186 - job0 - wrk 5 | in_comm | 361.67 ms
2023-04-13 13:01:08,186 - job0 - wrk 5 | out_comm | 419.35 ms
2023-04-13 13:01:08,187 - job0 - wrk 6 | in_comm | 314.11 ms
2023-04-13 13:01:08,187 - job0 - wrk 6 | out_comm | 421.95 ms
2023-04-13 13:01:08,188 - job0 - wrk 7 | in_comm | 348.23 ms
2023-04-13 13:01:08,188 - job0 - wrk 7 | out_comm | 422.75 ms
2023-04-13 13:01:08,189 - job0 - ps sending param
2023-04-13 13:01:11,314 - job0 - wrk 0 | in_comm | 412.11 ms
2023-04-13 13:01:11,323 - job0 - wrk 0 | out_comm | 543.46 ms
2023-04-13 13:01:11,324 - job0 - wrk 1 | in_comm | 317.62 ms
2023-04-13 13:01:11,324 - job0 - wrk 1 | out_comm | 552.90 ms
2023-04-13 13:01:11,325 - job0 - wrk 2 | in_comm | 347.86 ms
2023-04-13 13:01:11,325 - job0 - wrk 2 | out_comm | 545.73 ms
2023-04-13 13:01:11,326 - job0 - wrk 3 | in_comm | 373.98 ms
2023-04-13 13:01:11,326 - job0 - wrk 3 | out_comm | 547.13 ms
2023-04-13 13:01:11,327 - job0 - wrk 4 | in_comm | 381.15 ms
2023-04-13 13:01:11,327 - job0 - wrk 4 | out_comm | 544.53 ms
2023-04-13 13:01:11,328 - job0 - wrk 5 | in_comm | 346.68 ms
2023-04-13 13:01:11,328 - job0 - wrk 5 | out_comm | 544.68 ms
2023-04-13 13:01:11,329 - job0 - wrk 6 | in_comm | 312.04 ms
2023-04-13 13:01:11,329 - job0 - wrk 6 | out_comm | 553.78 ms
2023-04-13 13:01:11,330 - job0 - wrk 7 | in_comm | 368.98 ms
2023-04-13 13:01:11,330 - job0 - wrk 7 | out_comm | 553.31 ms
2023-04-13 13:01:11,331 - job0 - ps sending param
2023-04-13 13:01:14,306 - job0 - wrk 0 | in_comm | 328.15 ms
2023-04-13 13:01:14,307 - job0 - wrk 0 | out_comm | 496.39 ms
2023-04-13 13:01:14,310 - job0 - wrk 1 | in_comm | 267.71 ms
2023-04-13 13:01:14,310 - job0 - wrk 1 | out_comm | 491.81 ms
2023-04-13 13:01:14,311 - job0 - wrk 2 | in_comm | 324.37 ms
2023-04-13 13:01:14,311 - job0 - wrk 2 | out_comm | 491.94 ms
2023-04-13 13:01:14,311 - job0 - wrk 3 | in_comm | 372.69 ms
2023-04-13 13:01:14,312 - job0 - wrk 3 | out_comm | 482.44 ms
2023-04-13 13:01:14,312 - job0 - wrk 4 | in_comm | 388.56 ms
2023-04-13 13:01:14,312 - job0 - wrk 4 | out_comm | 482.05 ms
2023-04-13 13:01:14,313 - job0 - wrk 5 | in_comm | 299.22 ms
2023-04-13 13:01:14,313 - job0 - wrk 5 | out_comm | 492.89 ms
2023-04-13 13:01:14,313 - job0 - wrk 6 | in_comm | 288.45 ms
2023-04-13 13:01:14,314 - job0 - wrk 6 | out_comm | 492.50 ms
2023-04-13 13:01:14,314 - job0 - wrk 7 | in_comm | 293.19 ms
2023-04-13 13:01:14,314 - job0 - wrk 7 | out_comm | 484.78 ms
2023-04-13 13:01:14,315 - job0 - ps sending param
2023-04-13 13:01:17,282 - job0 - wrk 0 | in_comm | 352.68 ms
2023-04-13 13:01:17,289 - job0 - wrk 0 | out_comm | 452.24 ms
2023-04-13 13:01:17,289 - job0 - wrk 1 | in_comm | 268.17 ms
2023-04-13 13:01:17,290 - job0 - wrk 1 | out_comm | 459.59 ms
2023-04-13 13:01:17,290 - job0 - wrk 2 | in_comm | 287.98 ms
2023-04-13 13:01:17,291 - job0 - wrk 2 | out_comm | 454.11 ms
2023-04-13 13:01:17,291 - job0 - wrk 3 | in_comm | 287.45 ms
2023-04-13 13:01:17,292 - job0 - wrk 3 | out_comm | 463.56 ms
2023-04-13 13:01:17,292 - job0 - wrk 4 | in_comm | 354.08 ms
2023-04-13 13:01:17,292 - job0 - wrk 4 | out_comm | 450.44 ms
2023-04-13 13:01:17,293 - job0 - wrk 5 | in_comm | 268.44 ms
2023-04-13 13:01:17,293 - job0 - wrk 5 | out_comm | 465.31 ms
2023-04-13 13:01:17,294 - job0 - wrk 6 | in_comm | 261.04 ms
2023-04-13 13:01:17,294 - job0 - wrk 6 | out_comm | 456.98 ms
2023-04-13 13:01:17,295 - job0 - wrk 7 | in_comm | 295.63 ms
2023-04-13 13:01:17,295 - job0 - wrk 7 | out_comm | 456.27 ms
2023-04-13 13:01:17,295 - job0 - ps sending param
2023-04-13 13:01:20,280 - job0 - wrk 0 | in_comm | 345.52 ms
2023-04-13 13:01:20,280 - job0 - wrk 0 | out_comm | 489.12 ms
2023-04-13 13:01:20,280 - job0 - wrk 1 | in_comm | 274.62 ms
2023-04-13 13:01:20,281 - job0 - wrk 1 | out_comm | 490.64 ms
2023-04-13 13:01:20,281 - job0 - wrk 2 | in_comm | 269.67 ms
2023-04-13 13:01:20,281 - job0 - wrk 2 | out_comm | 484.33 ms
2023-04-13 13:01:20,281 - job0 - wrk 3 | in_comm | 284.96 ms
2023-04-13 13:01:20,283 - job0 - wrk 3 | out_comm | 491.01 ms
2023-04-13 13:01:20,283 - job0 - wrk 4 | in_comm | 299.98 ms
2023-04-13 13:01:20,283 - job0 - wrk 4 | out_comm | 479.22 ms
2023-04-13 13:01:20,284 - job0 - wrk 5 | in_comm | 281.70 ms
2023-04-13 13:01:20,284 - job0 - wrk 5 | out_comm | 490.66 ms
2023-04-13 13:01:20,284 - job0 - wrk 6 | in_comm | 214.68 ms
2023-04-13 13:01:20,285 - job0 - wrk 6 | out_comm | 485.73 ms
2023-04-13 13:01:20,286 - job0 - wrk 7 | in_comm | 277.60 ms
2023-04-13 13:01:20,286 - job0 - wrk 7 | out_comm | 481.02 ms
2023-04-13 13:01:20,287 - job0 - ps sending param
2023-04-13 13:01:23,263 - job0 - wrk 0 | in_comm | 331.79 ms
2023-04-13 13:01:23,263 - job0 - wrk 0 | out_comm | 505.21 ms
2023-04-13 13:01:23,263 - job0 - wrk 1 | in_comm | 248.51 ms
2023-04-13 13:01:23,263 - job0 - wrk 1 | out_comm | 501.82 ms
2023-04-13 13:01:23,263 - job0 - wrk 2 | in_comm | 249.38 ms
2023-04-13 13:01:23,264 - job0 - wrk 2 | out_comm | 498.89 ms
2023-04-13 13:01:23,264 - job0 - wrk 3 | in_comm | 243.82 ms
2023-04-13 13:01:23,264 - job0 - wrk 3 | out_comm | 494.12 ms
2023-04-13 13:01:23,264 - job0 - wrk 4 | in_comm | 364.95 ms
2023-04-13 13:01:23,264 - job0 - wrk 4 | out_comm | 494.70 ms
2023-04-13 13:01:23,264 - job0 - wrk 5 | in_comm | 277.64 ms
2023-04-13 13:01:23,264 - job0 - wrk 5 | out_comm | 495.90 ms
2023-04-13 13:01:23,265 - job0 - wrk 6 | in_comm | 260.52 ms
2023-04-13 13:01:23,265 - job0 - wrk 6 | out_comm | 502.07 ms
2023-04-13 13:01:23,265 - job0 - wrk 7 | in_comm | 277.89 ms
2023-04-13 13:01:23,265 - job0 - wrk 7 | out_comm | 499.14 ms
2023-04-13 13:01:23,265 - job0 - ps sending param
2023-04-13 13:01:26,283 - job0 - wrk 0 | in_comm | 356.98 ms
2023-04-13 13:01:26,289 - job0 - wrk 0 | out_comm | 552.87 ms
2023-04-13 13:01:26,290 - job0 - wrk 1 | in_comm | 264.75 ms
2023-04-13 13:01:26,290 - job0 - wrk 1 | out_comm | 557.40 ms
2023-04-13 13:01:26,290 - job0 - wrk 2 | in_comm | 286.18 ms
2023-04-13 13:01:26,291 - job0 - wrk 2 | out_comm | 557.93 ms
2023-04-13 13:01:26,291 - job0 - wrk 3 | in_comm | 309.12 ms
2023-04-13 13:01:26,291 - job0 - wrk 3 | out_comm | 561.51 ms
2023-04-13 13:01:26,292 - job0 - wrk 4 | in_comm | 375.07 ms
2023-04-13 13:01:26,292 - job0 - wrk 4 | out_comm | 565.66 ms
2023-04-13 13:01:26,292 - job0 - wrk 5 | in_comm | 268.89 ms
2023-04-13 13:01:26,293 - job0 - wrk 5 | out_comm | 553.94 ms
2023-04-13 13:01:26,293 - job0 - wrk 6 | in_comm | 243.80 ms
2023-04-13 13:01:26,294 - job0 - wrk 6 | out_comm | 561.86 ms
2023-04-13 13:01:26,294 - job0 - wrk 7 | in_comm | 296.39 ms
2023-04-13 13:01:26,294 - job0 - wrk 7 | out_comm | 557.13 ms
2023-04-13 13:01:26,295 - job0 - ps sending param
2023-04-13 13:01:29,224 - job0 - wrk 0 | in_comm | 424.96 ms
2023-04-13 13:01:29,230 - job0 - wrk 0 | out_comm | 461.92 ms
2023-04-13 13:01:29,231 - job0 - wrk 1 | in_comm | 254.64 ms
2023-04-13 13:01:29,231 - job0 - wrk 1 | out_comm | 471.32 ms
2023-04-13 13:01:29,232 - job0 - wrk 2 | in_comm | 255.80 ms
2023-04-13 13:01:29,232 - job0 - wrk 2 | out_comm | 465.94 ms
2023-04-13 13:01:29,232 - job0 - wrk 3 | in_comm | 310.91 ms
2023-04-13 13:01:29,234 - job0 - wrk 3 | out_comm | 463.01 ms
2023-04-13 13:01:29,234 - job0 - wrk 4 | in_comm | 346.35 ms
2023-04-13 13:01:29,235 - job0 - wrk 4 | out_comm | 472.85 ms
2023-04-13 13:01:29,235 - job0 - wrk 5 | in_comm | 252.89 ms
2023-04-13 13:01:29,236 - job0 - wrk 5 | out_comm | 467.46 ms
2023-04-13 13:01:29,236 - job0 - wrk 6 | in_comm | 230.93 ms
2023-04-13 13:01:29,236 - job0 - wrk 6 | out_comm | 470.45 ms
2023-04-13 13:01:29,237 - job0 - wrk 7 | in_comm | 283.47 ms
2023-04-13 13:01:29,237 - job0 - wrk 7 | out_comm | 465.13 ms
2023-04-13 13:01:29,238 - job0 - ps sending param
2023-04-13 13:01:32,193 - job0 - wrk 0 | in_comm | 251.79 ms
2023-04-13 13:01:32,193 - job0 - wrk 0 | out_comm | 467.99 ms
2023-04-13 13:01:32,193 - job0 - wrk 1 | in_comm | 201.77 ms
2023-04-13 13:01:32,193 - job0 - wrk 1 | out_comm | 462.62 ms
2023-04-13 13:01:32,194 - job0 - wrk 2 | in_comm | 364.88 ms
2023-04-13 13:01:32,194 - job0 - wrk 2 | out_comm | 461.49 ms
2023-04-13 13:01:32,194 - job0 - wrk 3 | in_comm | 264.63 ms
2023-04-13 13:01:32,194 - job0 - wrk 3 | out_comm | 459.99 ms
2023-04-13 13:01:32,194 - job0 - wrk 4 | in_comm | 291.75 ms
2023-04-13 13:01:32,194 - job0 - wrk 4 | out_comm | 458.01 ms
2023-04-13 13:01:32,194 - job0 - wrk 5 | in_comm | 217.64 ms
2023-04-13 13:01:32,194 - job0 - wrk 5 | out_comm | 465.43 ms
2023-04-13 13:01:32,194 - job0 - wrk 6 | in_comm | 235.21 ms
2023-04-13 13:01:32,195 - job0 - wrk 6 | out_comm | 465.23 ms
2023-04-13 13:01:32,195 - job0 - wrk 7 | in_comm | 272.02 ms
2023-04-13 13:01:32,195 - job0 - wrk 7 | out_comm | 460.13 ms
2023-04-13 13:01:32,195 - job0 - ps sending param
2023-04-13 13:01:35,107 - job0 - wrk 0 | in_comm | 326.06 ms
2023-04-13 13:01:35,107 - job0 - wrk 0 | out_comm | 423.63 ms
2023-04-13 13:01:35,119 - job0 - wrk 1 | in_comm | 282.07 ms
2023-04-13 13:01:35,119 - job0 - wrk 1 | out_comm | 430.34 ms
2023-04-13 13:01:35,119 - job0 - wrk 2 | in_comm | 316.28 ms
2023-04-13 13:01:35,119 - job0 - wrk 2 | out_comm | 426.09 ms
2023-04-13 13:01:35,119 - job0 - wrk 3 | in_comm | 341.29 ms
2023-04-13 13:01:35,119 - job0 - wrk 3 | out_comm | 421.30 ms
2023-04-13 13:01:35,119 - job0 - wrk 4 | in_comm | 306.54 ms
2023-04-13 13:01:35,119 - job0 - wrk 4 | out_comm | 417.76 ms
2023-04-13 13:01:35,119 - job0 - wrk 5 | in_comm | 285.19 ms
2023-04-13 13:01:35,120 - job0 - wrk 5 | out_comm | 422.31 ms
2023-04-13 13:01:35,120 - job0 - wrk 6 | in_comm | 294.94 ms
2023-04-13 13:01:35,120 - job0 - wrk 6 | out_comm | 425.22 ms
2023-04-13 13:01:35,120 - job0 - wrk 7 | in_comm | 424.12 ms
2023-04-13 13:01:35,120 - job0 - wrk 7 | out_comm | 419.28 ms
2023-04-13 13:01:35,120 - job0 - ps sending param
2023-04-13 13:01:38,115 - job0 - wrk 0 | in_comm | 314.55 ms
2023-04-13 13:01:38,115 - job0 - wrk 0 | out_comm | 418.92 ms
2023-04-13 13:01:38,121 - job0 - wrk 1 | in_comm | 270.58 ms
2023-04-13 13:01:38,121 - job0 - wrk 1 | out_comm | 422.84 ms
2023-04-13 13:01:38,122 - job0 - wrk 2 | in_comm | 350.65 ms
2023-04-13 13:01:38,122 - job0 - wrk 2 | out_comm | 420.10 ms
2023-04-13 13:01:38,123 - job0 - wrk 3 | in_comm | 364.99 ms
2023-04-13 13:01:38,123 - job0 - wrk 3 | out_comm | 416.02 ms
2023-04-13 13:01:38,123 - job0 - wrk 4 | in_comm | 428.97 ms
2023-04-13 13:01:38,124 - job0 - wrk 4 | out_comm | 421.39 ms
2023-04-13 13:01:38,124 - job0 - wrk 5 | in_comm | 316.59 ms
2023-04-13 13:01:38,124 - job0 - wrk 5 | out_comm | 421.51 ms
2023-04-13 13:01:38,125 - job0 - wrk 6 | in_comm | 300.42 ms
2023-04-13 13:01:38,125 - job0 - wrk 6 | out_comm | 425.63 ms
2023-04-13 13:01:38,125 - job0 - wrk 7 | in_comm | 376.97 ms
2023-04-13 13:01:38,126 - job0 - wrk 7 | out_comm | 426.69 ms
2023-04-13 13:01:38,126 - job0 - ps sending param
2023-04-13 13:01:41,143 - job0 - wrk 0 | in_comm | 348.66 ms
2023-04-13 13:01:41,143 - job0 - wrk 0 | out_comm | 534.27 ms
2023-04-13 13:01:41,143 - job0 - wrk 1 | in_comm | 269.73 ms
2023-04-13 13:01:41,143 - job0 - wrk 1 | out_comm | 538.05 ms
2023-04-13 13:01:41,143 - job0 - wrk 2 | in_comm | 293.88 ms
2023-04-13 13:01:41,144 - job0 - wrk 2 | out_comm | 533.62 ms
2023-04-13 13:01:41,144 - job0 - wrk 3 | in_comm | 377.47 ms
2023-04-13 13:01:41,144 - job0 - wrk 3 | out_comm | 531.52 ms
2023-04-13 13:01:41,144 - job0 - wrk 4 | in_comm | 417.29 ms
2023-04-13 13:01:41,144 - job0 - wrk 4 | out_comm | 538.43 ms
2023-04-13 13:01:41,144 - job0 - wrk 5 | in_comm | 287.57 ms
2023-04-13 13:01:41,144 - job0 - wrk 5 | out_comm | 541.50 ms
2023-04-13 13:01:41,144 - job0 - wrk 6 | in_comm | 272.34 ms
2023-04-13 13:01:41,144 - job0 - wrk 6 | out_comm | 537.53 ms
2023-04-13 13:01:41,145 - job0 - wrk 7 | in_comm | 322.33 ms
2023-04-13 13:01:41,145 - job0 - wrk 7 | out_comm | 530.47 ms
2023-04-13 13:01:41,145 - job0 - ps sending param
2023-04-13 13:01:44,243 - job0 - wrk 0 | in_comm | 406.06 ms
2023-04-13 13:01:44,250 - job0 - wrk 0 | out_comm | 468.69 ms
2023-04-13 13:01:44,250 - job0 - wrk 1 | in_comm | 358.13 ms
2023-04-13 13:01:44,251 - job0 - wrk 1 | out_comm | 473.62 ms
2023-04-13 13:01:44,251 - job0 - wrk 2 | in_comm | 410.15 ms
2023-04-13 13:01:44,252 - job0 - wrk 2 | out_comm | 473.39 ms
2023-04-13 13:01:44,252 - job0 - wrk 3 | in_comm | 405.57 ms
2023-04-13 13:01:44,253 - job0 - wrk 3 | out_comm | 477.17 ms
2023-04-13 13:01:44,253 - job0 - wrk 4 | in_comm | 405.95 ms
2023-04-13 13:01:44,254 - job0 - wrk 4 | out_comm | 477.97 ms
2023-04-13 13:01:44,254 - job0 - wrk 5 | in_comm | 365.16 ms
2023-04-13 13:01:44,254 - job0 - wrk 5 | out_comm | 476.54 ms
2023-04-13 13:01:44,255 - job0 - wrk 6 | in_comm | 317.58 ms
2023-04-13 13:01:44,255 - job0 - wrk 6 | out_comm | 473.35 ms
2023-04-13 13:01:44,256 - job0 - wrk 7 | in_comm | 471.73 ms
2023-04-13 13:01:44,256 - job0 - wrk 7 | out_comm | 469.96 ms
2023-04-13 13:01:44,257 - job0 - ps sending param
2023-04-13 13:01:47,153 - job0 - wrk 0 | in_comm | 261.15 ms
2023-04-13 13:01:47,154 - job0 - wrk 0 | out_comm | 459.50 ms
2023-04-13 13:01:47,154 - job0 - wrk 1 | in_comm | 227.93 ms
2023-04-13 13:01:47,154 - job0 - wrk 1 | out_comm | 465.40 ms
2023-04-13 13:01:47,154 - job0 - wrk 2 | in_comm | 236.70 ms
2023-04-13 13:01:47,154 - job0 - wrk 2 | out_comm | 460.17 ms
2023-04-13 13:01:47,154 - job0 - wrk 3 | in_comm | 286.21 ms
2023-04-13 13:01:47,155 - job0 - wrk 3 | out_comm | 460.53 ms
2023-04-13 13:01:47,155 - job0 - wrk 4 | in_comm | 303.12 ms
2023-04-13 13:01:47,155 - job0 - wrk 4 | out_comm | 456.37 ms
2023-04-13 13:01:47,155 - job0 - wrk 5 | in_comm | 234.92 ms
2023-04-13 13:01:47,155 - job0 - wrk 5 | out_comm | 469.35 ms
2023-04-13 13:01:47,155 - job0 - wrk 6 | in_comm | 224.38 ms
2023-04-13 13:01:47,155 - job0 - wrk 6 | out_comm | 461.76 ms
2023-04-13 13:01:47,155 - job0 - wrk 7 | in_comm | 330.64 ms
2023-04-13 13:01:47,155 - job0 - wrk 7 | out_comm | 468.13 ms
2023-04-13 13:01:47,155 - job0 - ps sending param
2023-04-13 13:01:50,104 - job0 - wrk 0 | in_comm | 286.19 ms
2023-04-13 13:01:50,104 - job0 - wrk 0 | out_comm | 457.61 ms
2023-04-13 13:01:50,104 - job0 - wrk 1 | in_comm | 266.40 ms
2023-04-13 13:01:50,105 - job0 - wrk 1 | out_comm | 457.99 ms
2023-04-13 13:01:50,105 - job0 - wrk 2 | in_comm | 258.57 ms
2023-04-13 13:01:50,105 - job0 - wrk 2 | out_comm | 452.40 ms
2023-04-13 13:01:50,105 - job0 - wrk 3 | in_comm | 315.85 ms
2023-04-13 13:01:50,106 - job0 - wrk 3 | out_comm | 446.69 ms
2023-04-13 13:01:50,106 - job0 - wrk 4 | in_comm | 100.59 ms
2023-04-13 13:01:50,106 - job0 - wrk 4 | out_comm | 445.07 ms
2023-04-13 13:01:50,107 - job0 - wrk 5 | in_comm | 272.49 ms
2023-04-13 13:01:50,107 - job0 - wrk 5 | out_comm | 457.73 ms
2023-04-13 13:01:50,108 - job0 - wrk 6 | in_comm | 237.91 ms
2023-04-13 13:01:50,108 - job0 - wrk 6 | out_comm | 457.77 ms
2023-04-13 13:01:50,108 - job0 - wrk 7 | in_comm | 313.63 ms
2023-04-13 13:01:50,109 - job0 - wrk 7 | out_comm | 453.62 ms
2023-04-13 13:01:50,109 - job0 - ps sending param
2023-04-13 13:01:53,110 - job0 - wrk 0 | in_comm | 314.31 ms
2023-04-13 13:01:53,117 - job0 - wrk 0 | out_comm | 523.91 ms
2023-04-13 13:01:53,118 - job0 - wrk 1 | in_comm | 287.04 ms
2023-04-13 13:01:53,118 - job0 - wrk 1 | out_comm | 528.12 ms
2023-04-13 13:01:53,119 - job0 - wrk 2 | in_comm | 289.83 ms
2023-04-13 13:01:53,119 - job0 - wrk 2 | out_comm | 526.79 ms
2023-04-13 13:01:53,119 - job0 - wrk 3 | in_comm | 317.36 ms
2023-04-13 13:01:53,120 - job0 - wrk 3 | out_comm | 534.38 ms
2023-04-13 13:01:53,120 - job0 - wrk 4 | in_comm | 400.61 ms
2023-04-13 13:01:53,121 - job0 - wrk 4 | out_comm | 521.86 ms
2023-04-13 13:01:53,121 - job0 - wrk 5 | in_comm | 354.33 ms
2023-04-13 13:01:53,122 - job0 - wrk 5 | out_comm | 524.24 ms
2023-04-13 13:01:53,122 - job0 - wrk 6 | in_comm | 186.45 ms
2023-04-13 13:01:53,122 - job0 - wrk 6 | out_comm | 531.39 ms
2023-04-13 13:01:53,123 - job0 - wrk 7 | in_comm | 332.85 ms
2023-04-13 13:01:53,123 - job0 - wrk 7 | out_comm | 529.77 ms
2023-04-13 13:01:53,124 - job0 - ps sending param
2023-04-13 13:01:56,116 - job0 - wrk 0 | in_comm | 275.81 ms
2023-04-13 13:01:56,116 - job0 - wrk 0 | out_comm | 498.33 ms
2023-04-13 13:01:56,116 - job0 - wrk 1 | in_comm | 267.86 ms
2023-04-13 13:01:56,116 - job0 - wrk 1 | out_comm | 501.52 ms
2023-04-13 13:01:56,116 - job0 - wrk 2 | in_comm | 250.34 ms
2023-04-13 13:01:56,116 - job0 - wrk 2 | out_comm | 501.22 ms
2023-04-13 13:01:56,116 - job0 - wrk 3 | in_comm | 278.44 ms
2023-04-13 13:01:56,116 - job0 - wrk 3 | out_comm | 496.94 ms
2023-04-13 13:01:56,117 - job0 - wrk 4 | in_comm | 321.34 ms
2023-04-13 13:01:56,117 - job0 - wrk 4 | out_comm | 503.72 ms
2023-04-13 13:01:56,117 - job0 - wrk 5 | in_comm | 260.12 ms
2023-04-13 13:01:56,117 - job0 - wrk 5 | out_comm | 504.61 ms
2023-04-13 13:01:56,117 - job0 - wrk 6 | in_comm | 195.17 ms
2023-04-13 13:01:56,117 - job0 - wrk 6 | out_comm | 505.75 ms
2023-04-13 13:01:56,117 - job0 - wrk 7 | in_comm | 272.06 ms
2023-04-13 13:01:56,117 - job0 - wrk 7 | out_comm | 495.31 ms
2023-04-13 13:01:56,117 - job0 - ps sending param
2023-04-13 13:01:59,152 - job0 - wrk 0 | in_comm | 388.35 ms
2023-04-13 13:01:59,158 - job0 - wrk 0 | out_comm | 494.92 ms
2023-04-13 13:01:59,159 - job0 - wrk 1 | in_comm | 361.27 ms
2023-04-13 13:01:59,159 - job0 - wrk 1 | out_comm | 503.32 ms
2023-04-13 13:01:59,160 - job0 - wrk 2 | in_comm | 364.50 ms
2023-04-13 13:01:59,160 - job0 - wrk 2 | out_comm | 498.78 ms
2023-04-13 13:01:59,160 - job0 - wrk 3 | in_comm | 388.98 ms
2023-04-13 13:01:59,161 - job0 - wrk 3 | out_comm | 493.67 ms
2023-04-13 13:01:59,161 - job0 - wrk 4 | in_comm | 442.60 ms
2023-04-13 13:01:59,161 - job0 - wrk 4 | out_comm | 504.98 ms
2023-04-13 13:01:59,162 - job0 - wrk 5 | in_comm | 376.21 ms
2023-04-13 13:01:59,162 - job0 - wrk 5 | out_comm | 497.92 ms
2023-04-13 13:01:59,163 - job0 - wrk 6 | in_comm | 318.66 ms
2023-04-13 13:01:59,163 - job0 - wrk 6 | out_comm | 503.64 ms
2023-04-13 13:01:59,163 - job0 - wrk 7 | in_comm | 402.85 ms
2023-04-13 13:01:59,164 - job0 - wrk 7 | out_comm | 496.92 ms
2023-04-13 13:01:59,164 - job0 - ps sending param
2023-04-13 13:02:02,087 - job0 - wrk 0 | in_comm | 385.10 ms
2023-04-13 13:02:02,087 - job0 - wrk 0 | out_comm | 411.07 ms
2023-04-13 13:02:02,087 - job0 - wrk 1 | in_comm | 320.71 ms
2023-04-13 13:02:02,087 - job0 - wrk 1 | out_comm | 416.89 ms
2023-04-13 13:02:02,087 - job0 - wrk 2 | in_comm | 341.13 ms
2023-04-13 13:02:02,087 - job0 - wrk 2 | out_comm | 414.35 ms
2023-04-13 13:02:02,088 - job0 - wrk 3 | in_comm | 349.65 ms
2023-04-13 13:02:02,088 - job0 - wrk 3 | out_comm | 422.78 ms
2023-04-13 13:02:02,088 - job0 - wrk 4 | in_comm | 462.24 ms
2023-04-13 13:02:02,088 - job0 - wrk 4 | out_comm | 422.61 ms
2023-04-13 13:02:02,088 - job0 - wrk 5 | in_comm | 348.95 ms
2023-04-13 13:02:02,088 - job0 - wrk 5 | out_comm | 414.50 ms
2023-04-13 13:02:02,088 - job0 - wrk 6 | in_comm | 310.24 ms
2023-04-13 13:02:02,088 - job0 - wrk 6 | out_comm | 418.48 ms
2023-04-13 13:02:02,088 - job0 - wrk 7 | in_comm | 349.29 ms
2023-04-13 13:02:02,089 - job0 - wrk 7 | out_comm | 409.82 ms
2023-04-13 13:02:02,089 - job0 - ps sending param
2023-04-13 13:02:05,132 - job0 - wrk 0 | in_comm | 260.47 ms
2023-04-13 13:02:05,132 - job0 - wrk 0 | out_comm | 537.37 ms
2023-04-13 13:02:05,147 - job0 - wrk 1 | in_comm | 279.92 ms
2023-04-13 13:02:05,147 - job0 - wrk 1 | out_comm | 542.90 ms
2023-04-13 13:02:05,147 - job0 - wrk 2 | in_comm | 251.58 ms
2023-04-13 13:02:05,147 - job0 - wrk 2 | out_comm | 546.49 ms
2023-04-13 13:02:05,148 - job0 - wrk 3 | in_comm | 260.14 ms
2023-04-13 13:02:05,148 - job0 - wrk 3 | out_comm | 540.03 ms
2023-04-13 13:02:05,148 - job0 - wrk 4 | in_comm | 283.98 ms
2023-04-13 13:02:05,148 - job0 - wrk 4 | out_comm | 545.38 ms
2023-04-13 13:02:05,148 - job0 - wrk 5 | in_comm | 255.23 ms
2023-04-13 13:02:05,148 - job0 - wrk 5 | out_comm | 537.86 ms
2023-04-13 13:02:05,148 - job0 - wrk 6 | in_comm | 274.47 ms
2023-04-13 13:02:05,148 - job0 - wrk 6 | out_comm | 544.19 ms
2023-04-13 13:02:05,148 - job0 - wrk 7 | in_comm | 382.00 ms
2023-04-13 13:02:05,148 - job0 - wrk 7 | out_comm | 541.08 ms
2023-04-13 13:02:05,149 - job0 - ps sending param
2023-04-13 13:02:08,062 - job0 - wrk 0 | in_comm | 366.58 ms
2023-04-13 13:02:08,068 - job0 - wrk 0 | out_comm | 421.22 ms
2023-04-13 13:02:08,068 - job0 - wrk 1 | in_comm | 290.51 ms
2023-04-13 13:02:08,068 - job0 - wrk 1 | out_comm | 429.57 ms
2023-04-13 13:02:08,069 - job0 - wrk 2 | in_comm | 319.94 ms
2023-04-13 13:02:08,069 - job0 - wrk 2 | out_comm | 421.80 ms
2023-04-13 13:02:08,069 - job0 - wrk 3 | in_comm | 344.23 ms
2023-04-13 13:02:08,070 - job0 - wrk 3 | out_comm | 421.53 ms
2023-04-13 13:02:08,070 - job0 - wrk 4 | in_comm | 380.16 ms
2023-04-13 13:02:08,071 - job0 - wrk 4 | out_comm | 418.47 ms
2023-04-13 13:02:08,071 - job0 - wrk 5 | in_comm | 299.95 ms
2023-04-13 13:02:08,071 - job0 - wrk 5 | out_comm | 423.13 ms
2023-04-13 13:02:08,072 - job0 - wrk 6 | in_comm | 287.36 ms
2023-04-13 13:02:08,072 - job0 - wrk 6 | out_comm | 429.29 ms
2023-04-13 13:02:08,072 - job0 - wrk 7 | in_comm | 346.44 ms
2023-04-13 13:02:08,073 - job0 - wrk 7 | out_comm | 430.05 ms
2023-04-13 13:02:08,073 - job0 - ps sending param
2023-04-13 13:02:10,933 - job0 - wrk 0 | in_comm | 276.80 ms
2023-04-13 13:02:10,937 - job0 - wrk 0 | out_comm | 427.33 ms
2023-04-13 13:02:10,938 - job0 - wrk 1 | in_comm | 188.21 ms
2023-04-13 13:02:10,938 - job0 - wrk 1 | out_comm | 431.25 ms
2023-04-13 13:02:10,939 - job0 - wrk 2 | in_comm | 228.21 ms
2023-04-13 13:02:10,939 - job0 - wrk 2 | out_comm | 428.28 ms
2023-04-13 13:02:10,940 - job0 - wrk 3 | in_comm | 239.90 ms
2023-04-13 13:02:10,940 - job0 - wrk 3 | out_comm | 428.12 ms
2023-04-13 13:02:10,941 - job0 - wrk 4 | in_comm | 298.54 ms
2023-04-13 13:02:10,941 - job0 - wrk 4 | out_comm | 423.05 ms
2023-04-13 13:02:10,941 - job0 - wrk 5 | in_comm | 196.21 ms
2023-04-13 13:02:10,942 - job0 - wrk 5 | out_comm | 430.61 ms
2023-04-13 13:02:10,942 - job0 - wrk 6 | in_comm | 162.89 ms
2023-04-13 13:02:10,943 - job0 - wrk 6 | out_comm | 430.01 ms
2023-04-13 13:02:10,943 - job0 - wrk 7 | in_comm | 255.51 ms
2023-04-13 13:02:10,944 - job0 - wrk 7 | out_comm | 428.00 ms
2023-04-13 13:02:10,944 - job0 - ps sending param
2023-04-13 13:02:13,857 - job0 - wrk 0 | in_comm | 313.23 ms
2023-04-13 13:02:13,857 - job0 - wrk 0 | out_comm | 484.46 ms
2023-04-13 13:02:13,857 - job0 - wrk 1 | in_comm | 238.55 ms
2023-04-13 13:02:13,858 - job0 - wrk 1 | out_comm | 480.24 ms
2023-04-13 13:02:13,858 - job0 - wrk 2 | in_comm | 232.49 ms
2023-04-13 13:02:13,858 - job0 - wrk 2 | out_comm | 477.62 ms
2023-04-13 13:02:13,858 - job0 - wrk 3 | in_comm | 260.44 ms
2023-04-13 13:02:13,858 - job0 - wrk 3 | out_comm | 476.76 ms
2023-04-13 13:02:13,858 - job0 - wrk 4 | in_comm | 215.60 ms
2023-04-13 13:02:13,858 - job0 - wrk 4 | out_comm | 481.80 ms
2023-04-13 13:02:13,858 - job0 - wrk 5 | in_comm | 220.60 ms
2023-04-13 13:02:13,858 - job0 - wrk 5 | out_comm | 479.83 ms
2023-04-13 13:02:13,859 - job0 - wrk 6 | in_comm | 214.26 ms
2023-04-13 13:02:13,859 - job0 - wrk 6 | out_comm | 480.31 ms
2023-04-13 13:02:13,859 - job0 - wrk 7 | in_comm | 255.77 ms
2023-04-13 13:02:13,859 - job0 - wrk 7 | out_comm | 473.78 ms
2023-04-13 13:02:13,859 - job0 - ps sending param
2023-04-13 13:02:16,883 - job0 - wrk 0 | in_comm | 396.67 ms
2023-04-13 13:02:16,883 - job0 - wrk 0 | out_comm | 483.75 ms
2023-04-13 13:02:16,893 - job0 - wrk 1 | in_comm | 291.62 ms
2023-04-13 13:02:16,894 - job0 - wrk 1 | out_comm | 477.72 ms
2023-04-13 13:02:16,894 - job0 - wrk 2 | in_comm | 322.18 ms
2023-04-13 13:02:16,895 - job0 - wrk 2 | out_comm | 473.49 ms
2023-04-13 13:02:16,895 - job0 - wrk 3 | in_comm | 339.93 ms
2023-04-13 13:02:16,896 - job0 - wrk 3 | out_comm | 469.76 ms
2023-04-13 13:02:16,896 - job0 - wrk 4 | in_comm | 319.35 ms
2023-04-13 13:02:16,897 - job0 - wrk 4 | out_comm | 481.33 ms
2023-04-13 13:02:16,897 - job0 - wrk 5 | in_comm | 323.88 ms
2023-04-13 13:02:16,898 - job0 - wrk 5 | out_comm | 482.30 ms
2023-04-13 13:02:16,898 - job0 - wrk 6 | in_comm | 288.03 ms
2023-04-13 13:02:16,898 - job0 - wrk 6 | out_comm | 482.04 ms
2023-04-13 13:02:16,899 - job0 - wrk 7 | in_comm | 342.43 ms
2023-04-13 13:02:16,899 - job0 - wrk 7 | out_comm | 472.42 ms
2023-04-13 13:02:16,900 - job0 - ps sending param
2023-04-13 13:02:19,806 - job0 - wrk 0 | in_comm | 400.53 ms
2023-04-13 13:02:19,810 - job0 - wrk 0 | out_comm | 416.26 ms
2023-04-13 13:02:19,810 - job0 - wrk 1 | in_comm | 304.31 ms
2023-04-13 13:02:19,811 - job0 - wrk 1 | out_comm | 412.83 ms
2023-04-13 13:02:19,811 - job0 - wrk 2 | in_comm | 299.95 ms
2023-04-13 13:02:19,811 - job0 - wrk 2 | out_comm | 410.17 ms
2023-04-13 13:02:19,812 - job0 - wrk 3 | in_comm | 340.87 ms
2023-04-13 13:02:19,812 - job0 - wrk 3 | out_comm | 408.18 ms
2023-04-13 13:02:19,812 - job0 - wrk 4 | in_comm | 347.69 ms
2023-04-13 13:02:19,813 - job0 - wrk 4 | out_comm | 409.81 ms
2023-04-13 13:02:19,813 - job0 - wrk 5 | in_comm | 288.41 ms
2023-04-13 13:02:19,814 - job0 - wrk 5 | out_comm | 413.09 ms
2023-04-13 13:02:19,814 - job0 - wrk 6 | in_comm | 218.89 ms
2023-04-13 13:02:19,814 - job0 - wrk 6 | out_comm | 414.70 ms
2023-04-13 13:02:19,815 - job0 - wrk 7 | in_comm | 359.73 ms
2023-04-13 13:02:19,815 - job0 - wrk 7 | out_comm | 406.29 ms
2023-04-13 13:02:19,815 - job0 - delay_wrk
2023-04-13 13:02:20,817 - job0 - ps sending param
2023-04-13 13:02:23,730 - job0 - wrk 0 | in_comm | 302.53 ms
2023-04-13 13:02:23,735 - job0 - wrk 0 | out_comm | 366.31 ms
2023-04-13 13:02:23,735 - job0 - wrk 1 | in_comm | 230.83 ms
2023-04-13 13:02:23,735 - job0 - wrk 1 | out_comm | 356.31 ms
2023-04-13 13:02:23,736 - job0 - wrk 2 | in_comm | 323.92 ms
2023-04-13 13:02:23,736 - job0 - wrk 2 | out_comm | 357.33 ms
2023-04-13 13:02:23,736 - job0 - wrk 3 | in_comm | 260.81 ms
2023-04-13 13:02:23,737 - job0 - wrk 3 | out_comm | 355.02 ms
2023-04-13 13:02:23,737 - job0 - wrk 4 | in_comm | 363.21 ms
2023-04-13 13:02:23,737 - job0 - wrk 4 | out_comm | 353.36 ms
2023-04-13 13:02:23,738 - job0 - wrk 5 | in_comm | 249.97 ms
2023-04-13 13:02:23,738 - job0 - wrk 5 | out_comm | 360.82 ms
2023-04-13 13:02:23,738 - job0 - wrk 6 | in_comm | 259.08 ms
2023-04-13 13:02:23,739 - job0 - wrk 6 | out_comm | 359.45 ms
2023-04-13 13:02:23,739 - job0 - wrk 7 | in_comm | 251.15 ms
2023-04-13 13:02:23,740 - job0 - wrk 7 | out_comm | 351.51 ms
2023-04-13 13:02:24,741 - job0 - ps sending param
2023-04-13 13:02:27,447 - job0 - wrk 0 | in_comm | 305.30 ms
2023-04-13 13:02:27,448 - job0 - wrk 0 | out_comm | 275.59 ms
2023-04-13 13:02:27,448 - job0 - wrk 1 | in_comm | 257.83 ms
2023-04-13 13:02:27,448 - job0 - wrk 1 | out_comm | 283.76 ms
2023-04-13 13:02:27,448 - job0 - wrk 2 | in_comm | 241.34 ms
2023-04-13 13:02:27,448 - job0 - wrk 2 | out_comm | 276.11 ms
2023-04-13 13:02:27,449 - job0 - wrk 3 | in_comm | 278.70 ms
2023-04-13 13:02:27,449 - job0 - wrk 3 | out_comm | 277.65 ms
2023-04-13 13:02:27,450 - job0 - wrk 4 | in_comm | 279.19 ms
2023-04-13 13:02:27,450 - job0 - wrk 4 | out_comm | 287.53 ms
2023-04-13 13:02:27,450 - job0 - wrk 5 | in_comm | 269.21 ms
2023-04-13 13:02:27,451 - job0 - wrk 5 | out_comm | 280.69 ms
2023-04-13 13:02:27,451 - job0 - wrk 6 | in_comm | 202.83 ms
2023-04-13 13:02:27,451 - job0 - wrk 6 | out_comm | 277.21 ms
2023-04-13 13:02:27,452 - job0 - wrk 7 | in_comm | 263.26 ms
2023-04-13 13:02:27,452 - job0 - wrk 7 | out_comm | 280.17 ms
2023-04-13 13:02:28,453 - job0 - ps sending param
2023-04-13 13:02:31,319 - job0 - wrk 0 | in_comm | 396.08 ms
2023-04-13 13:02:31,324 - job0 - wrk 0 | out_comm | 360.35 ms
2023-04-13 13:02:31,324 - job0 - wrk 1 | in_comm | 307.64 ms
2023-04-13 13:02:31,325 - job0 - wrk 1 | out_comm | 365.77 ms
2023-04-13 13:02:31,325 - job0 - wrk 2 | in_comm | 293.62 ms
2023-04-13 13:02:31,326 - job0 - wrk 2 | out_comm | 368.34 ms
2023-04-13 13:02:31,326 - job0 - wrk 3 | in_comm | 344.44 ms
2023-04-13 13:02:31,327 - job0 - wrk 3 | out_comm | 361.93 ms
2023-04-13 13:02:31,327 - job0 - wrk 4 | in_comm | 296.41 ms
2023-04-13 13:02:31,327 - job0 - wrk 4 | out_comm | 373.28 ms
2023-04-13 13:02:31,328 - job0 - wrk 5 | in_comm | 265.94 ms
2023-04-13 13:02:31,328 - job0 - wrk 5 | out_comm | 365.90 ms
2023-04-13 13:02:31,329 - job0 - wrk 6 | in_comm | 240.61 ms
2023-04-13 13:02:31,329 - job0 - wrk 6 | out_comm | 372.03 ms
2023-04-13 13:02:31,330 - job0 - wrk 7 | in_comm | 359.00 ms
2023-04-13 13:02:31,330 - job0 - wrk 7 | out_comm | 364.48 ms
2023-04-13 13:02:32,331 - job0 - ps sending param
2023-04-13 13:02:35,197 - job0 - wrk 0 | in_comm | 307.19 ms
2023-04-13 13:02:35,209 - job0 - wrk 0 | out_comm | 340.34 ms
2023-04-13 13:02:35,209 - job0 - wrk 1 | in_comm | 286.87 ms
2023-04-13 13:02:35,210 - job0 - wrk 1 | out_comm | 336.54 ms
2023-04-13 13:02:35,211 - job0 - wrk 2 | in_comm | 256.45 ms
2023-04-13 13:02:35,211 - job0 - wrk 2 | out_comm | 343.44 ms
2023-04-13 13:02:35,212 - job0 - wrk 3 | in_comm | 273.90 ms
2023-04-13 13:02:35,212 - job0 - wrk 3 | out_comm | 342.78 ms
2023-04-13 13:02:35,213 - job0 - wrk 4 | in_comm | 297.75 ms
2023-04-13 13:02:35,214 - job0 - wrk 4 | out_comm | 336.67 ms
2023-04-13 13:02:35,215 - job0 - wrk 5 | in_comm | 290.40 ms
2023-04-13 13:02:35,215 - job0 - wrk 5 | out_comm | 334.75 ms
2023-04-13 13:02:35,216 - job0 - wrk 6 | in_comm | 218.34 ms
2023-04-13 13:02:35,216 - job0 - wrk 6 | out_comm | 338.04 ms
2023-04-13 13:02:35,217 - job0 - wrk 7 | in_comm | 342.09 ms
2023-04-13 13:02:35,217 - job0 - wrk 7 | out_comm | 332.28 ms
2023-04-13 13:02:36,219 - job0 - ps sending param
2023-04-13 13:02:39,096 - job0 - wrk 0 | in_comm | 462.70 ms
2023-04-13 13:02:39,096 - job0 - wrk 0 | out_comm | 318.33 ms
2023-04-13 13:02:39,096 - job0 - wrk 1 | in_comm | 380.69 ms
2023-04-13 13:02:39,096 - job0 - wrk 1 | out_comm | 318.98 ms
2023-04-13 13:02:39,096 - job0 - wrk 2 | in_comm | 352.47 ms
2023-04-13 13:02:39,096 - job0 - wrk 2 | out_comm | 328.42 ms
2023-04-13 13:02:39,096 - job0 - wrk 3 | in_comm | 408.37 ms
2023-04-13 13:02:39,096 - job0 - wrk 3 | out_comm | 320.42 ms
2023-04-13 13:02:39,097 - job0 - wrk 4 | in_comm | 411.21 ms
2023-04-13 13:02:39,097 - job0 - wrk 4 | out_comm | 329.11 ms
2023-04-13 13:02:39,097 - job0 - wrk 5 | in_comm | 365.00 ms
2023-04-13 13:02:39,097 - job0 - wrk 5 | out_comm | 328.02 ms
2023-04-13 13:02:39,097 - job0 - wrk 6 | in_comm | 292.47 ms
2023-04-13 13:02:39,097 - job0 - wrk 6 | out_comm | 327.42 ms
2023-04-13 13:02:39,097 - job0 - wrk 7 | in_comm | 419.65 ms
2023-04-13 13:02:39,097 - job0 - wrk 7 | out_comm | 322.49 ms
2023-04-13 13:02:40,098 - job0 - ps sending param
2023-04-13 13:02:43,015 - job0 - wrk 0 | in_comm | 396.40 ms
2023-04-13 13:02:43,015 - job0 - wrk 0 | out_comm | 374.55 ms
2023-04-13 13:02:43,015 - job0 - wrk 1 | in_comm | 291.52 ms
2023-04-13 13:02:43,015 - job0 - wrk 1 | out_comm | 370.76 ms
2023-04-13 13:02:43,015 - job0 - wrk 2 | in_comm | 289.60 ms
2023-04-13 13:02:43,015 - job0 - wrk 2 | out_comm | 371.95 ms
2023-04-13 13:02:43,015 - job0 - wrk 3 | in_comm | 338.31 ms
2023-04-13 13:02:43,015 - job0 - wrk 3 | out_comm | 368.79 ms
2023-04-13 13:02:43,016 - job0 - wrk 4 | in_comm | 324.65 ms
2023-04-13 13:02:43,016 - job0 - wrk 4 | out_comm | 379.51 ms
2023-04-13 13:02:43,016 - job0 - wrk 5 | in_comm | 301.97 ms
2023-04-13 13:02:43,016 - job0 - wrk 5 | out_comm | 373.39 ms
2023-04-13 13:02:43,016 - job0 - wrk 6 | in_comm | 268.96 ms
2023-04-13 13:02:43,016 - job0 - wrk 6 | out_comm | 374.39 ms
2023-04-13 13:02:43,016 - job0 - wrk 7 | in_comm | 304.73 ms
2023-04-13 13:02:43,016 - job0 - wrk 7 | out_comm | 366.74 ms
2023-04-13 13:02:44,017 - job0 - ps sending param
2023-04-13 13:02:46,901 - job0 - wrk 0 | in_comm | 435.53 ms
2023-04-13 13:02:46,902 - job0 - wrk 0 | out_comm | 328.54 ms
2023-04-13 13:02:46,902 - job0 - wrk 1 | in_comm | 336.71 ms
2023-04-13 13:02:46,903 - job0 - wrk 1 | out_comm | 332.52 ms
2023-04-13 13:02:46,903 - job0 - wrk 2 | in_comm | 363.41 ms
2023-04-13 13:02:46,904 - job0 - wrk 2 | out_comm | 332.39 ms
2023-04-13 13:02:46,904 - job0 - wrk 3 | in_comm | 374.77 ms
2023-04-13 13:02:46,904 - job0 - wrk 3 | out_comm | 320.21 ms
2023-04-13 13:02:46,905 - job0 - wrk 4 | in_comm | 433.76 ms
2023-04-13 13:02:46,905 - job0 - wrk 4 | out_comm | 321.96 ms
2023-04-13 13:02:46,906 - job0 - wrk 5 | in_comm | 360.91 ms
2023-04-13 13:02:46,906 - job0 - wrk 5 | out_comm | 325.03 ms
2023-04-13 13:02:46,906 - job0 - wrk 6 | in_comm | 323.34 ms
2023-04-13 13:02:46,907 - job0 - wrk 6 | out_comm | 333.06 ms
2023-04-13 13:02:46,907 - job0 - wrk 7 | in_comm | 384.63 ms
2023-04-13 13:02:46,908 - job0 - wrk 7 | out_comm | 332.11 ms
2023-04-13 13:02:47,909 - job0 - ps sending param
2023-04-13 13:02:50,648 - job0 - wrk 0 | in_comm | 310.64 ms
2023-04-13 13:02:50,652 - job0 - wrk 0 | out_comm | 276.60 ms
2023-04-13 13:02:50,653 - job0 - wrk 1 | in_comm | 203.30 ms
2023-04-13 13:02:50,654 - job0 - wrk 1 | out_comm | 276.49 ms
2023-04-13 13:02:50,654 - job0 - wrk 2 | in_comm | 224.66 ms
2023-04-13 13:02:50,655 - job0 - wrk 2 | out_comm | 272.22 ms
2023-04-13 13:02:50,655 - job0 - wrk 3 | in_comm | 251.89 ms
2023-04-13 13:02:50,656 - job0 - wrk 3 | out_comm | 270.86 ms
2023-04-13 13:02:50,656 - job0 - wrk 4 | in_comm | 253.07 ms
2023-04-13 13:02:50,657 - job0 - wrk 4 | out_comm | 277.69 ms
2023-04-13 13:02:50,657 - job0 - wrk 5 | in_comm | 243.63 ms
2023-04-13 13:02:50,658 - job0 - wrk 5 | out_comm | 273.52 ms
2023-04-13 13:02:50,658 - job0 - wrk 6 | in_comm | 180.11 ms
2023-04-13 13:02:50,658 - job0 - wrk 6 | out_comm | 275.69 ms
2023-04-13 13:02:50,659 - job0 - wrk 7 | in_comm | 344.23 ms
2023-04-13 13:02:50,659 - job0 - wrk 7 | out_comm | 270.82 ms
2023-04-13 13:02:51,661 - job0 - ps sending param
2023-04-13 13:02:54,570 - job0 - wrk 0 | in_comm | 448.48 ms
2023-04-13 13:02:54,570 - job0 - wrk 0 | out_comm | 382.18 ms
2023-04-13 13:02:54,582 - job0 - wrk 1 | in_comm | 353.68 ms
2023-04-13 13:02:54,582 - job0 - wrk 1 | out_comm | 379.60 ms
2023-04-13 13:02:54,583 - job0 - wrk 2 | in_comm | 317.69 ms
2023-04-13 13:02:54,583 - job0 - wrk 2 | out_comm | 376.52 ms
2023-04-13 13:02:54,584 - job0 - wrk 3 | in_comm | 387.87 ms
2023-04-13 13:02:54,584 - job0 - wrk 3 | out_comm | 368.72 ms
2023-04-13 13:02:54,585 - job0 - wrk 4 | in_comm | 400.48 ms
2023-04-13 13:02:54,585 - job0 - wrk 4 | out_comm | 374.55 ms
2023-04-13 13:02:54,586 - job0 - wrk 5 | in_comm | 337.87 ms
2023-04-13 13:02:54,586 - job0 - wrk 5 | out_comm | 371.52 ms
2023-04-13 13:02:54,586 - job0 - wrk 6 | in_comm | 295.94 ms
2023-04-13 13:02:54,587 - job0 - wrk 6 | out_comm | 376.80 ms
2023-04-13 13:02:54,587 - job0 - wrk 7 | in_comm | 387.22 ms
2023-04-13 13:02:54,588 - job0 - wrk 7 | out_comm | 378.44 ms
2023-04-13 13:02:55,589 - job0 - ps sending param
2023-04-13 13:02:58,521 - job0 - wrk 0 | in_comm | 402.03 ms
2023-04-13 13:02:58,528 - job0 - wrk 0 | out_comm | 354.20 ms
2023-04-13 13:02:58,528 - job0 - wrk 1 | in_comm | 307.11 ms
2023-04-13 13:02:58,529 - job0 - wrk 1 | out_comm | 348.26 ms
2023-04-13 13:02:58,530 - job0 - wrk 2 | in_comm | 337.90 ms
2023-04-13 13:02:58,530 - job0 - wrk 2 | out_comm | 348.53 ms
2023-04-13 13:02:58,530 - job0 - wrk 3 | in_comm | 359.91 ms
2023-04-13 13:02:58,531 - job0 - wrk 3 | out_comm | 346.82 ms
2023-04-13 13:02:58,531 - job0 - wrk 4 | in_comm | 380.23 ms
2023-04-13 13:02:58,532 - job0 - wrk 4 | out_comm | 342.32 ms
2023-04-13 13:02:58,532 - job0 - wrk 5 | in_comm | 340.85 ms
2023-04-13 13:02:58,533 - job0 - wrk 5 | out_comm | 351.79 ms
2023-04-13 13:02:58,533 - job0 - wrk 6 | in_comm | 299.08 ms
2023-04-13 13:02:58,534 - job0 - wrk 6 | out_comm | 350.60 ms
2023-04-13 13:02:58,534 - job0 - wrk 7 | in_comm | 406.49 ms
2023-04-13 13:02:58,534 - job0 - wrk 7 | out_comm | 344.52 ms
2023-04-13 13:02:59,536 - job0 - ps sending param
2023-04-13 13:03:02,343 - job0 - wrk 0 | in_comm | 383.29 ms
2023-04-13 13:03:02,350 - job0 - wrk 0 | out_comm | 339.45 ms
2023-04-13 13:03:02,350 - job0 - wrk 1 | in_comm | 277.99 ms
2023-04-13 13:03:02,351 - job0 - wrk 1 | out_comm | 336.96 ms
2023-04-13 13:03:02,351 - job0 - wrk 2 | in_comm | 300.59 ms
2023-04-13 13:03:02,352 - job0 - wrk 2 | out_comm | 335.74 ms
2023-04-13 13:03:02,352 - job0 - wrk 3 | in_comm | 341.47 ms
2023-04-13 13:03:02,353 - job0 - wrk 3 | out_comm | 332.02 ms
2023-04-13 13:03:02,354 - job0 - wrk 4 | in_comm | 357.34 ms
2023-04-13 13:03:02,355 - job0 - wrk 4 | out_comm | 331.67 ms
2023-04-13 13:03:02,355 - job0 - wrk 5 | in_comm | 334.22 ms
2023-04-13 13:03:02,356 - job0 - wrk 5 | out_comm | 335.30 ms
2023-04-13 13:03:02,356 - job0 - wrk 6 | in_comm | 243.16 ms
2023-04-13 13:03:02,357 - job0 - wrk 6 | out_comm | 336.98 ms
2023-04-13 13:03:02,357 - job0 - wrk 7 | in_comm | 343.82 ms
2023-04-13 13:03:02,358 - job0 - wrk 7 | out_comm | 341.75 ms
2023-04-13 13:03:03,359 - job0 - ps sending param
2023-04-13 13:03:06,183 - job0 - wrk 0 | in_comm | 352.21 ms
2023-04-13 13:03:06,183 - job0 - wrk 0 | out_comm | 343.46 ms
2023-04-13 13:03:06,183 - job0 - wrk 1 | in_comm | 289.90 ms
2023-04-13 13:03:06,183 - job0 - wrk 1 | out_comm | 341.87 ms
2023-04-13 13:03:06,183 - job0 - wrk 2 | in_comm | 246.37 ms
2023-04-13 13:03:06,184 - job0 - wrk 2 | out_comm | 346.83 ms
2023-04-13 13:03:06,184 - job0 - wrk 3 | in_comm | 270.24 ms
2023-04-13 13:03:06,184 - job0 - wrk 3 | out_comm | 337.54 ms
2023-04-13 13:03:06,184 - job0 - wrk 4 | in_comm | 317.73 ms
2023-04-13 13:03:06,184 - job0 - wrk 4 | out_comm | 333.92 ms
2023-04-13 13:03:06,184 - job0 - wrk 5 | in_comm | 250.10 ms
2023-04-13 13:03:06,184 - job0 - wrk 5 | out_comm | 341.14 ms
2023-04-13 13:03:06,184 - job0 - wrk 6 | in_comm | 192.45 ms
2023-04-13 13:03:06,184 - job0 - wrk 6 | out_comm | 344.38 ms
2023-04-13 13:03:06,185 - job0 - wrk 7 | in_comm | 356.39 ms
2023-04-13 13:03:06,185 - job0 - wrk 7 | out_comm | 337.10 ms
2023-04-13 13:03:07,186 - job0 - ps sending param
2023-04-13 13:03:09,959 - job0 - wrk 0 | in_comm | 292.93 ms
2023-04-13 13:03:09,966 - job0 - wrk 0 | out_comm | 391.34 ms
2023-04-13 13:03:09,966 - job0 - wrk 1 | in_comm | 243.16 ms
2023-04-13 13:03:09,966 - job0 - wrk 1 | out_comm | 387.54 ms
2023-04-13 13:03:09,967 - job0 - wrk 2 | in_comm | 277.85 ms
2023-04-13 13:03:09,967 - job0 - wrk 2 | out_comm | 394.01 ms
2023-04-13 13:03:09,968 - job0 - wrk 3 | in_comm | 237.86 ms
2023-04-13 13:03:09,968 - job0 - wrk 3 | out_comm | 385.93 ms
2023-04-13 13:03:09,968 - job0 - wrk 4 | in_comm | 292.73 ms
2023-04-13 13:03:09,969 - job0 - wrk 4 | out_comm | 384.16 ms
2023-04-13 13:03:09,969 - job0 - wrk 5 | in_comm | 242.71 ms
2023-04-13 13:03:09,969 - job0 - wrk 5 | out_comm | 386.50 ms
2023-04-13 13:03:09,970 - job0 - wrk 6 | in_comm | 238.65 ms
2023-04-13 13:03:09,970 - job0 - wrk 6 | out_comm | 388.10 ms
2023-04-13 13:03:09,970 - job0 - wrk 7 | in_comm | 342.44 ms
2023-04-13 13:03:09,971 - job0 - wrk 7 | out_comm | 393.27 ms
2023-04-13 13:03:10,972 - job0 - ps sending param
2023-04-13 13:03:13,814 - job0 - wrk 0 | in_comm | 419.93 ms
2023-04-13 13:03:13,814 - job0 - wrk 0 | out_comm | 338.73 ms
2023-04-13 13:03:13,815 - job0 - wrk 1 | in_comm | 331.95 ms
2023-04-13 13:03:13,815 - job0 - wrk 1 | out_comm | 344.26 ms
2023-04-13 13:03:13,815 - job0 - wrk 2 | in_comm | 348.08 ms
2023-04-13 13:03:13,815 - job0 - wrk 2 | out_comm | 341.62 ms
2023-04-13 13:03:13,815 - job0 - wrk 3 | in_comm | 358.10 ms
2023-04-13 13:03:13,815 - job0 - wrk 3 | out_comm | 343.93 ms
2023-04-13 13:03:13,815 - job0 - wrk 4 | in_comm | 360.69 ms
2023-04-13 13:03:13,816 - job0 - wrk 4 | out_comm | 337.18 ms
2023-04-13 13:03:13,816 - job0 - wrk 5 | in_comm | 333.36 ms
2023-04-13 13:03:13,816 - job0 - wrk 5 | out_comm | 343.48 ms
2023-04-13 13:03:13,817 - job0 - wrk 6 | in_comm | 292.98 ms
2023-04-13 13:03:13,817 - job0 - wrk 6 | out_comm | 344.11 ms
2023-04-13 13:03:13,817 - job0 - wrk 7 | in_comm | 367.39 ms
2023-04-13 13:03:13,818 - job0 - wrk 7 | out_comm | 345.61 ms
2023-04-13 13:03:14,819 - job0 - ps sending param
2023-04-13 13:03:17,723 - job0 - wrk 0 | in_comm | 360.17 ms
2023-04-13 13:03:17,730 - job0 - wrk 0 | out_comm | 377.41 ms
2023-04-13 13:03:17,730 - job0 - wrk 1 | in_comm | 271.21 ms
2023-04-13 13:03:17,731 - job0 - wrk 1 | out_comm | 371.04 ms
2023-04-13 13:03:17,731 - job0 - wrk 2 | in_comm | 311.56 ms
2023-04-13 13:03:17,731 - job0 - wrk 2 | out_comm | 374.23 ms
2023-04-13 13:03:17,732 - job0 - wrk 3 | in_comm | 354.42 ms
2023-04-13 13:03:17,732 - job0 - wrk 3 | out_comm | 367.70 ms
2023-04-13 13:03:17,732 - job0 - wrk 4 | in_comm | 389.45 ms
2023-04-13 13:03:17,733 - job0 - wrk 4 | out_comm | 368.12 ms
2023-04-13 13:03:17,733 - job0 - wrk 5 | in_comm | 300.90 ms
2023-04-13 13:03:17,734 - job0 - wrk 5 | out_comm | 371.26 ms
2023-04-13 13:03:17,734 - job0 - wrk 6 | in_comm | 256.49 ms
2023-04-13 13:03:17,734 - job0 - wrk 6 | out_comm | 371.57 ms
2023-04-13 13:03:17,735 - job0 - wrk 7 | in_comm | 314.35 ms
2023-04-13 13:03:17,735 - job0 - wrk 7 | out_comm | 365.88 ms
2023-04-13 13:03:18,736 - job0 - ps sending param
2023-04-13 13:03:21,683 - job0 - wrk 0 | in_comm | 349.51 ms
2023-04-13 13:03:21,689 - job0 - wrk 0 | out_comm | 449.42 ms
2023-04-13 13:03:21,690 - job0 - wrk 1 | in_comm | 314.35 ms
2023-04-13 13:03:21,690 - job0 - wrk 1 | out_comm | 456.09 ms
2023-04-13 13:03:21,690 - job0 - wrk 2 | in_comm | 268.99 ms
2023-04-13 13:03:21,691 - job0 - wrk 2 | out_comm | 454.91 ms
2023-04-13 13:03:21,691 - job0 - wrk 3 | in_comm | 340.28 ms
2023-04-13 13:03:21,692 - job0 - wrk 3 | out_comm | 458.86 ms
2023-04-13 13:03:21,692 - job0 - wrk 4 | in_comm | 330.99 ms
2023-04-13 13:03:21,692 - job0 - wrk 4 | out_comm | 461.74 ms
2023-04-13 13:03:21,693 - job0 - wrk 5 | in_comm | 318.35 ms
2023-04-13 13:03:21,693 - job0 - wrk 5 | out_comm | 461.66 ms
2023-04-13 13:03:21,693 - job0 - wrk 6 | in_comm | 284.98 ms
2023-04-13 13:03:21,694 - job0 - wrk 6 | out_comm | 457.51 ms
2023-04-13 13:03:21,694 - job0 - wrk 7 | in_comm | 429.14 ms
2023-04-13 13:03:21,694 - job0 - wrk 7 | out_comm | 451.71 ms
2023-04-13 13:03:22,696 - job0 - ps sending param
2023-04-13 13:03:25,515 - job0 - wrk 0 | in_comm | 382.46 ms
2023-04-13 13:03:25,521 - job0 - wrk 0 | out_comm | 285.32 ms
2023-04-13 13:03:25,522 - job0 - wrk 1 | in_comm | 317.07 ms
2023-04-13 13:03:25,522 - job0 - wrk 1 | out_comm | 295.37 ms
2023-04-13 13:03:25,522 - job0 - wrk 2 | in_comm | 290.34 ms
2023-04-13 13:03:25,523 - job0 - wrk 2 | out_comm | 293.53 ms
2023-04-13 13:03:25,523 - job0 - wrk 3 | in_comm | 346.41 ms
2023-04-13 13:03:25,523 - job0 - wrk 3 | out_comm | 288.49 ms
2023-04-13 13:03:25,524 - job0 - wrk 4 | in_comm | 380.59 ms
2023-04-13 13:03:25,525 - job0 - wrk 4 | out_comm | 292.00 ms
2023-04-13 13:03:25,525 - job0 - wrk 5 | in_comm | 317.99 ms
2023-04-13 13:03:25,526 - job0 - wrk 5 | out_comm | 291.19 ms
2023-04-13 13:03:25,526 - job0 - wrk 6 | in_comm | 331.06 ms
2023-04-13 13:03:25,527 - job0 - wrk 6 | out_comm | 291.15 ms
2023-04-13 13:03:25,527 - job0 - wrk 7 | in_comm | 344.27 ms
2023-04-13 13:03:25,528 - job0 - wrk 7 | out_comm | 296.55 ms
2023-04-13 13:03:26,530 - job0 - ps sending param
2023-04-13 13:03:29,345 - job0 - wrk 0 | in_comm | 339.82 ms
2023-04-13 13:03:29,352 - job0 - wrk 0 | out_comm | 339.51 ms
2023-04-13 13:03:29,352 - job0 - wrk 1 | in_comm | 250.76 ms
2023-04-13 13:03:29,353 - job0 - wrk 1 | out_comm | 347.26 ms
2023-04-13 13:03:29,353 - job0 - wrk 2 | in_comm | 247.97 ms
2023-04-13 13:03:29,354 - job0 - wrk 2 | out_comm | 348.88 ms
2023-04-13 13:03:29,354 - job0 - wrk 3 | in_comm | 304.77 ms
2023-04-13 13:03:29,354 - job0 - wrk 3 | out_comm | 345.12 ms
2023-04-13 13:03:29,355 - job0 - wrk 4 | in_comm | 352.94 ms
2023-04-13 13:03:29,355 - job0 - wrk 4 | out_comm | 340.78 ms
2023-04-13 13:03:29,356 - job0 - wrk 5 | in_comm | 251.06 ms
2023-04-13 13:03:29,356 - job0 - wrk 5 | out_comm | 345.97 ms
2023-04-13 13:03:29,356 - job0 - wrk 6 | in_comm | 252.51 ms
2023-04-13 13:03:29,357 - job0 - wrk 6 | out_comm | 348.31 ms
2023-04-13 13:03:29,357 - job0 - wrk 7 | in_comm | 320.31 ms
2023-04-13 13:03:29,357 - job0 - wrk 7 | out_comm | 345.63 ms
2023-04-13 13:03:30,359 - job0 - ps sending param
2023-04-13 13:03:33,195 - job0 - wrk 0 | in_comm | 329.52 ms
2023-04-13 13:03:33,196 - job0 - wrk 0 | out_comm | 339.59 ms
2023-04-13 13:03:33,197 - job0 - wrk 1 | in_comm | 272.02 ms
2023-04-13 13:03:33,197 - job0 - wrk 1 | out_comm | 337.59 ms
2023-04-13 13:03:33,197 - job0 - wrk 2 | in_comm | 284.17 ms
2023-04-13 13:03:33,198 - job0 - wrk 2 | out_comm | 342.51 ms
2023-04-13 13:03:33,198 - job0 - wrk 3 | in_comm | 305.81 ms
2023-04-13 13:03:33,198 - job0 - wrk 3 | out_comm | 333.18 ms
2023-04-13 13:03:33,199 - job0 - wrk 4 | in_comm | 396.67 ms
2023-04-13 13:03:33,199 - job0 - wrk 4 | out_comm | 333.15 ms
2023-04-13 13:03:33,199 - job0 - wrk 5 | in_comm | 280.82 ms
2023-04-13 13:03:33,200 - job0 - wrk 5 | out_comm | 338.95 ms
2023-04-13 13:03:33,200 - job0 - wrk 6 | in_comm | 283.59 ms
2023-04-13 13:03:33,200 - job0 - wrk 6 | out_comm | 339.84 ms
2023-04-13 13:03:33,201 - job0 - wrk 7 | in_comm | 320.52 ms
2023-04-13 13:03:33,201 - job0 - wrk 7 | out_comm | 333.39 ms
2023-04-13 13:03:34,202 - job0 - ps sending param
2023-04-13 13:03:37,050 - job0 - wrk 0 | in_comm | 410.11 ms
2023-04-13 13:03:37,056 - job0 - wrk 0 | out_comm | 346.08 ms
2023-04-13 13:03:37,057 - job0 - wrk 1 | in_comm | 300.22 ms
2023-04-13 13:03:37,057 - job0 - wrk 1 | out_comm | 353.43 ms
2023-04-13 13:03:37,058 - job0 - wrk 2 | in_comm | 299.63 ms
2023-04-13 13:03:37,058 - job0 - wrk 2 | out_comm | 350.76 ms
2023-04-13 13:03:37,058 - job0 - wrk 3 | in_comm | 345.55 ms
2023-04-13 13:03:37,059 - job0 - wrk 3 | out_comm | 349.14 ms
2023-04-13 13:03:37,059 - job0 - wrk 4 | in_comm | 354.17 ms
2023-04-13 13:03:37,060 - job0 - wrk 4 | out_comm | 356.90 ms
2023-04-13 13:03:37,060 - job0 - wrk 5 | in_comm | 326.53 ms
2023-04-13 13:03:37,061 - job0 - wrk 5 | out_comm | 351.89 ms
2023-04-13 13:03:37,062 - job0 - wrk 6 | in_comm | 279.27 ms
2023-04-13 13:03:37,062 - job0 - wrk 6 | out_comm | 356.36 ms
2023-04-13 13:03:37,063 - job0 - wrk 7 | in_comm | 328.03 ms
2023-04-13 13:03:37,064 - job0 - wrk 7 | out_comm | 347.79 ms
2023-04-13 13:03:38,065 - job0 - ps sending param
